{"C:\\Users\\jonat\\CascadeProjects\\vex-app-old\\src\\onboarding.ts": {"path":"C:\\Users\\jonat\\CascadeProjects\\vex-app-old\\src\\onboarding.ts","statementMap":{},"fnMap":{},"branchMap":{},"s":{},"f":{},"b":{}}
,"C:\\Users\\jonat\\CascadeProjects\\vex-app-old\\src\\accessibility\\AccessibilityAuditor.ts": {"path":"C:\\Users\\jonat\\CascadeProjects\\vex-app-old\\src\\accessibility\\AccessibilityAuditor.ts","statementMap":{"0":{"start":{"line":24,"column":14},"end":{"line":24,"column":53}},"1":{"start":{"line":82,"column":24},"end":{"line":103,"column":10}},"2":{"start":{"line":110,"column":53},"end":{"line":110,"column":55}},"3":{"start":{"line":111,"column":72},"end":{"line":111,"column":81}},"4":{"start":{"line":114,"column":4},"end":{"line":114,"column":36}},"5":{"start":{"line":122,"column":59},"end":{"line":159,"column":5}},"6":{"start":{"line":161,"column":4},"end":{"line":163,"column":7}},"7":{"start":{"line":162,"column":6},"end":{"line":162,"column":62}},"8":{"start":{"line":167,"column":4},"end":{"line":167,"column":60}},"9":{"start":{"line":168,"column":4},"end":{"line":168,"column":89}},"10":{"start":{"line":176,"column":28},"end":{"line":179,"column":5}},"11":{"start":{"line":181,"column":4},"end":{"line":183,"column":5}},"12":{"start":{"line":182,"column":6},"end":{"line":182,"column":90}},"13":{"start":{"line":185,"column":4},"end":{"line":185,"column":71}},"14":{"start":{"line":187,"column":41},"end":{"line":187,"column":43}},"15":{"start":{"line":188,"column":35},"end":{"line":188,"column":37}},"16":{"start":{"line":189,"column":35},"end":{"line":189,"column":37}},"17":{"start":{"line":192,"column":4},"end":{"line":192,"column":78}},"18":{"start":{"line":193,"column":4},"end":{"line":193,"column":74}},"19":{"start":{"line":194,"column":4},"end":{"line":194,"column":77}},"20":{"start":{"line":195,"column":4},"end":{"line":195,"column":72}},"21":{"start":{"line":196,"column":4},"end":{"line":196,"column":78}},"22":{"start":{"line":197,"column":4},"end":{"line":197,"column":71}},"23":{"start":{"line":198,"column":4},"end":{"line":198,"column":71}},"24":{"start":{"line":201,"column":4},"end":{"line":207,"column":7}},"25":{"start":{"line":202,"column":6},"end":{"line":206,"column":7}},"26":{"start":{"line":203,"column":8},"end":{"line":203,"column":36}},"27":{"start":{"line":205,"column":8},"end":{"line":205,"column":36}},"28":{"start":{"line":209,"column":4},"end":{"line":209,"column":70}},"29":{"start":{"line":213,"column":4},"end":{"line":213,"column":49}},"30":{"start":{"line":215,"column":41},"end":{"line":215,"column":43}},"31":{"start":{"line":216,"column":35},"end":{"line":216,"column":37}},"32":{"start":{"line":217,"column":35},"end":{"line":217,"column":37}},"33":{"start":{"line":220,"column":4},"end":{"line":220,"column":61}},"34":{"start":{"line":221,"column":4},"end":{"line":221,"column":61}},"35":{"start":{"line":222,"column":4},"end":{"line":222,"column":71}},"36":{"start":{"line":223,"column":4},"end":{"line":223,"column":59}},"37":{"start":{"line":226,"column":32},"end":{"line":226,"column":75}},"38":{"start":{"line":227,"column":4},"end":{"line":232,"column":5}},"39":{"start":{"line":228,"column":30},"end":{"line":228,"column":64}},"40":{"start":{"line":229,"column":6},"end":{"line":229,"column":45}},"41":{"start":{"line":230,"column":6},"end":{"line":230,"column":57}},"42":{"start":{"line":231,"column":6},"end":{"line":231,"column":57}},"43":{"start":{"line":234,"column":4},"end":{"line":234,"column":70}},"44":{"start":{"line":242,"column":41},"end":{"line":242,"column":43}},"45":{"start":{"line":244,"column":4},"end":{"line":244,"column":46}},"46":{"start":{"line":244,"column":32},"end":{"line":244,"column":46}},"47":{"start":{"line":246,"column":4},"end":{"line":260,"column":5}},"48":{"start":{"line":247,"column":6},"end":{"line":259,"column":7}},"49":{"start":{"line":248,"column":8},"end":{"line":258,"column":11}},"50":{"start":{"line":262,"column":4},"end":{"line":262,"column":18}},"51":{"start":{"line":266,"column":41},"end":{"line":266,"column":43}},"52":{"start":{"line":269,"column":4},"end":{"line":283,"column":5}},"53":{"start":{"line":270,"column":6},"end":{"line":282,"column":7}},"54":{"start":{"line":271,"column":8},"end":{"line":281,"column":11}},"55":{"start":{"line":285,"column":4},"end":{"line":285,"column":18}},"56":{"start":{"line":289,"column":41},"end":{"line":289,"column":43}},"57":{"start":{"line":292,"column":4},"end":{"line":304,"column":5}},"58":{"start":{"line":293,"column":6},"end":{"line":303,"column":9}},"59":{"start":{"line":306,"column":4},"end":{"line":306,"column":18}},"60":{"start":{"line":310,"column":41},"end":{"line":310,"column":43}},"61":{"start":{"line":313,"column":4},"end":{"line":336,"column":5}},"62":{"start":{"line":316,"column":6},"end":{"line":335,"column":7}},"63":{"start":{"line":317,"column":25},"end":{"line":320,"column":9}},"64":{"start":{"line":322,"column":8},"end":{"line":334,"column":9}},"65":{"start":{"line":323,"column":10},"end":{"line":333,"column":13}},"66":{"start":{"line":338,"column":4},"end":{"line":338,"column":18}},"67":{"start":{"line":342,"column":41},"end":{"line":342,"column":43}},"68":{"start":{"line":345,"column":4},"end":{"line":357,"column":5}},"69":{"start":{"line":346,"column":6},"end":{"line":356,"column":9}},"70":{"start":{"line":359,"column":4},"end":{"line":359,"column":18}},"71":{"start":{"line":363,"column":41},"end":{"line":363,"column":43}},"72":{"start":{"line":366,"column":52},"end":{"line":371,"column":5}},"73":{"start":{"line":373,"column":25},"end":{"line":373,"column":60}},"74":{"start":{"line":374,"column":4},"end":{"line":386,"column":5}},"75":{"start":{"line":375,"column":6},"end":{"line":385,"column":9}},"76":{"start":{"line":388,"column":4},"end":{"line":388,"column":18}},"77":{"start":{"line":392,"column":41},"end":{"line":392,"column":43}},"78":{"start":{"line":395,"column":4},"end":{"line":413,"column":5}},"79":{"start":{"line":396,"column":53},"end":{"line":396,"column":74}},"80":{"start":{"line":397,"column":26},"end":{"line":397,"column":48}},"81":{"start":{"line":398,"column":27},"end":{"line":398,"column":51}},"82":{"start":{"line":400,"column":6},"end":{"line":412,"column":7}},"83":{"start":{"line":401,"column":8},"end":{"line":411,"column":11}},"84":{"start":{"line":415,"column":4},"end":{"line":415,"column":18}},"85":{"start":{"line":423,"column":41},"end":{"line":423,"column":43}},"86":{"start":{"line":426,"column":4},"end":{"line":438,"column":5}},"87":{"start":{"line":427,"column":6},"end":{"line":437,"column":9}},"88":{"start":{"line":440,"column":4},"end":{"line":440,"column":18}},"89":{"start":{"line":444,"column":41},"end":{"line":444,"column":43}},"90":{"start":{"line":448,"column":4},"end":{"line":458,"column":7}},"91":{"start":{"line":460,"column":4},"end":{"line":460,"column":18}},"92":{"start":{"line":464,"column":41},"end":{"line":464,"column":43}},"93":{"start":{"line":468,"column":4},"end":{"line":468,"column":18}},"94":{"start":{"line":472,"column":41},"end":{"line":472,"column":43}},"95":{"start":{"line":476,"column":4},"end":{"line":476,"column":18}},"96":{"start":{"line":484,"column":35},"end":{"line":484,"column":37}},"97":{"start":{"line":488,"column":4},"end":{"line":492,"column":5}},"98":{"start":{"line":491,"column":6},"end":{"line":491,"column":32}},"99":{"start":{"line":495,"column":4},"end":{"line":497,"column":5}},"100":{"start":{"line":499,"column":4},"end":{"line":499,"column":23}},"101":{"start":{"line":508,"column":16},"end":{"line":508,"column":19}},"102":{"start":{"line":509,"column":4},"end":{"line":524,"column":7}},"103":{"start":{"line":510,"column":6},"end":{"line":523,"column":7}},"104":{"start":{"line":512,"column":10},"end":{"line":512,"column":22}},"105":{"start":{"line":513,"column":10},"end":{"line":513,"column":16}},"106":{"start":{"line":515,"column":10},"end":{"line":515,"column":22}},"107":{"start":{"line":516,"column":10},"end":{"line":516,"column":16}},"108":{"start":{"line":518,"column":10},"end":{"line":518,"column":22}},"109":{"start":{"line":519,"column":10},"end":{"line":519,"column":16}},"110":{"start":{"line":521,"column":10},"end":{"line":521,"column":21}},"111":{"start":{"line":522,"column":10},"end":{"line":522,"column":16}},"112":{"start":{"line":526,"column":4},"end":{"line":526,"column":31}},"113":{"start":{"line":529,"column":20},"end":{"line":534,"column":5}},"114":{"start":{"line":530,"column":35},"end":{"line":530,"column":60}},"115":{"start":{"line":531,"column":32},"end":{"line":531,"column":54}},"116":{"start":{"line":532,"column":35},"end":{"line":532,"column":60}},"117":{"start":{"line":533,"column":32},"end":{"line":533,"column":54}},"118":{"start":{"line":536,"column":4},"end":{"line":543,"column":6}},"119":{"start":{"line":547,"column":4},"end":{"line":559,"column":6}},"120":{"start":{"line":567,"column":4},"end":{"line":567,"column":34}},"121":{"start":{"line":571,"column":4},"end":{"line":571,"column":27}},"122":{"start":{"line":575,"column":19},"end":{"line":594,"column":16}},"123":{"start":{"line":588,"column":8},"end":{"line":592,"column":55}},"124":{"start":{"line":596,"column":4},"end":{"line":596,"column":18}},"125":{"start":{"line":604,"column":36},"end":{"line":604,"column":62}},"126":{"start":{"line":611,"column":2},"end":{"line":611,"column":64}},"127":{"start":{"line":615,"column":2},"end":{"line":615,"column":69}}},"fnMap":{"0":{"name":"(anonymous_0)","decl":{"start":{"line":113,"column":2},"end":{"line":113,"column":3}},"loc":{"start":{"line":113,"column":16},"end":{"line":115,"column":3}},"line":113},"1":{"name":"(anonymous_1)","decl":{"start":{"line":121,"column":2},"end":{"line":121,"column":3}},"loc":{"start":{"line":121,"column":43},"end":{"line":164,"column":3}},"line":121},"2":{"name":"(anonymous_2)","decl":{"start":{"line":161,"column":27},"end":{"line":161,"column":28}},"loc":{"start":{"line":161,"column":37},"end":{"line":163,"column":5}},"line":161},"3":{"name":"(anonymous_3)","decl":{"start":{"line":166,"column":2},"end":{"line":166,"column":3}},"loc":{"start":{"line":166,"column":70},"end":{"line":169,"column":3}},"line":166},"4":{"name":"(anonymous_4)","decl":{"start":{"line":175,"column":2},"end":{"line":175,"column":3}},"loc":{"start":{"line":175,"column":117},"end":{"line":210,"column":3}},"line":175},"5":{"name":"(anonymous_5)","decl":{"start":{"line":201,"column":19},"end":{"line":201,"column":20}},"loc":{"start":{"line":201,"column":28},"end":{"line":207,"column":5}},"line":201},"6":{"name":"(anonymous_6)","decl":{"start":{"line":212,"column":2},"end":{"line":212,"column":3}},"loc":{"start":{"line":212,"column":99},"end":{"line":235,"column":3}},"line":212},"7":{"name":"(anonymous_7)","decl":{"start":{"line":241,"column":2},"end":{"line":241,"column":3}},"loc":{"start":{"line":241,"column":115},"end":{"line":263,"column":3}},"line":241},"8":{"name":"(anonymous_8)","decl":{"start":{"line":265,"column":2},"end":{"line":265,"column":3}},"loc":{"start":{"line":265,"column":111},"end":{"line":286,"column":3}},"line":265},"9":{"name":"(anonymous_9)","decl":{"start":{"line":288,"column":2},"end":{"line":288,"column":3}},"loc":{"start":{"line":288,"column":114},"end":{"line":307,"column":3}},"line":288},"10":{"name":"(anonymous_10)","decl":{"start":{"line":309,"column":2},"end":{"line":309,"column":3}},"loc":{"start":{"line":309,"column":109},"end":{"line":339,"column":3}},"line":309},"11":{"name":"(anonymous_11)","decl":{"start":{"line":341,"column":2},"end":{"line":341,"column":3}},"loc":{"start":{"line":341,"column":115},"end":{"line":360,"column":3}},"line":341},"12":{"name":"(anonymous_12)","decl":{"start":{"line":362,"column":2},"end":{"line":362,"column":3}},"loc":{"start":{"line":362,"column":108},"end":{"line":389,"column":3}},"line":362},"13":{"name":"(anonymous_13)","decl":{"start":{"line":391,"column":2},"end":{"line":391,"column":3}},"loc":{"start":{"line":391,"column":108},"end":{"line":416,"column":3}},"line":391},"14":{"name":"(anonymous_14)","decl":{"start":{"line":422,"column":2},"end":{"line":422,"column":3}},"loc":{"start":{"line":422,"column":77},"end":{"line":441,"column":3}},"line":422},"15":{"name":"(anonymous_15)","decl":{"start":{"line":443,"column":2},"end":{"line":443,"column":3}},"loc":{"start":{"line":443,"column":77},"end":{"line":461,"column":3}},"line":443},"16":{"name":"(anonymous_16)","decl":{"start":{"line":463,"column":2},"end":{"line":463,"column":3}},"loc":{"start":{"line":463,"column":87},"end":{"line":469,"column":3}},"line":463},"17":{"name":"(anonymous_17)","decl":{"start":{"line":471,"column":2},"end":{"line":471,"column":3}},"loc":{"start":{"line":471,"column":75},"end":{"line":477,"column":3}},"line":471},"18":{"name":"(anonymous_18)","decl":{"start":{"line":483,"column":2},"end":{"line":483,"column":3}},"loc":{"start":{"line":483,"column":63},"end":{"line":500,"column":3}},"line":483},"19":{"name":"(anonymous_19)","decl":{"start":{"line":502,"column":2},"end":{"line":502,"column":3}},"loc":{"start":{"line":506,"column":30},"end":{"line":544,"column":3}},"line":506},"20":{"name":"(anonymous_20)","decl":{"start":{"line":509,"column":19},"end":{"line":509,"column":20}},"loc":{"start":{"line":509,"column":28},"end":{"line":524,"column":5}},"line":509},"21":{"name":"(anonymous_21)","decl":{"start":{"line":530,"column":30},"end":{"line":530,"column":31}},"loc":{"start":{"line":530,"column":35},"end":{"line":530,"column":60}},"line":530},"22":{"name":"(anonymous_22)","decl":{"start":{"line":531,"column":27},"end":{"line":531,"column":28}},"loc":{"start":{"line":531,"column":32},"end":{"line":531,"column":54}},"line":531},"23":{"name":"(anonymous_23)","decl":{"start":{"line":532,"column":30},"end":{"line":532,"column":31}},"loc":{"start":{"line":532,"column":35},"end":{"line":532,"column":60}},"line":532},"24":{"name":"(anonymous_24)","decl":{"start":{"line":533,"column":27},"end":{"line":533,"column":28}},"loc":{"start":{"line":533,"column":32},"end":{"line":533,"column":54}},"line":533},"25":{"name":"(anonymous_25)","decl":{"start":{"line":546,"column":2},"end":{"line":546,"column":3}},"loc":{"start":{"line":546,"column":73},"end":{"line":560,"column":3}},"line":546},"26":{"name":"(anonymous_26)","decl":{"start":{"line":566,"column":2},"end":{"line":566,"column":3}},"loc":{"start":{"line":566,"column":48},"end":{"line":568,"column":3}},"line":566},"27":{"name":"(anonymous_27)","decl":{"start":{"line":570,"column":2},"end":{"line":570,"column":3}},"loc":{"start":{"line":570,"column":28},"end":{"line":572,"column":3}},"line":570},"28":{"name":"(anonymous_28)","decl":{"start":{"line":574,"column":2},"end":{"line":574,"column":3}},"loc":{"start":{"line":574,"column":59},"end":{"line":597,"column":3}},"line":574},"29":{"name":"(anonymous_29)","decl":{"start":{"line":587,"column":27},"end":{"line":587,"column":28}},"loc":{"start":{"line":588,"column":8},"end":{"line":592,"column":55}},"line":588},"30":{"name":"auditComponent","decl":{"start":{"line":610,"column":22},"end":{"line":610,"column":36}},"loc":{"start":{"line":610,"column":131},"end":{"line":612,"column":1}},"line":610},"31":{"name":"auditScreen","decl":{"start":{"line":614,"column":22},"end":{"line":614,"column":33}},"loc":{"start":{"line":614,"column":113},"end":{"line":616,"column":1}},"line":614}},"branchMap":{"0":{"loc":{"start":{"line":176,"column":28},"end":{"line":179,"column":5}},"type":"binary-expr","locations":[{"start":{"line":176,"column":28},"end":{"line":176,"column":34}},{"start":{"line":176,"column":38},"end":{"line":176,"column":92}},{"start":{"line":176,"column":96},"end":{"line":179,"column":5}}],"line":176},"1":{"loc":{"start":{"line":181,"column":4},"end":{"line":183,"column":5}},"type":"if","locations":[{"start":{"line":181,"column":4},"end":{"line":183,"column":5}},{"start":{},"end":{}}],"line":181},"2":{"loc":{"start":{"line":202,"column":6},"end":{"line":206,"column":7}},"type":"if","locations":[{"start":{"line":202,"column":6},"end":{"line":206,"column":7}},{"start":{"line":204,"column":13},"end":{"line":206,"column":7}}],"line":202},"3":{"loc":{"start":{"line":244,"column":4},"end":{"line":244,"column":46}},"type":"if","locations":[{"start":{"line":244,"column":4},"end":{"line":244,"column":46}},{"start":{},"end":{}}],"line":244},"4":{"loc":{"start":{"line":247,"column":6},"end":{"line":259,"column":7}},"type":"if","locations":[{"start":{"line":247,"column":6},"end":{"line":259,"column":7}},{"start":{},"end":{}}],"line":247},"5":{"loc":{"start":{"line":247,"column":10},"end":{"line":247,"column":74}},"type":"binary-expr","locations":[{"start":{"line":247,"column":10},"end":{"line":247,"column":26}},{"start":{"line":247,"column":30},"end":{"line":247,"column":74}}],"line":247},"6":{"loc":{"start":{"line":269,"column":4},"end":{"line":283,"column":5}},"type":"if","locations":[{"start":{"line":269,"column":4},"end":{"line":283,"column":5}},{"start":{},"end":{}}],"line":269},"7":{"loc":{"start":{"line":269,"column":8},"end":{"line":269,"column":75}},"type":"binary-expr","locations":[{"start":{"line":269,"column":8},"end":{"line":269,"column":34}},{"start":{"line":269,"column":38},"end":{"line":269,"column":75}}],"line":269},"8":{"loc":{"start":{"line":270,"column":6},"end":{"line":282,"column":7}},"type":"if","locations":[{"start":{"line":270,"column":6},"end":{"line":282,"column":7}},{"start":{},"end":{}}],"line":270},"9":{"loc":{"start":{"line":292,"column":4},"end":{"line":304,"column":5}},"type":"if","locations":[{"start":{"line":292,"column":4},"end":{"line":304,"column":5}},{"start":{},"end":{}}],"line":292},"10":{"loc":{"start":{"line":292,"column":8},"end":{"line":292,"column":83}},"type":"binary-expr","locations":[{"start":{"line":292,"column":8},"end":{"line":292,"column":54}},{"start":{"line":292,"column":58},"end":{"line":292,"column":83}}],"line":292},"11":{"loc":{"start":{"line":313,"column":4},"end":{"line":336,"column":5}},"type":"if","locations":[{"start":{"line":313,"column":4},"end":{"line":336,"column":5}},{"start":{},"end":{}}],"line":313},"12":{"loc":{"start":{"line":316,"column":6},"end":{"line":335,"column":7}},"type":"if","locations":[{"start":{"line":316,"column":6},"end":{"line":335,"column":7}},{"start":{},"end":{}}],"line":316},"13":{"loc":{"start":{"line":316,"column":10},"end":{"line":316,"column":78}},"type":"binary-expr","locations":[{"start":{"line":316,"column":10},"end":{"line":316,"column":37}},{"start":{"line":316,"column":41},"end":{"line":316,"column":78}}],"line":316},"14":{"loc":{"start":{"line":322,"column":8},"end":{"line":334,"column":9}},"type":"if","locations":[{"start":{"line":322,"column":8},"end":{"line":334,"column":9}},{"start":{},"end":{}}],"line":322},"15":{"loc":{"start":{"line":345,"column":4},"end":{"line":357,"column":5}},"type":"if","locations":[{"start":{"line":345,"column":4},"end":{"line":357,"column":5}},{"start":{},"end":{}}],"line":345},"16":{"loc":{"start":{"line":345,"column":8},"end":{"line":345,"column":70}},"type":"binary-expr","locations":[{"start":{"line":345,"column":8},"end":{"line":345,"column":33}},{"start":{"line":345,"column":37},"end":{"line":345,"column":70}}],"line":345},"17":{"loc":{"start":{"line":374,"column":4},"end":{"line":386,"column":5}},"type":"if","locations":[{"start":{"line":374,"column":4},"end":{"line":386,"column":5}},{"start":{},"end":{}}],"line":374},"18":{"loc":{"start":{"line":374,"column":8},"end":{"line":374,"column":88}},"type":"binary-expr","locations":[{"start":{"line":374,"column":8},"end":{"line":374,"column":20}},{"start":{"line":374,"column":24},"end":{"line":374,"column":88}}],"line":374},"19":{"loc":{"start":{"line":374,"column":47},"end":{"line":374,"column":87}},"type":"binary-expr","locations":[{"start":{"line":374,"column":47},"end":{"line":374,"column":81}},{"start":{"line":374,"column":85},"end":{"line":374,"column":87}}],"line":374},"20":{"loc":{"start":{"line":395,"column":4},"end":{"line":413,"column":5}},"type":"if","locations":[{"start":{"line":395,"column":4},"end":{"line":413,"column":5}},{"start":{},"end":{}}],"line":395},"21":{"loc":{"start":{"line":397,"column":26},"end":{"line":397,"column":48}},"type":"binary-expr","locations":[{"start":{"line":397,"column":26},"end":{"line":397,"column":31}},{"start":{"line":397,"column":35},"end":{"line":397,"column":43}},{"start":{"line":397,"column":47},"end":{"line":397,"column":48}}],"line":397},"22":{"loc":{"start":{"line":398,"column":27},"end":{"line":398,"column":51}},"type":"binary-expr","locations":[{"start":{"line":398,"column":27},"end":{"line":398,"column":33}},{"start":{"line":398,"column":37},"end":{"line":398,"column":46}},{"start":{"line":398,"column":50},"end":{"line":398,"column":51}}],"line":398},"23":{"loc":{"start":{"line":400,"column":6},"end":{"line":412,"column":7}},"type":"if","locations":[{"start":{"line":400,"column":6},"end":{"line":412,"column":7}},{"start":{},"end":{}}],"line":400},"24":{"loc":{"start":{"line":400,"column":10},"end":{"line":400,"column":47}},"type":"binary-expr","locations":[{"start":{"line":400,"column":10},"end":{"line":400,"column":26}},{"start":{"line":400,"column":30},"end":{"line":400,"column":47}}],"line":400},"25":{"loc":{"start":{"line":426,"column":4},"end":{"line":438,"column":5}},"type":"if","locations":[{"start":{"line":426,"column":4},"end":{"line":438,"column":5}},{"start":{},"end":{}}],"line":426},"26":{"loc":{"start":{"line":488,"column":4},"end":{"line":492,"column":5}},"type":"if","locations":[{"start":{"line":488,"column":4},"end":{"line":492,"column":5}},{"start":{},"end":{}}],"line":488},"27":{"loc":{"start":{"line":488,"column":8},"end":{"line":490,"column":51}},"type":"binary-expr","locations":[{"start":{"line":488,"column":8},"end":{"line":488,"column":30}},{"start":{"line":488,"column":34},"end":{"line":488,"column":60}},{"start":{"line":489,"column":8},"end":{"line":489,"column":53}},{"start":{"line":490,"column":8},"end":{"line":490,"column":51}}],"line":488},"28":{"loc":{"start":{"line":495,"column":4},"end":{"line":497,"column":5}},"type":"if","locations":[{"start":{"line":495,"column":4},"end":{"line":497,"column":5}},{"start":{},"end":{}}],"line":495},"29":{"loc":{"start":{"line":510,"column":6},"end":{"line":523,"column":7}},"type":"switch","locations":[{"start":{"line":511,"column":8},"end":{"line":513,"column":16}},{"start":{"line":514,"column":8},"end":{"line":516,"column":16}},{"start":{"line":517,"column":8},"end":{"line":519,"column":16}},{"start":{"line":520,"column":8},"end":{"line":522,"column":16}}],"line":510}},"s":{"0":0,"1":0,"2":0,"3":0,"4":0,"5":0,"6":0,"7":0,"8":0,"9":0,"10":0,"11":0,"12":0,"13":0,"14":0,"15":0,"16":0,"17":0,"18":0,"19":0,"20":0,"21":0,"22":0,"23":0,"24":0,"25":0,"26":0,"27":0,"28":0,"29":0,"30":0,"31":0,"32":0,"33":0,"34":0,"35":0,"36":0,"37":0,"38":0,"39":0,"40":0,"41":0,"42":0,"43":0,"44":0,"45":0,"46":0,"47":0,"48":0,"49":0,"50":0,"51":0,"52":0,"53":0,"54":0,"55":0,"56":0,"57":0,"58":0,"59":0,"60":0,"61":0,"62":0,"63":0,"64":0,"65":0,"66":0,"67":0,"68":0,"69":0,"70":0,"71":0,"72":0,"73":0,"74":0,"75":0,"76":0,"77":0,"78":0,"79":0,"80":0,"81":0,"82":0,"83":0,"84":0,"85":0,"86":0,"87":0,"88":0,"89":0,"90":0,"91":0,"92":0,"93":0,"94":0,"95":0,"96":0,"97":0,"98":0,"99":0,"100":0,"101":0,"102":0,"103":0,"104":0,"105":0,"106":0,"107":0,"108":0,"109":0,"110":0,"111":0,"112":0,"113":0,"114":0,"115":0,"116":0,"117":0,"118":0,"119":0,"120":0,"121":0,"122":0,"123":0,"124":0,"125":0,"126":0,"127":0},"f":{"0":0,"1":0,"2":0,"3":0,"4":0,"5":0,"6":0,"7":0,"8":0,"9":0,"10":0,"11":0,"12":0,"13":0,"14":0,"15":0,"16":0,"17":0,"18":0,"19":0,"20":0,"21":0,"22":0,"23":0,"24":0,"25":0,"26":0,"27":0,"28":0,"29":0,"30":0,"31":0},"b":{"0":[0,0,0],"1":[0,0],"2":[0,0],"3":[0,0],"4":[0,0],"5":[0,0],"6":[0,0],"7":[0,0],"8":[0,0],"9":[0,0],"10":[0,0],"11":[0,0],"12":[0,0],"13":[0,0],"14":[0,0],"15":[0,0],"16":[0,0],"17":[0,0],"18":[0,0],"19":[0,0],"20":[0,0],"21":[0,0,0],"22":[0,0,0],"23":[0,0],"24":[0,0],"25":[0,0],"26":[0,0],"27":[0,0,0,0],"28":[0,0],"29":[0,0,0,0]}}
,"C:\\Users\\jonat\\CascadeProjects\\vex-app-old\\src\\accessibility\\AccessibilityEnhancer.ts": {"path":"C:\\Users\\jonat\\CascadeProjects\\vex-app-old\\src\\accessibility\\AccessibilityEnhancer.ts","statementMap":{"0":{"start":{"line":22,"column":14},"end":{"line":22,"column":54}},"1":{"start":{"line":98,"column":42},"end":{"line":98,"column":44}},"2":{"start":{"line":101,"column":4},"end":{"line":107,"column":6}},"3":{"start":{"line":111,"column":4},"end":{"line":113,"column":5}},"4":{"start":{"line":112,"column":6},"end":{"line":112,"column":67}},"5":{"start":{"line":114,"column":4},"end":{"line":114,"column":42}},"6":{"start":{"line":122,"column":4},"end":{"line":122,"column":48}},"7":{"start":{"line":123,"column":4},"end":{"line":123,"column":77}},"8":{"start":{"line":127,"column":4},"end":{"line":127,"column":30}},"9":{"start":{"line":138,"column":30},"end":{"line":145,"column":6}},"10":{"start":{"line":139,"column":28},"end":{"line":139,"column":84}},"11":{"start":{"line":141,"column":6},"end":{"line":144,"column":9}},"12":{"start":{"line":147,"column":4},"end":{"line":147,"column":91}},"13":{"start":{"line":148,"column":4},"end":{"line":148,"column":36}},"14":{"start":{"line":155,"column":54},"end":{"line":160,"column":5}},"15":{"start":{"line":162,"column":4},"end":{"line":165,"column":40}},"16":{"start":{"line":173,"column":62},"end":{"line":173,"column":64}},"17":{"start":{"line":176,"column":4},"end":{"line":178,"column":5}},"18":{"start":{"line":177,"column":6},"end":{"line":177,"column":71}},"19":{"start":{"line":181,"column":4},"end":{"line":183,"column":5}},"20":{"start":{"line":182,"column":6},"end":{"line":182,"column":68}},"21":{"start":{"line":186,"column":4},"end":{"line":188,"column":5}},"22":{"start":{"line":187,"column":6},"end":{"line":187,"column":69}},"23":{"start":{"line":191,"column":4},"end":{"line":193,"column":5}},"24":{"start":{"line":192,"column":6},"end":{"line":192,"column":75}},"25":{"start":{"line":195,"column":4},"end":{"line":195,"column":24}},"26":{"start":{"line":199,"column":62},"end":{"line":199,"column":64}},"27":{"start":{"line":202,"column":4},"end":{"line":245,"column":5}},"28":{"start":{"line":203,"column":20},"end":{"line":203,"column":38}},"29":{"start":{"line":205,"column":6},"end":{"line":228,"column":7}},"30":{"start":{"line":206,"column":25},"end":{"line":206,"column":74}},"31":{"start":{"line":208,"column":8},"end":{"line":227,"column":9}},"32":{"start":{"line":210,"column":31},"end":{"line":213,"column":11}},"33":{"start":{"line":215,"column":10},"end":{"line":226,"column":11}},"34":{"start":{"line":216,"column":12},"end":{"line":219,"column":14}},"35":{"start":{"line":221,"column":12},"end":{"line":225,"column":15}},"36":{"start":{"line":231,"column":6},"end":{"line":244,"column":7}},"37":{"start":{"line":232,"column":8},"end":{"line":237,"column":9}},"38":{"start":{"line":233,"column":10},"end":{"line":236,"column":12}},"39":{"start":{"line":238,"column":8},"end":{"line":243,"column":9}},"40":{"start":{"line":239,"column":10},"end":{"line":242,"column":12}},"41":{"start":{"line":247,"column":4},"end":{"line":247,"column":24}},"42":{"start":{"line":251,"column":62},"end":{"line":251,"column":64}},"43":{"start":{"line":254,"column":4},"end":{"line":262,"column":5}},"44":{"start":{"line":255,"column":6},"end":{"line":257,"column":7}},"45":{"start":{"line":256,"column":8},"end":{"line":256,"column":39}},"46":{"start":{"line":259,"column":6},"end":{"line":261,"column":7}},"47":{"start":{"line":260,"column":8},"end":{"line":260,"column":50}},"48":{"start":{"line":265,"column":4},"end":{"line":267,"column":5}},"49":{"start":{"line":266,"column":6},"end":{"line":266,"column":64}},"50":{"start":{"line":269,"column":4},"end":{"line":269,"column":24}},"51":{"start":{"line":273,"column":62},"end":{"line":273,"column":64}},"52":{"start":{"line":276,"column":4},"end":{"line":278,"column":5}},"53":{"start":{"line":277,"column":6},"end":{"line":277,"column":52}},"54":{"start":{"line":280,"column":4},"end":{"line":280,"column":24}},"55":{"start":{"line":284,"column":62},"end":{"line":284,"column":64}},"56":{"start":{"line":287,"column":4},"end":{"line":290,"column":5}},"57":{"start":{"line":288,"column":6},"end":{"line":288,"column":48}},"58":{"start":{"line":289,"column":6},"end":{"line":289,"column":62}},"59":{"start":{"line":293,"column":4},"end":{"line":298,"column":5}},"60":{"start":{"line":294,"column":19},"end":{"line":294,"column":43}},"61":{"start":{"line":295,"column":6},"end":{"line":297,"column":7}},"62":{"start":{"line":296,"column":8},"end":{"line":296,"column":56}},"63":{"start":{"line":300,"column":4},"end":{"line":300,"column":24}},"64":{"start":{"line":308,"column":34},"end":{"line":308,"column":70}},"65":{"start":{"line":311,"column":28},"end":{"line":314,"column":5}},"66":{"start":{"line":317,"column":4},"end":{"line":328,"column":5}},"67":{"start":{"line":318,"column":6},"end":{"line":322,"column":9}},"68":{"start":{"line":324,"column":6},"end":{"line":327,"column":9}},"69":{"start":{"line":330,"column":4},"end":{"line":333,"column":40}},"70":{"start":{"line":341,"column":4},"end":{"line":341,"column":40}},"71":{"start":{"line":345,"column":4},"end":{"line":345,"column":33}},"72":{"start":{"line":353,"column":18},"end":{"line":357,"column":5}},"73":{"start":{"line":359,"column":4},"end":{"line":368,"column":7}},"74":{"start":{"line":361,"column":6},"end":{"line":363,"column":9}},"75":{"start":{"line":362,"column":8},"end":{"line":362,"column":93}},"76":{"start":{"line":366,"column":28},"end":{"line":366,"column":55}},"77":{"start":{"line":367,"column":6},"end":{"line":367,"column":107}},"78":{"start":{"line":370,"column":4},"end":{"line":370,"column":17}},"79":{"start":{"line":378,"column":37},"end":{"line":378,"column":72}},"80":{"start":{"line":388,"column":2},"end":{"line":388,"column":73}},"81":{"start":{"line":395,"column":2},"end":{"line":395,"column":65}},"82":{"start":{"line":405,"column":2},"end":{"line":407,"column":4}},"83":{"start":{"line":406,"column":4},"end":{"line":406,"column":75}},"84":{"start":{"line":418,"column":44},"end":{"line":418,"column":90}},"85":{"start":{"line":420,"column":2},"end":{"line":423,"column":38}},"86":{"start":{"line":421,"column":21},"end":{"line":421,"column":86}},"87":{"start":{"line":422,"column":4},"end":{"line":422,"column":31}},"88":{"start":{"line":425,"column":2},"end":{"line":425,"column":23}},"89":{"start":{"line":432,"column":37},"end":{"line":477,"column":10}},"90":{"start":{"line":480,"column":2},"end":{"line":480,"column":65}}},"fnMap":{"0":{"name":"(anonymous_0)","decl":{"start":{"line":100,"column":2},"end":{"line":100,"column":3}},"loc":{"start":{"line":100,"column":24},"end":{"line":108,"column":3}},"line":100},"1":{"name":"(anonymous_1)","decl":{"start":{"line":110,"column":2},"end":{"line":110,"column":3}},"loc":{"start":{"line":110,"column":46},"end":{"line":115,"column":3}},"line":110},"2":{"name":"(anonymous_2)","decl":{"start":{"line":121,"column":2},"end":{"line":121,"column":3}},"loc":{"start":{"line":121,"column":67},"end":{"line":124,"column":3}},"line":121},"3":{"name":"(anonymous_3)","decl":{"start":{"line":126,"column":2},"end":{"line":126,"column":3}},"loc":{"start":{"line":126,"column":46},"end":{"line":128,"column":3}},"line":126},"4":{"name":"(anonymous_4)","decl":{"start":{"line":134,"column":2},"end":{"line":134,"column":3}},"loc":{"start":{"line":137,"column":28},"end":{"line":149,"column":3}},"line":137},"5":{"name":"(anonymous_5)","decl":{"start":{"line":138,"column":55},"end":{"line":138,"column":56}},"loc":{"start":{"line":138,"column":71},"end":{"line":145,"column":5}},"line":138},"6":{"name":"(anonymous_6)","decl":{"start":{"line":151,"column":2},"end":{"line":151,"column":3}},"loc":{"start":{"line":154,"column":36},"end":{"line":166,"column":3}},"line":154},"7":{"name":"(anonymous_7)","decl":{"start":{"line":172,"column":2},"end":{"line":172,"column":3}},"loc":{"start":{"line":172,"column":100},"end":{"line":196,"column":3}},"line":172},"8":{"name":"(anonymous_8)","decl":{"start":{"line":198,"column":2},"end":{"line":198,"column":3}},"loc":{"start":{"line":198,"column":99},"end":{"line":248,"column":3}},"line":198},"9":{"name":"(anonymous_9)","decl":{"start":{"line":250,"column":2},"end":{"line":250,"column":3}},"loc":{"start":{"line":250,"column":96},"end":{"line":270,"column":3}},"line":250},"10":{"name":"(anonymous_10)","decl":{"start":{"line":272,"column":2},"end":{"line":272,"column":3}},"loc":{"start":{"line":272,"column":97},"end":{"line":281,"column":3}},"line":272},"11":{"name":"(anonymous_11)","decl":{"start":{"line":283,"column":2},"end":{"line":283,"column":3}},"loc":{"start":{"line":283,"column":103},"end":{"line":301,"column":3}},"line":283},"12":{"name":"(anonymous_12)","decl":{"start":{"line":303,"column":2},"end":{"line":303,"column":3}},"loc":{"start":{"line":306,"column":36},"end":{"line":334,"column":3}},"line":306},"13":{"name":"(anonymous_13)","decl":{"start":{"line":340,"column":2},"end":{"line":340,"column":3}},"loc":{"start":{"line":340,"column":37},"end":{"line":342,"column":3}},"line":340},"14":{"name":"(anonymous_14)","decl":{"start":{"line":344,"column":2},"end":{"line":344,"column":3}},"loc":{"start":{"line":344,"column":34},"end":{"line":346,"column":3}},"line":344},"15":{"name":"(anonymous_15)","decl":{"start":{"line":348,"column":2},"end":{"line":348,"column":3}},"loc":{"start":{"line":352,"column":4},"end":{"line":371,"column":3}},"line":352},"16":{"name":"(anonymous_16)","decl":{"start":{"line":359,"column":36},"end":{"line":359,"column":37}},"loc":{"start":{"line":359,"column":45},"end":{"line":368,"column":5}},"line":359},"17":{"name":"(anonymous_17)","decl":{"start":{"line":361,"column":33},"end":{"line":361,"column":34}},"loc":{"start":{"line":361,"column":58},"end":{"line":363,"column":7}},"line":361},"18":{"name":"enhanceComponent","decl":{"start":{"line":384,"column":16},"end":{"line":384,"column":32}},"loc":{"start":{"line":387,"column":26},"end":{"line":389,"column":1}},"line":387},"19":{"name":"enhanceProps","decl":{"start":{"line":391,"column":16},"end":{"line":391,"column":28}},"loc":{"start":{"line":394,"column":34},"end":{"line":396,"column":1}},"line":394},"20":{"name":"withAccessibility","decl":{"start":{"line":402,"column":16},"end":{"line":402,"column":33}},"loc":{"start":{"line":404,"column":2},"end":{"line":408,"column":1}},"line":404},"21":{"name":"(anonymous_21)","decl":{"start":{"line":405,"column":9},"end":{"line":405,"column":10}},"loc":{"start":{"line":405,"column":77},"end":{"line":407,"column":3}},"line":405},"22":{"name":"useAccessibilityEnhancements","decl":{"start":{"line":414,"column":16},"end":{"line":414,"column":44}},"loc":{"start":{"line":417,"column":30},"end":{"line":426,"column":1}},"line":417},"23":{"name":"(anonymous_23)","decl":{"start":{"line":420,"column":18},"end":{"line":420,"column":19}},"loc":{"start":{"line":420,"column":24},"end":{"line":423,"column":3}},"line":420},"24":{"name":"applyAccessibilityPreset","decl":{"start":{"line":479,"column":16},"end":{"line":479,"column":40}},"loc":{"start":{"line":479,"column":91},"end":{"line":481,"column":1}},"line":479}},"branchMap":{"0":{"loc":{"start":{"line":111,"column":4},"end":{"line":113,"column":5}},"type":"if","locations":[{"start":{"line":111,"column":4},"end":{"line":113,"column":5}},{"start":{},"end":{}}],"line":111},"1":{"loc":{"start":{"line":147,"column":48},"end":{"line":147,"column":87}},"type":"binary-expr","locations":[{"start":{"line":147,"column":48},"end":{"line":147,"column":69}},{"start":{"line":147,"column":73},"end":{"line":147,"column":87}}],"line":147},"2":{"loc":{"start":{"line":176,"column":4},"end":{"line":178,"column":5}},"type":"if","locations":[{"start":{"line":176,"column":4},"end":{"line":178,"column":5}},{"start":{},"end":{}}],"line":176},"3":{"loc":{"start":{"line":181,"column":4},"end":{"line":183,"column":5}},"type":"if","locations":[{"start":{"line":181,"column":4},"end":{"line":183,"column":5}},{"start":{},"end":{}}],"line":181},"4":{"loc":{"start":{"line":186,"column":4},"end":{"line":188,"column":5}},"type":"if","locations":[{"start":{"line":186,"column":4},"end":{"line":188,"column":5}},{"start":{},"end":{}}],"line":186},"5":{"loc":{"start":{"line":191,"column":4},"end":{"line":193,"column":5}},"type":"if","locations":[{"start":{"line":191,"column":4},"end":{"line":193,"column":5}},{"start":{},"end":{}}],"line":191},"6":{"loc":{"start":{"line":202,"column":4},"end":{"line":245,"column":5}},"type":"if","locations":[{"start":{"line":202,"column":4},"end":{"line":245,"column":5}},{"start":{},"end":{}}],"line":202},"7":{"loc":{"start":{"line":202,"column":8},"end":{"line":202,"column":59}},"type":"binary-expr","locations":[{"start":{"line":202,"column":8},"end":{"line":202,"column":24}},{"start":{"line":202,"column":28},"end":{"line":202,"column":59}}],"line":202},"8":{"loc":{"start":{"line":205,"column":6},"end":{"line":228,"column":7}},"type":"if","locations":[{"start":{"line":205,"column":6},"end":{"line":228,"column":7}},{"start":{},"end":{}}],"line":205},"9":{"loc":{"start":{"line":205,"column":10},"end":{"line":205,"column":46}},"type":"binary-expr","locations":[{"start":{"line":205,"column":10},"end":{"line":205,"column":21}},{"start":{"line":205,"column":25},"end":{"line":205,"column":46}}],"line":205},"10":{"loc":{"start":{"line":208,"column":8},"end":{"line":227,"column":9}},"type":"if","locations":[{"start":{"line":208,"column":8},"end":{"line":227,"column":9}},{"start":{},"end":{}}],"line":208},"11":{"loc":{"start":{"line":215,"column":10},"end":{"line":226,"column":11}},"type":"if","locations":[{"start":{"line":215,"column":10},"end":{"line":226,"column":11}},{"start":{},"end":{}}],"line":215},"12":{"loc":{"start":{"line":231,"column":6},"end":{"line":244,"column":7}},"type":"if","locations":[{"start":{"line":231,"column":6},"end":{"line":244,"column":7}},{"start":{},"end":{}}],"line":231},"13":{"loc":{"start":{"line":232,"column":8},"end":{"line":237,"column":9}},"type":"if","locations":[{"start":{"line":232,"column":8},"end":{"line":237,"column":9}},{"start":{},"end":{}}],"line":232},"14":{"loc":{"start":{"line":238,"column":8},"end":{"line":243,"column":9}},"type":"if","locations":[{"start":{"line":238,"column":8},"end":{"line":243,"column":9}},{"start":{},"end":{}}],"line":238},"15":{"loc":{"start":{"line":240,"column":15},"end":{"line":240,"column":42}},"type":"binary-expr","locations":[{"start":{"line":240,"column":15},"end":{"line":240,"column":33}},{"start":{"line":240,"column":37},"end":{"line":240,"column":42}}],"line":240},"16":{"loc":{"start":{"line":254,"column":4},"end":{"line":262,"column":5}},"type":"if","locations":[{"start":{"line":254,"column":4},"end":{"line":262,"column":5}},{"start":{},"end":{}}],"line":254},"17":{"loc":{"start":{"line":254,"column":8},"end":{"line":254,"column":52}},"type":"binary-expr","locations":[{"start":{"line":254,"column":8},"end":{"line":254,"column":26}},{"start":{"line":254,"column":30},"end":{"line":254,"column":52}}],"line":254},"18":{"loc":{"start":{"line":255,"column":6},"end":{"line":257,"column":7}},"type":"if","locations":[{"start":{"line":255,"column":6},"end":{"line":257,"column":7}},{"start":{},"end":{}}],"line":255},"19":{"loc":{"start":{"line":259,"column":6},"end":{"line":261,"column":7}},"type":"if","locations":[{"start":{"line":259,"column":6},"end":{"line":261,"column":7}},{"start":{},"end":{}}],"line":259},"20":{"loc":{"start":{"line":265,"column":4},"end":{"line":267,"column":5}},"type":"if","locations":[{"start":{"line":265,"column":4},"end":{"line":267,"column":5}},{"start":{},"end":{}}],"line":265},"21":{"loc":{"start":{"line":265,"column":8},"end":{"line":265,"column":61}},"type":"binary-expr","locations":[{"start":{"line":265,"column":8},"end":{"line":265,"column":26}},{"start":{"line":265,"column":30},"end":{"line":265,"column":61}}],"line":265},"22":{"loc":{"start":{"line":276,"column":4},"end":{"line":278,"column":5}},"type":"if","locations":[{"start":{"line":276,"column":4},"end":{"line":278,"column":5}},{"start":{},"end":{}}],"line":276},"23":{"loc":{"start":{"line":276,"column":8},"end":{"line":276,"column":57}},"type":"binary-expr","locations":[{"start":{"line":276,"column":8},"end":{"line":276,"column":27}},{"start":{"line":276,"column":31},"end":{"line":276,"column":57}}],"line":276},"24":{"loc":{"start":{"line":287,"column":4},"end":{"line":290,"column":5}},"type":"if","locations":[{"start":{"line":287,"column":4},"end":{"line":290,"column":5}},{"start":{},"end":{}}],"line":287},"25":{"loc":{"start":{"line":287,"column":8},"end":{"line":287,"column":59}},"type":"binary-expr","locations":[{"start":{"line":287,"column":8},"end":{"line":287,"column":24}},{"start":{"line":287,"column":28},"end":{"line":287,"column":59}}],"line":287},"26":{"loc":{"start":{"line":293,"column":4},"end":{"line":298,"column":5}},"type":"if","locations":[{"start":{"line":293,"column":4},"end":{"line":298,"column":5}},{"start":{},"end":{}}],"line":293},"27":{"loc":{"start":{"line":293,"column":8},"end":{"line":293,"column":65}},"type":"binary-expr","locations":[{"start":{"line":293,"column":8},"end":{"line":293,"column":27}},{"start":{"line":293,"column":31},"end":{"line":293,"column":65}}],"line":293},"28":{"loc":{"start":{"line":295,"column":6},"end":{"line":297,"column":7}},"type":"if","locations":[{"start":{"line":295,"column":6},"end":{"line":297,"column":7}},{"start":{},"end":{}}],"line":295},"29":{"loc":{"start":{"line":295,"column":10},"end":{"line":295,"column":60}},"type":"binary-expr","locations":[{"start":{"line":295,"column":10},"end":{"line":295,"column":34}},{"start":{"line":295,"column":38},"end":{"line":295,"column":60}}],"line":295},"30":{"loc":{"start":{"line":317,"column":4},"end":{"line":328,"column":5}},"type":"if","locations":[{"start":{"line":317,"column":4},"end":{"line":328,"column":5}},{"start":{},"end":{}}],"line":317},"31":{"loc":{"start":{"line":362,"column":47},"end":{"line":362,"column":87}},"type":"binary-expr","locations":[{"start":{"line":362,"column":47},"end":{"line":362,"column":82}},{"start":{"line":362,"column":86},"end":{"line":362,"column":87}}],"line":362},"32":{"loc":{"start":{"line":366,"column":28},"end":{"line":366,"column":55}},"type":"binary-expr","locations":[{"start":{"line":366,"column":28},"end":{"line":366,"column":42}},{"start":{"line":366,"column":46},"end":{"line":366,"column":55}}],"line":366},"33":{"loc":{"start":{"line":367,"column":53},"end":{"line":367,"column":101}},"type":"binary-expr","locations":[{"start":{"line":367,"column":53},"end":{"line":367,"column":96}},{"start":{"line":367,"column":100},"end":{"line":367,"column":101}}],"line":367}},"s":{"0":0,"1":0,"2":0,"3":0,"4":0,"5":0,"6":0,"7":0,"8":0,"9":0,"10":0,"11":0,"12":0,"13":0,"14":0,"15":0,"16":0,"17":0,"18":0,"19":0,"20":0,"21":0,"22":0,"23":0,"24":0,"25":0,"26":0,"27":0,"28":0,"29":0,"30":0,"31":0,"32":0,"33":0,"34":0,"35":0,"36":0,"37":0,"38":0,"39":0,"40":0,"41":0,"42":0,"43":0,"44":0,"45":0,"46":0,"47":0,"48":0,"49":0,"50":0,"51":0,"52":0,"53":0,"54":0,"55":0,"56":0,"57":0,"58":0,"59":0,"60":0,"61":0,"62":0,"63":0,"64":0,"65":0,"66":0,"67":0,"68":0,"69":0,"70":0,"71":0,"72":0,"73":0,"74":0,"75":0,"76":0,"77":0,"78":0,"79":0,"80":0,"81":0,"82":0,"83":0,"84":0,"85":0,"86":0,"87":0,"88":0,"89":0,"90":0},"f":{"0":0,"1":0,"2":0,"3":0,"4":0,"5":0,"6":0,"7":0,"8":0,"9":0,"10":0,"11":0,"12":0,"13":0,"14":0,"15":0,"16":0,"17":0,"18":0,"19":0,"20":0,"21":0,"22":0,"23":0,"24":0},"b":{"0":[0,0],"1":[0,0],"2":[0,0],"3":[0,0],"4":[0,0],"5":[0,0],"6":[0,0],"7":[0,0],"8":[0,0],"9":[0,0],"10":[0,0],"11":[0,0],"12":[0,0],"13":[0,0],"14":[0,0],"15":[0,0],"16":[0,0],"17":[0,0],"18":[0,0],"19":[0,0],"20":[0,0],"21":[0,0],"22":[0,0],"23":[0,0],"24":[0,0],"25":[0,0],"26":[0,0],"27":[0,0],"28":[0,0],"29":[0,0],"30":[0,0],"31":[0,0],"32":[0,0],"33":[0,0]}}
,"C:\\Users\\jonat\\CascadeProjects\\vex-app-old\\src\\accessibility\\AccessibilitySystem.ts": {"path":"C:\\Users\\jonat\\CascadeProjects\\vex-app-old\\src\\accessibility\\AccessibilitySystem.ts","statementMap":{"0":{"start":{"line":13,"column":24},"end":{"line":13,"column":29}},"1":{"start":{"line":16,"column":4},"end":{"line":16,"column":45}},"2":{"start":{"line":23,"column":4},"end":{"line":23,"column":33}},"3":{"start":{"line":23,"column":26},"end":{"line":23,"column":33}},"4":{"start":{"line":26,"column":4},"end":{"line":26,"column":33}},"5":{"start":{"line":29,"column":4},"end":{"line":29,"column":25}},"6":{"start":{"line":32,"column":4},"end":{"line":32,"column":31}},"7":{"start":{"line":34,"column":4},"end":{"line":34,"column":28}},"8":{"start":{"line":36,"column":4},"end":{"line":39,"column":7}},"9":{"start":{"line":46,"column":27},"end":{"line":46,"column":50}},"10":{"start":{"line":47,"column":4},"end":{"line":47,"column":59}},"11":{"start":{"line":50,"column":4},"end":{"line":50,"column":33}},"12":{"start":{"line":53,"column":4},"end":{"line":53,"column":25}},"13":{"start":{"line":56,"column":4},"end":{"line":61,"column":7}},"14":{"start":{"line":68,"column":4},"end":{"line":68,"column":35}},"15":{"start":{"line":75,"column":4},"end":{"line":75,"column":50}},"16":{"start":{"line":82,"column":4},"end":{"line":82,"column":42}},"17":{"start":{"line":89,"column":4},"end":{"line":89,"column":41}},"18":{"start":{"line":96,"column":4},"end":{"line":96,"column":38}},"19":{"start":{"line":130,"column":54},"end":{"line":130,"column":58}},"20":{"start":{"line":133,"column":2},"end":{"line":135,"column":3}},"21":{"start":{"line":134,"column":4},"end":{"line":134,"column":52}},"22":{"start":{"line":136,"column":2},"end":{"line":136,"column":29}}},"fnMap":{"0":{"name":"(anonymous_0)","decl":{"start":{"line":15,"column":2},"end":{"line":15,"column":3}},"loc":{"start":{"line":15,"column":16},"end":{"line":17,"column":3}},"line":15},"1":{"name":"(anonymous_1)","decl":{"start":{"line":22,"column":2},"end":{"line":22,"column":3}},"loc":{"start":{"line":22,"column":36},"end":{"line":40,"column":3}},"line":22},"2":{"name":"(anonymous_2)","decl":{"start":{"line":45,"column":2},"end":{"line":45,"column":3}},"loc":{"start":{"line":45,"column":85},"end":{"line":62,"column":3}},"line":45},"3":{"name":"(anonymous_3)","decl":{"start":{"line":67,"column":2},"end":{"line":67,"column":3}},"loc":{"start":{"line":67,"column":45},"end":{"line":69,"column":3}},"line":67},"4":{"name":"(anonymous_4)","decl":{"start":{"line":74,"column":2},"end":{"line":74,"column":3}},"loc":{"start":{"line":74,"column":35},"end":{"line":76,"column":3}},"line":74},"5":{"name":"(anonymous_5)","decl":{"start":{"line":81,"column":2},"end":{"line":81,"column":3}},"loc":{"start":{"line":81,"column":36},"end":{"line":83,"column":3}},"line":81},"6":{"name":"(anonymous_6)","decl":{"start":{"line":88,"column":2},"end":{"line":88,"column":3}},"loc":{"start":{"line":88,"column":35},"end":{"line":90,"column":3}},"line":88},"7":{"name":"(anonymous_7)","decl":{"start":{"line":95,"column":2},"end":{"line":95,"column":3}},"loc":{"start":{"line":95,"column":25},"end":{"line":97,"column":3}},"line":95},"8":{"name":"(anonymous_8)","decl":{"start":{"line":102,"column":2},"end":{"line":102,"column":3}},"loc":{"start":{"line":102,"column":49},"end":{"line":105,"column":3}},"line":102},"9":{"name":"(anonymous_9)","decl":{"start":{"line":110,"column":2},"end":{"line":110,"column":3}},"loc":{"start":{"line":110,"column":49},"end":{"line":112,"column":3}},"line":110},"10":{"name":"(anonymous_10)","decl":{"start":{"line":117,"column":2},"end":{"line":117,"column":3}},"loc":{"start":{"line":117,"column":32},"end":{"line":119,"column":3}},"line":117},"11":{"name":"(anonymous_11)","decl":{"start":{"line":124,"column":2},"end":{"line":124,"column":3}},"loc":{"start":{"line":124,"column":38},"end":{"line":126,"column":3}},"line":124},"12":{"name":"getAccessibilitySystem","decl":{"start":{"line":132,"column":16},"end":{"line":132,"column":38}},"loc":{"start":{"line":132,"column":62},"end":{"line":137,"column":1}},"line":132}},"branchMap":{"0":{"loc":{"start":{"line":23,"column":4},"end":{"line":23,"column":33}},"type":"if","locations":[{"start":{"line":23,"column":4},"end":{"line":23,"column":33}},{"start":{},"end":{}}],"line":23},"1":{"loc":{"start":{"line":133,"column":2},"end":{"line":135,"column":3}},"type":"if","locations":[{"start":{"line":133,"column":2},"end":{"line":135,"column":3}},{"start":{},"end":{}}],"line":133}},"s":{"0":0,"1":0,"2":0,"3":0,"4":0,"5":0,"6":0,"7":0,"8":0,"9":0,"10":0,"11":0,"12":0,"13":0,"14":0,"15":0,"16":0,"17":0,"18":0,"19":0,"20":0,"21":0,"22":0},"f":{"0":0,"1":0,"2":0,"3":0,"4":0,"5":0,"6":0,"7":0,"8":0,"9":0,"10":0,"11":0,"12":0},"b":{"0":[0,0],"1":[0,0]}}
,"C:\\Users\\jonat\\CascadeProjects\\vex-app-old\\src\\accessibility\\MotionAccessibility.ts": {"path":"C:\\Users\\jonat\\CascadeProjects\\vex-app-old\\src\\accessibility\\MotionAccessibility.ts","statementMap":{"0":{"start":{"line":12,"column":14},"end":{"line":12,"column":52}},"1":{"start":{"line":33,"column":61},"end":{"line":40,"column":1}},"2":{"start":{"line":71,"column":59},"end":{"line":71,"column":68}},"3":{"start":{"line":72,"column":39},"end":{"line":72,"column":48}},"4":{"start":{"line":75,"column":4},"end":{"line":75,"column":57}},"5":{"start":{"line":76,"column":4},"end":{"line":76,"column":27}},"6":{"start":{"line":80,"column":4},"end":{"line":82,"column":5}},"7":{"start":{"line":81,"column":6},"end":{"line":81,"column":77}},"8":{"start":{"line":83,"column":4},"end":{"line":83,"column":47}},"9":{"start":{"line":91,"column":4},"end":{"line":91,"column":35}},"10":{"start":{"line":95,"column":4},"end":{"line":95,"column":59}},"11":{"start":{"line":96,"column":4},"end":{"line":96,"column":27}},"12":{"start":{"line":97,"column":4},"end":{"line":97,"column":27}},"13":{"start":{"line":98,"column":4},"end":{"line":98,"column":64}},"14":{"start":{"line":102,"column":4},"end":{"line":102,"column":55}},"15":{"start":{"line":106,"column":4},"end":{"line":106,"column":87}},"16":{"start":{"line":110,"column":4},"end":{"line":110,"column":57}},"17":{"start":{"line":114,"column":4},"end":{"line":114,"column":63}},"18":{"start":{"line":122,"column":26},"end":{"line":122,"column":58}},"19":{"start":{"line":124,"column":4},"end":{"line":126,"column":5}},"20":{"start":{"line":125,"column":6},"end":{"line":125,"column":53}},"21":{"start":{"line":128,"column":4},"end":{"line":128,"column":25}},"22":{"start":{"line":132,"column":27},"end":{"line":132,"column":71}},"23":{"start":{"line":134,"column":4},"end":{"line":137,"column":7}},"24":{"start":{"line":139,"column":4},"end":{"line":232,"column":5}},"25":{"start":{"line":141,"column":8},"end":{"line":150,"column":10}},"26":{"start":{"line":153,"column":8},"end":{"line":162,"column":10}},"27":{"start":{"line":165,"column":8},"end":{"line":174,"column":10}},"28":{"start":{"line":177,"column":8},"end":{"line":197,"column":9}},"29":{"start":{"line":178,"column":10},"end":{"line":186,"column":12}},"30":{"start":{"line":189,"column":10},"end":{"line":196,"column":12}},"31":{"start":{"line":200,"column":8},"end":{"line":219,"column":9}},"32":{"start":{"line":201,"column":10},"end":{"line":208,"column":12}},"33":{"start":{"line":211,"column":10},"end":{"line":218,"column":12}},"34":{"start":{"line":222,"column":8},"end":{"line":231,"column":10}},"35":{"start":{"line":240,"column":27},"end":{"line":240,"column":71}},"36":{"start":{"line":242,"column":4},"end":{"line":248,"column":7}},"37":{"start":{"line":256,"column":21},"end":{"line":256,"column":34}},"38":{"start":{"line":259,"column":4},"end":{"line":274,"column":5}},"39":{"start":{"line":260,"column":6},"end":{"line":273,"column":7}},"40":{"start":{"line":262,"column":10},"end":{"line":262,"column":32}},"41":{"start":{"line":263,"column":10},"end":{"line":263,"column":16}},"42":{"start":{"line":265,"column":10},"end":{"line":265,"column":33}},"43":{"start":{"line":266,"column":10},"end":{"line":266,"column":16}},"44":{"start":{"line":268,"column":10},"end":{"line":268,"column":33}},"45":{"start":{"line":269,"column":10},"end":{"line":269,"column":34}},"46":{"start":{"line":270,"column":10},"end":{"line":270,"column":16}},"47":{"start":{"line":272,"column":10},"end":{"line":272,"column":61}},"48":{"start":{"line":277,"column":4},"end":{"line":279,"column":6}},"49":{"start":{"line":282,"column":4},"end":{"line":286,"column":5}},"50":{"start":{"line":284,"column":6},"end":{"line":284,"column":29}},"51":{"start":{"line":285,"column":6},"end":{"line":285,"column":59}},"52":{"start":{"line":288,"column":4},"end":{"line":288,"column":20}},"53":{"start":{"line":292,"column":4},"end":{"line":309,"column":5}},"54":{"start":{"line":294,"column":8},"end":{"line":294,"column":29}},"55":{"start":{"line":296,"column":8},"end":{"line":296,"column":25}},"56":{"start":{"line":298,"column":8},"end":{"line":298,"column":26}},"57":{"start":{"line":300,"column":8},"end":{"line":300,"column":28}},"58":{"start":{"line":302,"column":8},"end":{"line":302,"column":38}},"59":{"start":{"line":304,"column":8},"end":{"line":304,"column":39}},"60":{"start":{"line":306,"column":8},"end":{"line":306,"column":41}},"61":{"start":{"line":308,"column":8},"end":{"line":308,"column":39}},"62":{"start":{"line":317,"column":4},"end":{"line":319,"column":5}},"63":{"start":{"line":318,"column":6},"end":{"line":318,"column":61}},"64":{"start":{"line":320,"column":4},"end":{"line":320,"column":44}},"65":{"start":{"line":324,"column":4},"end":{"line":330,"column":5}},"66":{"start":{"line":327,"column":6},"end":{"line":327,"column":64}},"67":{"start":{"line":329,"column":6},"end":{"line":329,"column":63}},"68":{"start":{"line":334,"column":4},"end":{"line":339,"column":5}},"69":{"start":{"line":336,"column":6},"end":{"line":336,"column":65}},"70":{"start":{"line":338,"column":6},"end":{"line":338,"column":63}},"71":{"start":{"line":343,"column":4},"end":{"line":343,"column":51}},"72":{"start":{"line":343,"column":39},"end":{"line":343,"column":49}},"73":{"start":{"line":351,"column":4},"end":{"line":351,"column":33}},"74":{"start":{"line":352,"column":4},"end":{"line":352,"column":49}},"75":{"start":{"line":352,"column":17},"end":{"line":352,"column":48}},"76":{"start":{"line":356,"column":4},"end":{"line":356,"column":27}},"77":{"start":{"line":364,"column":4},"end":{"line":366,"column":5}},"78":{"start":{"line":365,"column":6},"end":{"line":365,"column":13}},"79":{"start":{"line":369,"column":4},"end":{"line":369,"column":54}},"80":{"start":{"line":377,"column":4},"end":{"line":388,"column":5}},"81":{"start":{"line":382,"column":6},"end":{"line":384,"column":8}},"82":{"start":{"line":386,"column":6},"end":{"line":386,"column":72}},"83":{"start":{"line":387,"column":6},"end":{"line":387,"column":16}},"84":{"start":{"line":399,"column":4},"end":{"line":414,"column":5}},"85":{"start":{"line":400,"column":6},"end":{"line":400,"column":25}},"86":{"start":{"line":402,"column":6},"end":{"line":402,"column":71}},"87":{"start":{"line":404,"column":6},"end":{"line":406,"column":7}},"88":{"start":{"line":405,"column":8},"end":{"line":405,"column":19}},"89":{"start":{"line":409,"column":6},"end":{"line":413,"column":9}},"90":{"start":{"line":427,"column":28},"end":{"line":427,"column":55}},"91":{"start":{"line":428,"column":31},"end":{"line":428,"column":69}},"92":{"start":{"line":430,"column":4},"end":{"line":435,"column":6}},"93":{"start":{"line":443,"column":42},"end":{"line":443,"column":82}},"94":{"start":{"line":450,"column":2},"end":{"line":450,"column":60}},"95":{"start":{"line":454,"column":2},"end":{"line":454,"column":75}},"96":{"start":{"line":458,"column":2},"end":{"line":458,"column":55}},"97":{"start":{"line":462,"column":2},"end":{"line":462,"column":57}},"98":{"start":{"line":474,"column":40},"end":{"line":476,"column":3}},"99":{"start":{"line":478,"column":2},"end":{"line":484,"column":9}},"100":{"start":{"line":479,"column":24},"end":{"line":481,"column":6}},"101":{"start":{"line":480,"column":6},"end":{"line":480,"column":66}},"102":{"start":{"line":483,"column":4},"end":{"line":483,"column":23}},"103":{"start":{"line":486,"column":28},"end":{"line":488,"column":8}},"104":{"start":{"line":487,"column":4},"end":{"line":487,"column":58}},"105":{"start":{"line":490,"column":26},"end":{"line":492,"column":8}},"106":{"start":{"line":491,"column":4},"end":{"line":491,"column":62}},"107":{"start":{"line":494,"column":24},"end":{"line":496,"column":8}},"108":{"start":{"line":495,"column":4},"end":{"line":495,"column":59}},"109":{"start":{"line":498,"column":2},"end":{"line":503,"column":4}},"110":{"start":{"line":513,"column":36},"end":{"line":521,"column":4}},"111":{"start":{"line":514,"column":19},"end":{"line":514,"column":43}},"112":{"start":{"line":516,"column":4},"end":{"line":520,"column":7}},"113":{"start":{"line":523,"column":2},"end":{"line":523,"column":112}},"114":{"start":{"line":524,"column":2},"end":{"line":524,"column":35}},"115":{"start":{"line":531,"column":44},"end":{"line":563,"column":10}}},"fnMap":{"0":{"name":"(anonymous_0)","decl":{"start":{"line":74,"column":2},"end":{"line":74,"column":3}},"loc":{"start":{"line":74,"column":24},"end":{"line":77,"column":3}},"line":74},"1":{"name":"(anonymous_1)","decl":{"start":{"line":79,"column":2},"end":{"line":79,"column":3}},"loc":{"start":{"line":79,"column":51},"end":{"line":84,"column":3}},"line":79},"2":{"name":"(anonymous_2)","decl":{"start":{"line":90,"column":2},"end":{"line":90,"column":3}},"loc":{"start":{"line":90,"column":38},"end":{"line":92,"column":3}},"line":90},"3":{"name":"(anonymous_3)","decl":{"start":{"line":94,"column":2},"end":{"line":94,"column":3}},"loc":{"start":{"line":94,"column":63},"end":{"line":99,"column":3}},"line":94},"4":{"name":"(anonymous_4)","decl":{"start":{"line":101,"column":2},"end":{"line":101,"column":3}},"loc":{"start":{"line":101,"column":43},"end":{"line":103,"column":3}},"line":101},"5":{"name":"(anonymous_5)","decl":{"start":{"line":105,"column":2},"end":{"line":105,"column":3}},"loc":{"start":{"line":105,"column":59},"end":{"line":107,"column":3}},"line":105},"6":{"name":"(anonymous_6)","decl":{"start":{"line":109,"column":2},"end":{"line":109,"column":3}},"loc":{"start":{"line":109,"column":41},"end":{"line":111,"column":3}},"line":109},"7":{"name":"(anonymous_7)","decl":{"start":{"line":113,"column":2},"end":{"line":113,"column":3}},"loc":{"start":{"line":113,"column":47},"end":{"line":115,"column":3}},"line":113},"8":{"name":"(anonymous_8)","decl":{"start":{"line":121,"column":2},"end":{"line":121,"column":3}},"loc":{"start":{"line":121,"column":78},"end":{"line":129,"column":3}},"line":121},"9":{"name":"(anonymous_9)","decl":{"start":{"line":131,"column":2},"end":{"line":131,"column":3}},"loc":{"start":{"line":131,"column":72},"end":{"line":233,"column":3}},"line":131},"10":{"name":"(anonymous_10)","decl":{"start":{"line":235,"column":2},"end":{"line":235,"column":3}},"loc":{"start":{"line":239,"column":33},"end":{"line":249,"column":3}},"line":239},"11":{"name":"(anonymous_11)","decl":{"start":{"line":255,"column":2},"end":{"line":255,"column":3}},"loc":{"start":{"line":255,"column":84},"end":{"line":289,"column":3}},"line":255},"12":{"name":"(anonymous_12)","decl":{"start":{"line":291,"column":2},"end":{"line":291,"column":3}},"loc":{"start":{"line":291,"column":86},"end":{"line":310,"column":3}},"line":291},"13":{"name":"(anonymous_13)","decl":{"start":{"line":316,"column":2},"end":{"line":316,"column":3}},"loc":{"start":{"line":316,"column":64},"end":{"line":321,"column":3}},"line":316},"14":{"name":"(anonymous_14)","decl":{"start":{"line":323,"column":2},"end":{"line":323,"column":3}},"loc":{"start":{"line":323,"column":34},"end":{"line":331,"column":3}},"line":323},"15":{"name":"(anonymous_15)","decl":{"start":{"line":333,"column":2},"end":{"line":333,"column":3}},"loc":{"start":{"line":333,"column":34},"end":{"line":340,"column":3}},"line":333},"16":{"name":"(anonymous_16)","decl":{"start":{"line":342,"column":2},"end":{"line":342,"column":3}},"loc":{"start":{"line":342,"column":34},"end":{"line":344,"column":3}},"line":342},"17":{"name":"(anonymous_17)","decl":{"start":{"line":343,"column":27},"end":{"line":343,"column":28}},"loc":{"start":{"line":343,"column":39},"end":{"line":343,"column":49}},"line":343},"18":{"name":"(anonymous_18)","decl":{"start":{"line":350,"column":2},"end":{"line":350,"column":3}},"loc":{"start":{"line":350,"column":48},"end":{"line":353,"column":3}},"line":350},"19":{"name":"(anonymous_19)","decl":{"start":{"line":352,"column":11},"end":{"line":352,"column":12}},"loc":{"start":{"line":352,"column":17},"end":{"line":352,"column":48}},"line":352},"20":{"name":"(anonymous_20)","decl":{"start":{"line":355,"column":2},"end":{"line":355,"column":3}},"loc":{"start":{"line":355,"column":29},"end":{"line":357,"column":3}},"line":355},"21":{"name":"(anonymous_21)","decl":{"start":{"line":363,"column":2},"end":{"line":363,"column":3}},"loc":{"start":{"line":363,"column":100},"end":{"line":370,"column":3}},"line":363},"22":{"name":"(anonymous_22)","decl":{"start":{"line":376,"column":2},"end":{"line":376,"column":3}},"loc":{"start":{"line":376,"column":77},"end":{"line":389,"column":3}},"line":376},"23":{"name":"(anonymous_23)","decl":{"start":{"line":395,"column":2},"end":{"line":395,"column":3}},"loc":{"start":{"line":398,"column":33},"end":{"line":415,"column":3}},"line":398},"24":{"name":"(anonymous_24)","decl":{"start":{"line":421,"column":2},"end":{"line":421,"column":3}},"loc":{"start":{"line":426,"column":4},"end":{"line":436,"column":3}},"line":426},"25":{"name":"createAccessibleAnimation","decl":{"start":{"line":449,"column":16},"end":{"line":449,"column":41}},"loc":{"start":{"line":449,"column":96},"end":{"line":451,"column":1}},"line":449},"26":{"name":"createAccessibleAnimatedValue","decl":{"start":{"line":453,"column":16},"end":{"line":453,"column":45}},"loc":{"start":{"line":453,"column":99},"end":{"line":455,"column":1}},"line":453},"27":{"name":"setReducedMotion","decl":{"start":{"line":457,"column":16},"end":{"line":457,"column":32}},"loc":{"start":{"line":457,"column":57},"end":{"line":459,"column":1}},"line":457},"28":{"name":"triggerHapticFeedback","decl":{"start":{"line":461,"column":16},"end":{"line":461,"column":37}},"loc":{"start":{"line":461,"column":114},"end":{"line":463,"column":1}},"line":461},"29":{"name":"useMotionAccessibility","decl":{"start":{"line":469,"column":16},"end":{"line":469,"column":38}},"loc":{"start":{"line":473,"column":2},"end":{"line":504,"column":1}},"line":473},"30":{"name":"(anonymous_30)","decl":{"start":{"line":478,"column":18},"end":{"line":478,"column":19}},"loc":{"start":{"line":478,"column":24},"end":{"line":484,"column":3}},"line":478},"31":{"name":"(anonymous_31)","decl":{"start":{"line":479,"column":63},"end":{"line":479,"column":64}},"loc":{"start":{"line":479,"column":69},"end":{"line":481,"column":5}},"line":479},"32":{"name":"(anonymous_32)","decl":{"start":{"line":486,"column":46},"end":{"line":486,"column":47}},"loc":{"start":{"line":486,"column":87},"end":{"line":488,"column":3}},"line":486},"33":{"name":"(anonymous_33)","decl":{"start":{"line":490,"column":44},"end":{"line":490,"column":45}},"loc":{"start":{"line":490,"column":73},"end":{"line":492,"column":3}},"line":490},"34":{"name":"(anonymous_34)","decl":{"start":{"line":494,"column":42},"end":{"line":494,"column":43}},"loc":{"start":{"line":494,"column":116},"end":{"line":496,"column":3}},"line":494},"35":{"name":"withMotionAccessibility","decl":{"start":{"line":510,"column":16},"end":{"line":510,"column":39}},"loc":{"start":{"line":512,"column":26},"end":{"line":525,"column":1}},"line":512},"36":{"name":"(anonymous_36)","decl":{"start":{"line":513,"column":61},"end":{"line":513,"column":62}},"loc":{"start":{"line":513,"column":77},"end":{"line":521,"column":3}},"line":513}},"branchMap":{"0":{"loc":{"start":{"line":80,"column":4},"end":{"line":82,"column":5}},"type":"if","locations":[{"start":{"line":80,"column":4},"end":{"line":82,"column":5}},{"start":{},"end":{}}],"line":80},"1":{"loc":{"start":{"line":121,"column":22},"end":{"line":121,"column":46}},"type":"default-arg","locations":[{"start":{"line":121,"column":45},"end":{"line":121,"column":46}}],"line":121},"2":{"loc":{"start":{"line":124,"column":4},"end":{"line":126,"column":5}},"type":"if","locations":[{"start":{"line":124,"column":4},"end":{"line":126,"column":5}},{"start":{},"end":{}}],"line":124},"3":{"loc":{"start":{"line":139,"column":4},"end":{"line":232,"column":5}},"type":"switch","locations":[{"start":{"line":140,"column":6},"end":{"line":150,"column":10}},{"start":{"line":152,"column":6},"end":{"line":162,"column":10}},{"start":{"line":164,"column":6},"end":{"line":174,"column":10}},{"start":{"line":176,"column":6},"end":{"line":197,"column":9}},{"start":{"line":199,"column":6},"end":{"line":219,"column":9}},{"start":{"line":221,"column":6},"end":{"line":231,"column":10}}],"line":139},"4":{"loc":{"start":{"line":145,"column":22},"end":{"line":145,"column":52}},"type":"binary-expr","locations":[{"start":{"line":145,"column":22},"end":{"line":145,"column":45}},{"start":{"line":145,"column":49},"end":{"line":145,"column":52}}],"line":145},"5":{"loc":{"start":{"line":146,"column":19},"end":{"line":146,"column":44}},"type":"binary-expr","locations":[{"start":{"line":146,"column":19},"end":{"line":146,"column":39}},{"start":{"line":146,"column":43},"end":{"line":146,"column":44}}],"line":146},"6":{"loc":{"start":{"line":147,"column":20},"end":{"line":147,"column":109}},"type":"cond-expr","locations":[{"start":{"line":147,"column":44},"end":{"line":147,"column":83}},{"start":{"line":147,"column":86},"end":{"line":147,"column":109}}],"line":147},"7":{"loc":{"start":{"line":148,"column":29},"end":{"line":148,"column":67}},"type":"binary-expr","locations":[{"start":{"line":148,"column":29},"end":{"line":148,"column":59}},{"start":{"line":148,"column":63},"end":{"line":148,"column":67}}],"line":148},"8":{"loc":{"start":{"line":157,"column":22},"end":{"line":157,"column":52}},"type":"binary-expr","locations":[{"start":{"line":157,"column":22},"end":{"line":157,"column":45}},{"start":{"line":157,"column":49},"end":{"line":157,"column":52}}],"line":157},"9":{"loc":{"start":{"line":158,"column":19},"end":{"line":158,"column":44}},"type":"binary-expr","locations":[{"start":{"line":158,"column":19},"end":{"line":158,"column":39}},{"start":{"line":158,"column":43},"end":{"line":158,"column":44}}],"line":158},"10":{"loc":{"start":{"line":159,"column":20},"end":{"line":159,"column":109}},"type":"cond-expr","locations":[{"start":{"line":159,"column":44},"end":{"line":159,"column":83}},{"start":{"line":159,"column":86},"end":{"line":159,"column":109}}],"line":159},"11":{"loc":{"start":{"line":160,"column":29},"end":{"line":160,"column":67}},"type":"binary-expr","locations":[{"start":{"line":160,"column":29},"end":{"line":160,"column":59}},{"start":{"line":160,"column":63},"end":{"line":160,"column":67}}],"line":160},"12":{"loc":{"start":{"line":169,"column":22},"end":{"line":169,"column":52}},"type":"binary-expr","locations":[{"start":{"line":169,"column":22},"end":{"line":169,"column":45}},{"start":{"line":169,"column":49},"end":{"line":169,"column":52}}],"line":169},"13":{"loc":{"start":{"line":170,"column":19},"end":{"line":170,"column":44}},"type":"binary-expr","locations":[{"start":{"line":170,"column":19},"end":{"line":170,"column":39}},{"start":{"line":170,"column":43},"end":{"line":170,"column":44}}],"line":170},"14":{"loc":{"start":{"line":171,"column":20},"end":{"line":171,"column":109}},"type":"cond-expr","locations":[{"start":{"line":171,"column":44},"end":{"line":171,"column":83}},{"start":{"line":171,"column":86},"end":{"line":171,"column":109}}],"line":171},"15":{"loc":{"start":{"line":172,"column":29},"end":{"line":172,"column":67}},"type":"binary-expr","locations":[{"start":{"line":172,"column":29},"end":{"line":172,"column":59}},{"start":{"line":172,"column":63},"end":{"line":172,"column":67}}],"line":172},"16":{"loc":{"start":{"line":177,"column":8},"end":{"line":197,"column":9}},"type":"if","locations":[{"start":{"line":177,"column":8},"end":{"line":197,"column":9}},{"start":{"line":187,"column":15},"end":{"line":197,"column":9}}],"line":177},"17":{"loc":{"start":{"line":184,"column":31},"end":{"line":184,"column":69}},"type":"binary-expr","locations":[{"start":{"line":184,"column":31},"end":{"line":184,"column":61}},{"start":{"line":184,"column":65},"end":{"line":184,"column":69}}],"line":184},"18":{"loc":{"start":{"line":193,"column":24},"end":{"line":193,"column":54}},"type":"binary-expr","locations":[{"start":{"line":193,"column":24},"end":{"line":193,"column":47}},{"start":{"line":193,"column":51},"end":{"line":193,"column":54}}],"line":193},"19":{"loc":{"start":{"line":194,"column":31},"end":{"line":194,"column":69}},"type":"binary-expr","locations":[{"start":{"line":194,"column":31},"end":{"line":194,"column":61}},{"start":{"line":194,"column":65},"end":{"line":194,"column":69}}],"line":194},"20":{"loc":{"start":{"line":200,"column":8},"end":{"line":219,"column":9}},"type":"if","locations":[{"start":{"line":200,"column":8},"end":{"line":219,"column":9}},{"start":{"line":209,"column":15},"end":{"line":219,"column":9}}],"line":200},"21":{"loc":{"start":{"line":205,"column":24},"end":{"line":205,"column":54}},"type":"binary-expr","locations":[{"start":{"line":205,"column":24},"end":{"line":205,"column":47}},{"start":{"line":205,"column":51},"end":{"line":205,"column":54}}],"line":205},"22":{"loc":{"start":{"line":206,"column":31},"end":{"line":206,"column":69}},"type":"binary-expr","locations":[{"start":{"line":206,"column":31},"end":{"line":206,"column":61}},{"start":{"line":206,"column":65},"end":{"line":206,"column":69}}],"line":206},"23":{"loc":{"start":{"line":216,"column":31},"end":{"line":216,"column":69}},"type":"binary-expr","locations":[{"start":{"line":216,"column":31},"end":{"line":216,"column":61}},{"start":{"line":216,"column":65},"end":{"line":216,"column":69}}],"line":216},"24":{"loc":{"start":{"line":226,"column":22},"end":{"line":226,"column":52}},"type":"binary-expr","locations":[{"start":{"line":226,"column":22},"end":{"line":226,"column":45}},{"start":{"line":226,"column":49},"end":{"line":226,"column":52}}],"line":226},"25":{"loc":{"start":{"line":227,"column":19},"end":{"line":227,"column":44}},"type":"binary-expr","locations":[{"start":{"line":227,"column":19},"end":{"line":227,"column":39}},{"start":{"line":227,"column":43},"end":{"line":227,"column":44}}],"line":227},"26":{"loc":{"start":{"line":228,"column":20},"end":{"line":228,"column":109}},"type":"cond-expr","locations":[{"start":{"line":228,"column":44},"end":{"line":228,"column":83}},{"start":{"line":228,"column":86},"end":{"line":228,"column":109}}],"line":228},"27":{"loc":{"start":{"line":229,"column":29},"end":{"line":229,"column":67}},"type":"binary-expr","locations":[{"start":{"line":229,"column":29},"end":{"line":229,"column":59}},{"start":{"line":229,"column":63},"end":{"line":229,"column":67}}],"line":229},"28":{"loc":{"start":{"line":244,"column":16},"end":{"line":244,"column":46}},"type":"binary-expr","locations":[{"start":{"line":244,"column":16},"end":{"line":244,"column":39}},{"start":{"line":244,"column":43},"end":{"line":244,"column":46}}],"line":244},"29":{"loc":{"start":{"line":245,"column":13},"end":{"line":245,"column":38}},"type":"binary-expr","locations":[{"start":{"line":245,"column":13},"end":{"line":245,"column":33}},{"start":{"line":245,"column":37},"end":{"line":245,"column":38}}],"line":245},"30":{"loc":{"start":{"line":246,"column":14},"end":{"line":246,"column":103}},"type":"cond-expr","locations":[{"start":{"line":246,"column":38},"end":{"line":246,"column":77}},{"start":{"line":246,"column":80},"end":{"line":246,"column":103}}],"line":246},"31":{"loc":{"start":{"line":247,"column":23},"end":{"line":247,"column":61}},"type":"binary-expr","locations":[{"start":{"line":247,"column":23},"end":{"line":247,"column":53}},{"start":{"line":247,"column":57},"end":{"line":247,"column":61}}],"line":247},"32":{"loc":{"start":{"line":259,"column":4},"end":{"line":274,"column":5}},"type":"if","locations":[{"start":{"line":259,"column":4},"end":{"line":274,"column":5}},{"start":{},"end":{}}],"line":259},"33":{"loc":{"start":{"line":260,"column":6},"end":{"line":273,"column":7}},"type":"switch","locations":[{"start":{"line":261,"column":8},"end":{"line":263,"column":16}},{"start":{"line":264,"column":8},"end":{"line":266,"column":16}},{"start":{"line":267,"column":8},"end":{"line":270,"column":16}},{"start":{"line":271,"column":8},"end":{"line":272,"column":61}}],"line":260},"34":{"loc":{"start":{"line":282,"column":4},"end":{"line":286,"column":5}},"type":"if","locations":[{"start":{"line":282,"column":4},"end":{"line":286,"column":5}},{"start":{},"end":{}}],"line":282},"35":{"loc":{"start":{"line":282,"column":8},"end":{"line":283,"column":58}},"type":"binary-expr","locations":[{"start":{"line":282,"column":8},"end":{"line":282,"column":53}},{"start":{"line":283,"column":8},"end":{"line":283,"column":58}}],"line":282},"36":{"loc":{"start":{"line":292,"column":4},"end":{"line":309,"column":5}},"type":"switch","locations":[{"start":{"line":293,"column":6},"end":{"line":294,"column":29}},{"start":{"line":295,"column":6},"end":{"line":296,"column":25}},{"start":{"line":297,"column":6},"end":{"line":298,"column":26}},{"start":{"line":299,"column":6},"end":{"line":300,"column":28}},{"start":{"line":301,"column":6},"end":{"line":302,"column":38}},{"start":{"line":303,"column":6},"end":{"line":304,"column":39}},{"start":{"line":305,"column":6},"end":{"line":306,"column":41}},{"start":{"line":307,"column":6},"end":{"line":308,"column":39}}],"line":292},"37":{"loc":{"start":{"line":317,"column":4},"end":{"line":319,"column":5}},"type":"if","locations":[{"start":{"line":317,"column":4},"end":{"line":319,"column":5}},{"start":{},"end":{}}],"line":317},"38":{"loc":{"start":{"line":364,"column":4},"end":{"line":366,"column":5}},"type":"if","locations":[{"start":{"line":364,"column":4},"end":{"line":366,"column":5}},{"start":{},"end":{}}],"line":364},"39":{"loc":{"start":{"line":404,"column":6},"end":{"line":406,"column":7}},"type":"if","locations":[{"start":{"line":404,"column":6},"end":{"line":406,"column":7}},{"start":{},"end":{}}],"line":404},"40":{"loc":{"start":{"line":428,"column":31},"end":{"line":428,"column":69}},"type":"cond-expr","locations":[{"start":{"line":428,"column":64},"end":{"line":428,"column":65}},{"start":{"line":428,"column":68},"end":{"line":428,"column":69}}],"line":428},"41":{"loc":{"start":{"line":523,"column":69},"end":{"line":523,"column":108}},"type":"binary-expr","locations":[{"start":{"line":523,"column":69},"end":{"line":523,"column":90}},{"start":{"line":523,"column":94},"end":{"line":523,"column":108}}],"line":523}},"s":{"0":0,"1":0,"2":0,"3":0,"4":0,"5":0,"6":0,"7":0,"8":0,"9":0,"10":0,"11":0,"12":0,"13":0,"14":0,"15":0,"16":0,"17":0,"18":0,"19":0,"20":0,"21":0,"22":0,"23":0,"24":0,"25":0,"26":0,"27":0,"28":0,"29":0,"30":0,"31":0,"32":0,"33":0,"34":0,"35":0,"36":0,"37":0,"38":0,"39":0,"40":0,"41":0,"42":0,"43":0,"44":0,"45":0,"46":0,"47":0,"48":0,"49":0,"50":0,"51":0,"52":0,"53":0,"54":0,"55":0,"56":0,"57":0,"58":0,"59":0,"60":0,"61":0,"62":0,"63":0,"64":0,"65":0,"66":0,"67":0,"68":0,"69":0,"70":0,"71":0,"72":0,"73":0,"74":0,"75":0,"76":0,"77":0,"78":0,"79":0,"80":0,"81":0,"82":0,"83":0,"84":0,"85":0,"86":0,"87":0,"88":0,"89":0,"90":0,"91":0,"92":0,"93":0,"94":0,"95":0,"96":0,"97":0,"98":0,"99":0,"100":0,"101":0,"102":0,"103":0,"104":0,"105":0,"106":0,"107":0,"108":0,"109":0,"110":0,"111":0,"112":0,"113":0,"114":0,"115":0},"f":{"0":0,"1":0,"2":0,"3":0,"4":0,"5":0,"6":0,"7":0,"8":0,"9":0,"10":0,"11":0,"12":0,"13":0,"14":0,"15":0,"16":0,"17":0,"18":0,"19":0,"20":0,"21":0,"22":0,"23":0,"24":0,"25":0,"26":0,"27":0,"28":0,"29":0,"30":0,"31":0,"32":0,"33":0,"34":0,"35":0,"36":0},"b":{"0":[0,0],"1":[0],"2":[0,0],"3":[0,0,0,0,0,0],"4":[0,0],"5":[0,0],"6":[0,0],"7":[0,0],"8":[0,0],"9":[0,0],"10":[0,0],"11":[0,0],"12":[0,0],"13":[0,0],"14":[0,0],"15":[0,0],"16":[0,0],"17":[0,0],"18":[0,0],"19":[0,0],"20":[0,0],"21":[0,0],"22":[0,0],"23":[0,0],"24":[0,0],"25":[0,0],"26":[0,0],"27":[0,0],"28":[0,0],"29":[0,0],"30":[0,0],"31":[0,0],"32":[0,0],"33":[0,0,0,0],"34":[0,0],"35":[0,0],"36":[0,0,0,0,0,0,0,0],"37":[0,0],"38":[0,0],"39":[0,0],"40":[0,0],"41":[0,0]}}
,"C:\\Users\\jonat\\CascadeProjects\\vex-app-old\\src\\accessibility\\audit.ts": {"path":"C:\\Users\\jonat\\CascadeProjects\\vex-app-old\\src\\accessibility\\audit.ts","statementMap":{"0":{"start":{"line":15,"column":39},"end":{"line":15,"column":41}},"1":{"start":{"line":16,"column":28},"end":{"line":16,"column":50}},"2":{"start":{"line":19,"column":2},"end":{"line":30,"column":5}},"3":{"start":{"line":20,"column":4},"end":{"line":29,"column":5}},"4":{"start":{"line":21,"column":6},"end":{"line":28,"column":9}},"5":{"start":{"line":34,"column":28},"end":{"line":34,"column":51}},"6":{"start":{"line":35,"column":2},"end":{"line":44,"column":5}},"7":{"start":{"line":36,"column":4},"end":{"line":43,"column":7}},"8":{"start":{"line":47,"column":16},"end":{"line":47,"column":77}},"9":{"start":{"line":49,"column":2},"end":{"line":53,"column":4}},"10":{"start":{"line":62,"column":2},"end":{"line":65,"column":5}},"11":{"start":{"line":64,"column":4},"end":{"line":64,"column":73}},"12":{"start":{"line":72,"column":2},"end":{"line":72,"column":37}},"13":{"start":{"line":72,"column":26},"end":{"line":72,"column":37}},"14":{"start":{"line":74,"column":25},"end":{"line":74,"column":77}},"15":{"start":{"line":74,"column":44},"end":{"line":74,"column":69}},"16":{"start":{"line":75,"column":21},"end":{"line":75,"column":69}},"17":{"start":{"line":75,"column":40},"end":{"line":75,"column":61}},"18":{"start":{"line":76,"column":23},"end":{"line":76,"column":73}},"19":{"start":{"line":76,"column":42},"end":{"line":76,"column":65}},"20":{"start":{"line":77,"column":20},"end":{"line":77,"column":67}},"21":{"start":{"line":77,"column":39},"end":{"line":77,"column":59}},"22":{"start":{"line":80,"column":25},"end":{"line":80,"column":104}},"23":{"start":{"line":81,"column":27},"end":{"line":81,"column":44}},"24":{"start":{"line":83,"column":16},"end":{"line":83,"column":91}},"25":{"start":{"line":84,"column":2},"end":{"line":84,"column":27}},"26":{"start":{"line":91,"column":19},"end":{"line":91,"column":56}},"27":{"start":{"line":93,"column":2},"end":{"line":102,"column":3}},"28":{"start":{"line":94,"column":4},"end":{"line":101,"column":6}},"29":{"start":{"line":104,"column":2},"end":{"line":104,"column":14}},"30":{"start":{"line":108,"column":2},"end":{"line":108,"column":49}}},"fnMap":{"0":{"name":"auditScreen","decl":{"start":{"line":14,"column":16},"end":{"line":14,"column":27}},"loc":{"start":{"line":14,"column":50},"end":{"line":54,"column":1}},"line":14},"1":{"name":"(anonymous_1)","decl":{"start":{"line":19,"column":28},"end":{"line":19,"column":29}},"loc":{"start":{"line":19,"column":39},"end":{"line":30,"column":3}},"line":19},"2":{"name":"(anonymous_2)","decl":{"start":{"line":35,"column":28},"end":{"line":35,"column":29}},"loc":{"start":{"line":35,"column":39},"end":{"line":44,"column":3}},"line":35},"3":{"name":"findUnlabeledElements","decl":{"start":{"line":59,"column":9},"end":{"line":59,"column":30}},"loc":{"start":{"line":59,"column":53},"end":{"line":66,"column":1}},"line":59},"4":{"name":"(anonymous_4)","decl":{"start":{"line":62,"column":39},"end":{"line":62,"column":40}},"loc":{"start":{"line":62,"column":50},"end":{"line":65,"column":3}},"line":62},"5":{"name":"calculateAccessibilityScore","decl":{"start":{"line":71,"column":9},"end":{"line":71,"column":36}},"loc":{"start":{"line":71,"column":97},"end":{"line":85,"column":1}},"line":71},"6":{"name":"(anonymous_6)","decl":{"start":{"line":7
[...]
,"C:\\Users\\jonat\\CascadeProjects\\vex-app-old\\src\\shared\\ui\\create-sheet.ts": {"path":"C:\\Users\\jonat\\CascadeProjects\\vex-app-old\\src\\shared\\ui\\create-sheet.ts","statementMap":{},"fnMap":{},"branchMap":{},"s":{},"f":{},"b":{},"_coverageSchema":"1a1c01bbd47fc00a2c39e90264f33305004495a9","hash":"0df4353738f6169c963331a75477119608837066"}
,"C:\\Users\\jonat\\CascadeProjects\\vex-app-old\\src\\shared\\ui\\state-components.tsx": {"path":"C:\\Users\\jonat\\CascadeProjects\\vex-app-old\\src\\shared\\ui\\state-components.tsx","statementMap":{},"fnMap":{},"branchMap":{},"s":{},"f":{},"b":{}}
,"C:\\Users\\jonat\\CascadeProjects\\vex-app-old\\src\\shared\\ui\\components\\AnimatedCounter.tsx": {"path":"C:\\Users\\jonat\\CascadeProjects\\vex-app-old\\src\\shared\\ui\\components\\AnimatedCounter.tsx","statementMap":{},"fnMap":{},"branchMap":{},"s":{},"f":{},"b":{}}
,"C:\\Users\\jonat\\CascadeProjects\\vex-app-old\\src\\shared\\ui\\components\\DataList.tsx": {"path":"C:\\Users\\jonat\\CascadeProjects\\vex-app-old\\src\\shared\\ui\\components\\DataList.tsx","statementMap":{},"fnMap":{},"branchMap":{},"s":{},"f":{},"b":{}}
,"C:\\Users\\jonat\\CascadeProjects\\vex-app-old\\src\\shared\\ui\\components\\DataListFlashList.tsx": {"path":"C:\\Users\\jonat\\CascadeProjects\\vex-app-old\\src\\shared\\ui\\components\\DataListFlashList.tsx","statementMap":{},"fnMap":{},"branchMap":{},"s":{},"f":{},"b":{}}
,"C:\\Users\\jonat\\CascadeProjects\\vex-app-old\\src\\shared\\ui\\components\\EmptyState.tsx": {"path":"C:\\Users\\jonat\\CascadeProjects\\vex-app-old\\src\\shared\\ui\\components\\EmptyState.tsx","statementMap":{},"fnMap":{},"branchMap":{},"s":{},"f":{},"b":{}}
,"C:\\Users\\jonat\\CascadeProjects\\vex-app-old\\src\\shared\\ui\\components\\EnhancedSkeleton.tsx": {"path":"C:\\Users\\jonat\\CascadeProjects\\vex-app-old\\src\\shared\\ui\\components\\EnhancedSkeleton.tsx","statementMap":{},"fnMap":{},"branchMap":{},"s":{},"f":{},"b":{}}
,"C:\\Users\\jonat\\CascadeProjects\\vex-app-old\\src\\shared\\ui\\components\\EnterAnimation.tsx": {"path":"C:\\Users\\jonat\\CascadeProjects\\vex-app-old\\src\\shared\\ui\\components\\EnterAnimation.tsx","statementMap":{},"fnMap":{},"branchMap":{},"s":{},"f":{},"b":{}}
,"C:\\Users\\jonat\\CascadeProjects\\vex-app-old\\src\\shared\\ui\\components\\FormField.tsx": {"path":"C:\\Users\\jonat\\CascadeProjects\\vex-app-old\\src\\shared\\ui\\components\\FormField.tsx","statementMap":{},"fnMap":{},"branchMap":{},"s":{},"f":{},"b":{}}
,"C:\\Users\\jonat\\CascadeProjects\\vex-app-old\\src\\shared\\ui\\components\\InteractiveCard.tsx": {"path":"C:\\Users\\jonat\\CascadeProjects\\vex-app-old\\src\\shared\\ui\\components\\InteractiveCard.tsx","statementMap":{},"fnMap":{},"branchMap":{},"s":{},"f":{},"b":{}}
,"C:\\Users\\jonat\\CascadeProjects\\vex-app-old\\src\\shared\\ui\\components\\MicroRewardBanner.tsx": {"path":"C:\\Users\\jonat\\CascadeProjects\\vex-app-old\\src\\shared\\ui\\components\\MicroRewardBanner.tsx","statementMap":{},"fnMap":{},"branchMap":{},"s":{},"f":{},"b":{}}
,"C:\\Users\\jonat\\CascadeProjects\\vex-app-old\\src\\shared\\ui\\components\\OfflineBanner.tsx": {"path":"C:\\Users\\jonat\\CascadeProjects\\vex-app-old\\src\\shared\\ui\\components\\OfflineBanner.tsx","statementMap":{},"fnMap":{},"branchMap":{},"s":{},"f":{},"b":{}}
,"C:\\Users\\jonat\\CascadeProjects\\vex-app-old\\src\\shared\\ui\\components\\ProgressSteps.tsx": {"path":"C:\\Users\\jonat\\CascadeProjects\\vex-app-old\\src\\shared\\ui\\components\\ProgressSteps.tsx","statementMap":{},"fnMap":{},"branchMap":{},"s":{},"f":{},"b":{}}
,"C:\\Users\\jonat\\CascadeProjects\\vex-app-old\\src\\shared\\ui\\components\\ScreenErrorBoundary.tsx": {"path":"C:\\Users\\jonat\\CascadeProjects\\vex-app-old\\src\\shared\\ui\\components\\ScreenErrorBoundary.tsx","statementMap":{},"fnMap":{},"branchMap":{},"s":{},"f":{},"b":{}}
,"C:\\Users\\jonat\\CascadeProjects\\vex-app-old\\src\\shared\\ui\\components\\StatusFeedback.tsx": {"path":"C:\\Users\\jonat\\CascadeProjects\\vex-app-old\\src\\shared\\ui\\components\\StatusFeedback.tsx","statementMap":{},"fnMap":{},"branchMap":{},"s":{},"f":{},"b":{}}
,"C:\\Users\\jonat\\CascadeProjects\\vex-app-old\\src\\shared\\ui\\components\\TabBar.tsx": {"path":"C:\\Users\\jonat\\CascadeProjects\\vex-app-old\\src\\shared\\ui\\components\\TabBar.tsx","statementMap":{},"fnMap":{},"branchMap":{},"s":{},"f":{},"b":{}}
,"C:\\Users\\jonat\\CascadeProjects\\vex-app-old\\src\\shared\\ui\\components\\Toast.tsx": {"path":"C:\\Users\\jonat\\CascadeProjects\\vex-app-old\\src\\shared\\ui\\components\\Toast.tsx","statementMap":{},"fnMap":{},"branchMap":{},"s":{},"f":{},"b":{}}
,"C:\\Users\\jonat\\CascadeProjects\\vex-app-old\\src\\shared\\ui\\components\\TransitionWrapper.tsx": {"path":"C:\\Users\\jonat\\CascadeProjects\\vex-app-old\\src\\shared\\ui\\components\\TransitionWrapper.tsx","statementMap":{},"fnMap":{},"branchMap":{},"s":{},"f":{},"b":{}}
,"C:\\Users\\jonat\\CascadeProjects\\vex-app-old\\src\\shared\\ui\\components\\WittyLoadingState.tsx": {"path":"C:\\Users\\jonat\\CascadeProjects\\vex-app-old\\src\\shared\\ui\\components\\WittyLoadingState.tsx","statementMap":{},"fnMap":{},"branchMap":{},"s":{},"f":{},"b":{}}
,"C:\\Users\\jonat\\CascadeProjects\\vex-app-old\\src\\shared\\ui\\components\\index.ts": {"path":"C:\\Users\\jonat\\CascadeProjects\\vex-app-old\\src\\shared\\ui\\components\\index.ts","statementMap":{},"fnMap":{},"branchMap":{},"s":{},"f":{},"b":{}}
,"C:\\Users\\jonat\\CascadeProjects\\vex-app-old\\src\\shared\\ui\\hooks\\useAnimation.ts": {"path":"C:\\Users\\jonat\\CascadeProjects\\vex-app-old\\src\\shared\\ui\\hooks\\useAnimation.ts","statementMap":{},"fnMap":{},"branchMap":{},"s":{},"f":{},"b":{}}
,"C:\\Users\\jonat\\CascadeProjects\\vex-app-old\\src\\shared\\ui\\hooks\\useReanimated.ts": {"path":"C:\\Users\\jonat\\CascadeProjects\\vex-app-old\\src\\shared\\ui\\hooks\\useReanimated.ts","statementMap":{},"fnMap":{},"branchMap":{},"s":{},"f":{},"b":{}}
,"C:\\Users\\jonat\\CascadeProjects\\vex-app-old\\src\\shared\\ui\\primitives\\EmptyState.tsx": {"path":"C:\\Users\\jonat\\CascadeProjects\\vex-app-old\\src\\shared\\ui\\primitives\\EmptyState.tsx","statementMap":{},"fnMap":{},"branchMap":{},"s":{},"f":{},"b":{}}
,"C:\\Users\\jonat\\CascadeProjects\\vex-app-old\\src\\shared\\ui\\primitives\\LoadingOverlay.tsx": {"path":"C:\\Users\\jonat\\CascadeProjects\\vex-app-old\\src\\shared\\ui\\primitives\\LoadingOverlay.tsx","statementMap":{},"fnMap":{},"branchMap":{},"s":{},"f":{},"b":{}}
,"C:\\Users\\jonat\\CascadeProjects\\vex-app-old\\src\\shared\\ui\\primitives\\Skeleton.tsx": {"path":"C:\\Users\\jonat\\CascadeProjects\\vex-app-old\\src\\shared\\ui\\primitives\\Skeleton.tsx","statementMap":{},"fnMap":{},"branchMap":{},"s":{},"f":{},"b":{}}
,"C:\\Users\\jonat\\CascadeProjects\\vex-app-old\\src\\shared\\ui\\primitives\\index.ts": {"path":"C:\\Users\\jonat\\CascadeProjects\\vex-app-old\\src\\shared\\ui\\primitives\\index.ts","statementMap":{},"fnMap":{},"branchMap":{},"s":{},"f":{},"b":{}}
,"C:\\Users\\jonat\\CascadeProjects\\vex-app-old\\src\\shared\\utils\\rarity.ts": {"path":"C:\\Users\\jonat\\CascadeProjects\\vex-app-old\\src\\shared\\utils\\rarity.ts","statementMap":{},"fnMap":{},"branchMap":{},"s":{},"f":{},"b":{}}
,"C:\\Users\\jonat\\CascadeProjects\\vex-app-old\\src\\shared\\utils\\validation.ts": {"path":"C:\\Users\\jonat\\CascadeProjects\\vex-app-old\\src\\shared\\utils\\validation.ts","statementMap":{},"fnMap":{},"branchMap":{},"s":{},"f":{},"b":{}}
,"C:\\Users\\jonat\\CascadeProjects\\vex-app-old\\src\\store\\index.ts": {"path":"C:\\Users\\jonat\\CascadeProjects\\vex-app-old\\src\\store\\index.ts","statementMap":{},"fnMap":{},"branchMap":{},"s":{},"f":{},"b":{}}
,"C:\\Users\\jonat\\CascadeProjects\\vex-app-old\\src\\store\\mmkv-storage.ts": {"path":"C:\\Users\\jonat\\CascadeProjects\\vex-app-old\\src\\store\\mmkv-storage.ts","statementMap":{},"fnMap":{},"branchMap":{},"s":{},"f":{},"b":{}}
,"C:\\Users\\jonat\\CascadeProjects\\vex-app-old\\src\\store\\session-state.ts": {"path":"C:\\Users\\jonat\\CascadeProjects\\vex-app-old\\src\\store\\session-state.ts","statementMap":{},"fnMap":{},"branchMap":{},"s":{},"f":{},"b":{}}
,"C:\\Users\\jonat\\CascadeProjects\\vex-app-old\\src\\streaks\\StreakService.ts": {"path":"C:\\Users\\jonat\\CascadeProjects\\vex-app-old\\src\\streaks\\StreakService.ts","statementMap":{},"fnMap":{},"branchMap":{},"s":{},"f":{},"b":{}}
,"C:\\Users\\jonat\\CascadeProjects\\vex-app-old\\src\\streaks\\index.ts": {"path":"C:\\Users\\jonat\\CascadeProjects\\vex-app-old\\src\\streaks\\index.ts","statementMap":{},"fnMap":{},"branchMap":{},"s":{},"f":{},"b":{}}
,"C:\\Users\\jonat\\CascadeProjects\\vex-app-old\\src\\supabase\\client.ts": {"path":"C:\\Users\\jonat\\CascadeProjects\\vex-app-old\\src\\supabase\\client.ts","statementMap":{},"fnMap":{},"branchMap":{},"s":{},"f":{},"b":{}}
,"C:\\Users\\jonat\\CascadeProjects\\vex-app-old\\src\\theme\\ThemeContext.tsx": {"path":"C:\\Users\\jonat\\CascadeProjects\\vex-app-old\\src\\theme\\ThemeContext.tsx","statementMap":{},"fnMap":{},"branchMap":{},"s":{},"f":{},"b":{}}
,"C:\\Users\\jonat\\CascadeProjects\\vex-app-old\\src\\theme\\ThemeService.ts": {"path":"C:\\Users\\jonat\\CascadeProjects\\vex-app-old\\src\\theme\\ThemeService.ts","statementMap":{},"fnMap":{},"branchMap":{},"s":{},"f":{},"b":{}}
,"C:\\Users\\jonat\\CascadeProjects\\vex-app-old\\src\\theme\\config.ts": {"path":"C:\\Users\\jonat\\CascadeProjects\\vex-app-old\\src\\theme\\config.ts","statementMap":{},"fnMap":{},"branchMap":{},"s":{},"f":{},"b":{}}
,"C:\\Users\\jonat\\CascadeProjects\\vex-app-old\\src\\theme\\createTheme.ts": {"path":"C:\\Users\\jonat\\CascadeProjects\\vex-app-old\\src\\theme\\createTheme.ts","statementMap":{},"fnMap":{},"branchMap":{},"s":{},"f":{},"b":{}}
,"C:\\Users\\jonat\\CascadeProjects\\vex-app-old\\src\\theme\\index.ts": {"path":"C:\\Users\\jonat\\CascadeProjects\\vex-app-old\\src\\theme\\index.ts","statementMap":{},"fnMap":{},"branchMap":{},"s":{},"f":{},"b":{},"_coverageSchema":"1a1c01bbd47fc00a2c39e90264f33305004495a9","hash":"6820bec89c9b79ec883b8e26dc3800c8a9c84294"}
,"C:\\Users\\jonat\\CascadeProjects\\vex-app-old\\src\\theme\\responsive.ts": {"path":"C:\\Users\\jonat\\CascadeProjects\\vex-app-old\\src\\theme\\responsive.ts","statementMap":{},"fnMap":{},"branchMap":{},"s":{},"f":{},"b":{}}
,"C:\\Users\\jonat\\CascadeProjects\\vex-app-old\\src\\theme\\types.ts": {"path":"C:\\Users\\jonat\\CascadeProjects\\vex-app-old\\src\\theme\\types.ts","statementMap":{},"fnMap":{},"branchMap":{},"s":{},"f":{},"b":{}}
,"C:\\Users\\jonat\\CascadeProjects\\vex-app-old\\src\\theme\\tokens\\colors.ts": {"path":"C:\\Users\\jonat\\CascadeProjects\\vex-app-old\\src\\theme\\tokens\\colors.ts","statementMap":{},"fnMap":{},"branchMap":{},"s":{},"f":{},"b":{}}
,"C:\\Users\\jonat\\CascadeProjects\\vex-app-old\\src\\theme\\tokens\\index.ts": {"path":"C:\\Users\\jonat\\CascadeProjects\\vex-app-old\\src\\theme\\tokens\\index.ts","statementMap":{},"fnMap":{},"branchMap":{},"s":{},"f":{},"b":{}}
,"C:\\Users\\jonat\\CascadeProjects\\vex-app-old\\src\\theme\\tokens\\opacity.ts": {"path":"C:\\Users\\jonat\\CascadeProjects\\vex-app-old\\src\\theme\\tokens\\opacity.ts","statementMap":{},"fnMap":{},"branchMap":{},"s":{},"f":{},"b":{}}
,"C:\\Users\\jonat\\CascadeProjects\\vex-app-old\\src\\theme\\tokens\\radius.ts": {"path":"C:\\Users\\jonat\\CascadeProjects\\vex-app-old\\src\\theme\\tokens\\radius.ts","statementMap":{},"fnMap":{},"branchMap":{},"s":{},"f":{},"b":{}}
,"C:\\Users\\jonat\\CascadeProjects\\vex-app-old\\src\\theme\\tokens\\shadows.ts": {"path":"C:\\Users\\jonat\\CascadeProjects\\vex-app-old\\src\\theme\\tokens\\shadows.ts","statementMap":{},"fnMap":{},"branchMap":{},"s":{},"f":{},"b":{}}
,"C:\\Users\\jonat\\CascadeProjects\\vex-app-old\\src\\theme\\tokens\\sizing.ts": {"path":"C:\\Users\\jonat\\CascadeProjects\\vex-app-old\\src\\theme\\tokens\\sizing.ts","statementMap":{},"fnMap":{},"branchMap":{},"s":{},"f":{},"b":{}}
,"C:\\Users\\jonat\\CascadeProjects\\vex-app-old\\src\\theme\\tokens\\spacing.ts": {"path":"C:\\Users\\jonat\\CascadeProjects\\vex-app-old\\src\\theme\\tokens\\spacing.ts","statementMap":{},"fnMap":{},"branchMap":{},"s":{},"f":{},"b":{}}
,"C:\\Users\\jonat\\CascadeProjects\\vex-app-old\\src\\theme\\tokens\\timing.ts": {"path":"C:\\Users\\jonat\\CascadeProjects\\vex-app-old\\src\\theme\\tokens\\timing.ts","statementMap":{},"fnMap":{},"branchMap":{},"s":{},"f":{},"b":{}}
,"C:\\Users\\jonat\\CascadeProjects\\vex-app-old\\src\\theme\\tokens\\typography.ts": {"path":"C:\\Users\\jonat\\CascadeProjects\\vex-app-old\\src\\theme\\tokens\\typography.ts","statementMap":{},"fnMap":{},"branchMap":{},"s":{},"f":{},"b":{}}
,"C:\\Users\\jonat\\CascadeProjects\\vex-app-old\\src\\theme\\tokens\\zIndex.ts": {"path":"C:\\Users\\jonat\\CascadeProjects\\vex-app-old\\src\\theme\\tokens\\zIndex.ts","statementMap":{},"fnMap":{},"branchMap":{},"s":{},"f":{},"b":{}}
,"C:\\Users\\jonat\\CascadeProjects\\vex-app-old\\src\\types\\api.ts": {"path":"C:\\Users\\jonat\\CascadeProjects\\vex-app-old\\src\\types\\api.ts","statementMap":{},"fnMap":{},"branchMap":{},"s":{},"f":{},"b":{}}
,"C:\\Users\\jonat\\CascadeProjects\\vex-app-old\\src\\types\\consolidated.ts": {"path":"C:\\Users\\jonat\\CascadeProjects\\vex-app-old\\src\\types\\consolidated.ts","statementMap":{},"fnMap":{},"branchMap":{},"s":{},"f":{},"b":{}}
,"C:\\Users\\jonat\\CascadeProjects\\vex-app-old\\src\\types\\global.ts": {"path":"C:\\Users\\jonat\\CascadeProjects\\vex-app-old\\src\\types\\global.ts","statementMap":{},"fnMap":{},"branchMap":{},"s":{},"f":{},"b":{}}
,"C:\\Users\\jonat\\CascadeProjects\\vex-app-old\\src\\types\\index.ts": {"path":"C:\\Users\\jonat\\CascadeProjects\\vex-app-old\\src\\types\\index.ts","statementMap":{},"fnMap":{},"branchMap":{},"s":{},"f":{},"b":{}}
,"C:\\Users\\jonat\\CascadeProjects\\vex-app-old\\src\\types\\models.ts": {"path":"C:\\Users\\jonat\\CascadeProjects\\vex-app-old\\src\\types\\models.ts","statementMap":{},"fnMap":{},"branchMap":{},"s":{},"f":{},"b":{}}
,"C:\\Users\\jonat\\CascadeProjects\\vex-app-old\\src\\types\\navigation.ts": {"path":"C:\\Users\\jonat\\CascadeProjects\\vex-app-old\\src\\types\\navigation.ts","statementMap":{},"fnMap":{},"branchMap":{},"s":{},"f":{},"b":{}}
,"C:\\Users\\jonat\\CascadeProjects\\vex-app-old\\src\\types\\supabase.ts": {"path":"C:\\Users\\jonat\\CascadeProjects\\vex-app-old\\src\\types\\supabase.ts","statementMap":{},"fnMap":{},"branchMap":{},"s":{},"f":{},"b":{}}
,"C:\\Users\\jonat\\CascadeProjects\\vex-app-old\\src\\utils\\date.ts": {"path":"C:\\Users\\jonat\\CascadeProjects\\vex-app-old\\src\\utils\\date.ts","statementMap":{},"fnMap":{},"branchMap":{},"s":{},"f":{},"b":{}}
,"C:\\Users\\jonat\\CascadeProjects\\vex-app-old\\src\\utils\\dateFns.ts": {"path":"C:\\Users\\jonat\\CascadeProjects\\vex-app-old\\src\\utils\\dateFns.ts","statementMap":{},"fnMap":{},"branchMap":{},"s":{},"f":{},"b":{}}
,"C:\\Users\\jonat\\CascadeProjects\\vex-app-old\\src\\utils\\debug.ts": {"path":"C:\\Users\\jonat\\CascadeProjects\\vex-app-old\\src\\utils\\debug.ts","statementMap":{},"fnMap":{},"branchMap":{},"s":{},"f":{},"b":{},"_coverageSchema":"1a1c01bbd47fc00a2c39e90264f33305004495a9","hash":"d6e013cd432c91d0e176700857c6ecb84da1b6e3"}
,"C:\\Users\\jonat\\CascadeProjects\\vex-app-old\\src\\utils\\haptics.ts": {"path":"C:\\Users\\jonat\\CascadeProjects\\vex-app-old\\src\\utils\\haptics.ts","statementMap":{},"fnMap":{},"branchMap":{},"s":{},"f":{},"b":{}}
,"C:\\Users\\jonat\\CascadeProjects\\vex-app-old\\src\\utils\\index.ts": {"path":"C:\\Users\\jonat\\CascadeProjects\\vex-app-old\\src\\utils\\index.ts","statementMap":{},"fnMap":{},"branchMap":{},"s":{},"f":{},"b":{}}
,"C:\\Users\\jonat\\CascadeProjects\\vex-app-old\\src\\utils\\performance-monitor.ts": {"path":"C:\\Users\\jonat\\CascadeProjects\\vex-app-old\\src\\utils\\performance-monitor.ts","statementMap":{},"fnMap":{},"branchMap":{},"s":{},"f":{},"b":{}}
,"C:\\Users\\jonat\\CascadeProjects\\vex-app-old\\src\\utils\\rate-limiter.ts": {"path":"C:\\Users\\jonat\\CascadeProjects\\vex-app-old\\src\\utils\\rate-limiter.ts","statementMap":{},"fnMap":{},"branchMap":{},"s":{},"f":{},"b":{}}
,"C:\\Users\\jonat\\CascadeProjects\\vex-app-old\\src\\utils\\silent-failure.ts": {"path":"C:\\Users\\jonat\\CascadeProjects\\vex-app-old\\src\\utils\\silent-failure.ts","statementMap":{},"fnMap":{},"branchMap":{},"s":{},"f":{},"b":{}}
,"C:\\Users\\jonat\\CascadeProjects\\vex-app-old\\src\\utils\\string.ts": {"path":"C:\\Users\\jonat\\CascadeProjects\\vex-app-old\\src\\utils\\string.ts","statementMap":{},"fnMap":{},"branchMap":{},"s":{},"f":{},"b":{}}
,"C:\\Users\\jonat\\CascadeProjects\\vex-app-old\\src\\utils\\touchTarget.ts": {"path":"C:\\Users\\jonat\\CascadeProjects\\vex-app-old\\src\\utils\\touchTarget.ts","statementMap":{},"fnMap":{},"branchMap":{},"s":{},"f":{},"b":{}}
,"C:\\Users\\jonat\\CascadeProjects\\vex-app-old\\src\\utils\\uuid.ts": {"path":"C:\\Users\\jonat\\CascadeProjects\\vex-app-old\\src\\utils\\uuid.ts","statementMap":{},"fnMap":{},"branchMap":{},"s":{},"f":{},"b":{}}
,"C:\\Users\\jonat\\CascadeProjects\\vex-app-old\\src\\validation\\apiValidation.ts": {"path":"C:\\Users\\jonat\\CascadeProjects\\vex-app-old\\src\\validation\\apiValidation.ts","statementMap":{},"fnMap":{},"branchMap":{},"s":{},"f":{},"b":{}}
,"C:\\Users\\jonat\\CascadeProjects\\vex-app-old\\src\\validation\\authValidation.ts": {"path":"C:\\Users\\jonat\\CascadeProjects\\vex-app-old\\src\\validation\\authValidation.ts","statementMap":{},"fnMap":{},"branchMap":{},"s":{},"f":{},"b":{}}
,"C:\\Users\\jonat\\CascadeProjects\\vex-app-old\\src\\validation\\businessValidation.ts": {"path":"C:\\Users\\jonat\\CascadeProjects\\vex-app-old\\src\\validation\\businessValidation.ts","statementMap":{},"fnMap":{},"branchMap":{},"s":{},"f":{},"b":{}}
,"C:\\Users\\jonat\\CascadeProjects\\vex-app-old\\src\\validation\\dataValidation.ts": {"path":"C:\\Users\\jonat\\CascadeProjects\\vex-app-old\\src\\validation\\dataValidation.ts","statementMap":{},"fnMap":{},"branchMap":{},"s":{},"f":{},"b":{}}
,"C:\\Users\\jonat\\CascadeProjects\\vex-app-old\\src\\validation\\formValidation.ts": {"path":"C:\\Users\\jonat\\CascadeProjects\\vex-app-old\\src\\validation\\formValidation.ts","statementMap":{},"fnMap":{},"branchMap":{},"s":{},"f":{},"b":{}}
,"C:\\Users\\jonat\\CascadeProjects\\vex-app-old\\src\\validation\\index.ts": {"path":"C:\\Users\\jonat\\CascadeProjects\\vex-app-old\\src\\validation\\index.ts","statementMap":{},"fnMap":{},"branchMap":{},"s":{},"f":{},"b":{}}
,"C:\\Users\\jonat\\CascadeProjects\\vex-app-old\\src\\validation\\performanceValidation.ts": {"path":"C:\\Users\\jonat\\CascadeProjects\\vex-app-old\\src\\validation\\performanceValidation.ts","statementMap":{},"fnMap":{},"branchMap":{},"s":{},"f":{},"b":{}}
,"C:\\Users\\jonat\\CascadeProjects\\vex-app-old\\src\\validation\\schemas.ts": {"path":"C:\\Users\\jonat\\CascadeProjects\\vex-app-old\\src\\validation\\schemas.ts","statementMap":{},"fnMap":{},"branchMap":{},"s":{},"f":{},"b":{}}
,"C:\\Users\\jonat\\CascadeProjects\\vex-app-old\\src\\validation\\securityValidation.ts": {"path":"C:\\Users\\jonat\\CascadeProjects\\vex-app-old\\src\\validation\\securityValidation.ts","statementMap":{},"fnMap":{},"branchMap":{},"s":{},"f":{},"b":{}}
,"C:\\Users\\jonat\\CascadeProjects\\vex-app-old\\src\\validation\\userValidation.ts": {"path":"C:\\Users\\jonat\\CascadeProjects\\vex-app-old\\src\\validation\\userValidation.ts","statementMap":{},"fnMap":{},"branchMap":{},"s":{},"f":{},"b":{}}
,"C:\\Users\\jonat\\CascadeProjects\\vex-app-old\\src\\validation\\validationIndex.ts": {"path":"C:\\Users\\jonat\\CascadeProjects\\vex-app-old\\src\\validation\\validationIndex.ts","statementMap":{},"fnMap":{},"branchMap":{},"s":{},"f":{},"b":{}}
}
