TN:
SF:src\onboarding.ts
FNF:0
FNH:0
LF:0
LH:0
BRF:0
BRH:0
end_of_record
TN:
SF:src\accessibility\AccessibilityAuditor.ts
FN:113,(anonymous_0)
FN:121,(anonymous_1)
FN:161,(anonymous_2)
FN:166,(anonymous_3)
FN:175,(anonymous_4)
FN:201,(anonymous_5)
FN:212,(anonymous_6)
FN:241,(anonymous_7)
FN:265,(anonymous_8)
FN:288,(anonymous_9)
FN:309,(anonymous_10)
FN:341,(anonymous_11)
FN:362,(anonymous_12)
FN:391,(anonymous_13)
FN:422,(anonymous_14)
FN:443,(anonymous_15)
FN:463,(anonymous_16)
FN:471,(anonymous_17)
FN:483,(anonymous_18)
FN:502,(anonymous_19)
FN:509,(anonymous_20)
FN:530,(anonymous_21)
FN:531,(anonymous_22)
FN:532,(anonymous_23)
FN:533,(anonymous_24)
FN:546,(anonymous_25)
FN:566,(anonymous_26)
FN:570,(anonymous_27)
FN:574,(anonymous_28)
FN:587,(anonymous_29)
FN:610,auditComponent
FN:614,auditScreen
FNF:32
FNH:0
FNDA:0,(anonymous_0)
FNDA:0,(anonymous_1)
FNDA:0,(anonymous_2)
FNDA:0,(anonymous_3)
FNDA:0,(anonymous_4)
FNDA:0,(anonymous_5)
FNDA:0,(anonymous_6)
FNDA:0,(anonymous_7)
FNDA:0,(anonymous_8)
FNDA:0,(anonymous_9)
FNDA:0,(anonymous_10)
FNDA:0,(anonymous_11)
FNDA:0,(anonymous_12)
FNDA:0,(anonymous_13)
FNDA:0,(anonymous_14)
FNDA:0,(anonymous_15)
FNDA:0,(anonymous_16)
FNDA:0,(anonymous_17)
FNDA:0,(anonymous_18)
FNDA:0,(anonymous_19)
FNDA:0,(anonymous_20)
FNDA:0,(anonymous_21)
FNDA:0,(anonymous_22)
FNDA:0,(anonymous_23)
FNDA:0,(anonymous_24)
FNDA:0,(anonymous_25)
FNDA:0,(anonymous_26)
FNDA:0,(anonymous_27)
FNDA:0,(anonymous_28)
FNDA:0,(anonymous_29)
FNDA:0,auditComponent
FNDA:0,auditScreen
DA:24,0
DA:82,0
DA:110,0
DA:111,0
DA:114,0
DA:122,0
DA:161,0
DA:162,0
DA:167,0
DA:168,0
DA:176,0
DA:181,0
DA:182,0
DA:185,0
DA:187,0
DA:188,0
DA:189,0
DA:192,0
DA:193,0
DA:194,0
DA:195,0
DA:196,0
DA:197,0
DA:198,0
DA:201,0
DA:202,0
DA:203,0
DA:205,0
DA:209,0
DA:213,0
DA:215,0
DA:216,0
DA:217,0
DA:220,0
DA:221,0
DA:222,0
DA:223,0
DA:226,0
DA:227,0
DA:228,0
DA:229,0
DA:230,0
DA:231,0
DA:234,0
DA:242,0
DA:244,0
DA:246,0
DA:247,0
DA:248,0
DA:262,0
DA:266,0
DA:269,0
DA:270,0
DA:271,0
DA:285,0
DA:289,0
DA:292,0
DA:293,0
DA:306,0
DA:310,0
DA:313,0
DA:316,0
DA:317,0
DA:322,0
DA:323,0
DA:338,0
DA:342,0
DA:345,0
DA:346,0
DA:359,0
DA:363,0
DA:366,0
DA:373,0
DA:374,0
DA:375,0
DA:388,0
DA:392,0
DA:395,0
DA:396,0
DA:397,0
DA:398,0
DA:400,0
DA:401,0
DA:415,0
DA:423,0
DA:426,0
DA:427,0
DA:440,0
DA:444,0
DA:448,0
DA:460,0
DA:464,0
DA:468,0
DA:472,0
DA:476,0
DA:484,0
DA:488,0
DA:491,0
DA:495,0
DA:499,0
DA:508,0
DA:509,0
DA:510,0
DA:512,0
DA:513,0
DA:515,0
DA:516,0
DA:518,0
DA:519,0
DA:521,0
DA:522,0
DA:526,0
DA:529,0
DA:530,0
DA:531,0
DA:532,0
DA:533,0
DA:536,0
DA:547,0
DA:567,0
DA:571,0
DA:575,0
DA:588,0
DA:596,0
DA:604,0
DA:611,0
DA:615,0
LF:127
LH:0
BRDA:176,0,0,0
BRDA:176,0,1,0
BRDA:176,0,2,0
BRDA:181,1,0,0
BRDA:181,1,1,0
BRDA:202,2,0,0
BRDA:202,2,1,0
BRDA:244,3,0,0
BRDA:244,3,1,0
BRDA:247,4,0,0
BRDA:247,4,1,0
BRDA:247,5,0,0
BRDA:247,5,1,0
BRDA:269,6,0,0
BRDA:269,6,1,0
BRDA:269,7,0,0
BRDA:269,7,1,0
BRDA:270,8,0,0
BRDA:270,8,1,0
BRDA:292,9,0,0
BRDA:292,9,1,0
BRDA:292,10,0,0
BRDA:292,10,1,0
BRDA:313,11,0,0
BRDA:313,11,1,0
BRDA:316,12,0,0
BRDA:316,12,1,0
BRDA:316,13,0,0
BRDA:316,13,1,0
BRDA:322,14,0,0
BRDA:322,14,1,0
BRDA:345,15,0,0
BRDA:345,15,1,0
BRDA:345,16,0,0
BRDA:345,16,1,0
BRDA:374,17,0,0
BRDA:374,17,1,0
BRDA:374,18,0,0
BRDA:374,18,1,0
BRDA:374,19,0,0
BRDA:374,19,1,0
BRDA:395,20,0,0
BRDA:395,20,1,0
BRDA:397,21,0,0
BRDA:397,21,1,0
BRDA:397,21,2,0
BRDA:398,22,0,0
BRDA:398,22,1,0
BRDA:398,22,2,0
BRDA:400,23,0,0
BRDA:400,23,1,0
BRDA:400,24,0,0
BRDA:400,24,1,0
BRDA:426,25,0,0
BRDA:426,25,1,0
BRDA:488,26,0,0
BRDA:488,26,1,0
BRDA:488,27,0,0
BRDA:488,27,1,0
BRDA:488,27,2,0
BRDA:488,27,3,0
BRDA:495,28,0,0
BRDA:495,28,1,0
BRDA:510,29,0,0
BRDA:510,29,1,0
BRDA:510,29,2,0
BRDA:510,29,3,0
BRF:67
BRH:0
end_of_record
TN:
SF:src\accessibility\AccessibilityEnhancer.ts
FN:100,(anonymous_0)
FN:110,(anonymous_1)
FN:121,(anonymous_2)
FN:126,(anonymous_3)
FN:134,(anonymous_4)
FN:138,(anonymous_5)
FN:151,(anonymous_6)
FN:172,(anonymous_7)
FN:198,(anonymous_8)
FN:250,(anonymous_9)
FN:272,(anonymous_10)
FN:283,(anonymous_11)
FN:303,(anonymous_12)
FN:340,(anonymous_13)
FN:344,(anonymous_14)
FN:348,(anonymous_15)
FN:359,(anonymous_16)
FN:361,(anonymous_17)
FN:384,enhanceComponent
FN:391,enhanceProps
FN:402,withAccessibility
FN:405,(anonymous_21)
FN:414,useAccessibilityEnhancements
FN:420,(anonymous_23)
FN:479,applyAccessibilityPreset
FNF:25
FNH:0
FNDA:0,(anonymous_0)
FNDA:0,(anonymous_1)
FNDA:0,(anonymous_2)
FNDA:0,(anonymous_3)
FNDA:0,(anonymous_4)
FNDA:0,(anonymous_5)
FNDA:0,(anonymous_6)
FNDA:0,(anonymous_7)
FNDA:0,(anonymous_8)
FNDA:0,(anonymous_9)
FNDA:0,(anonymous_10)
FNDA:0,(anonymous_11)
FNDA:0,(anonymous_12)
FNDA:0,(anonymous_13)
FNDA:0,(anonymous_14)
FNDA:0,(anonymous_15)
FNDA:0,(anonymous_16)
FNDA:0,(anonymous_17)
FNDA:0,enhanceComponent
FNDA:0,enhanceProps
FNDA:0,withAccessibility
FNDA:0,(anonymous_21)
FNDA:0,useAccessibilityEnhancements
FNDA:0,(anonymous_23)
FNDA:0,applyAccessibilityPreset
DA:22,0
DA:98,0
DA:101,0
DA:111,0
DA:112,0
DA:114,0
DA:122,0
DA:123,0
DA:127,0
DA:138,0
DA:139,0
DA:141,0
DA:147,0
DA:148,0
DA:155,0
DA:162,0
DA:173,0
DA:176,0
DA:177,0
DA:181,0
DA:182,0
DA:186,0
DA:187,0
DA:191,0
DA:192,0
DA:195,0
DA:199,0
DA:202,0
DA:203,0
DA:205,0
DA:206,0
DA:208,0
DA:210,0
DA:215,0
DA:216,0
DA:221,0
DA:231,0
DA:232,0
DA:233,0
DA:238,0
DA:239,0
DA:247,0
DA:251,0
DA:254,0
DA:255,0
DA:256,0
DA:259,0
DA:260,0
DA:265,0
DA:266,0
DA:269,0
DA:273,0
DA:276,0
DA:277,0
DA:280,0
DA:284,0
DA:287,0
DA:288,0
DA:289,0
DA:293,0
DA:294,0
DA:295,0
DA:296,0
DA:300,0
DA:308,0
DA:311,0
DA:317,0
DA:318,0
DA:324,0
DA:330,0
DA:341,0
DA:345,0
DA:353,0
DA:359,0
DA:361,0
DA:362,0
DA:366,0
DA:367,0
DA:370,0
DA:378,0
DA:388,0
DA:395,0
DA:405,0
DA:406,0
DA:418,0
DA:420,0
DA:421,0
DA:422,0
DA:425,0
DA:432,0
DA:480,0
LF:91
LH:0
BRDA:111,0,0,0
BRDA:111,0,1,0
BRDA:147,1,0,0
BRDA:147,1,1,0
BRDA:176,2,0,0
BRDA:176,2,1,0
BRDA:181,3,0,0
BRDA:181,3,1,0
BRDA:186,4,0,0
BRDA:186,4,1,0
BRDA:191,5,0,0
BRDA:191,5,1,0
BRDA:202,6,0,0
BRDA:202,6,1,0
BRDA:202,7,0,0
BRDA:202,7,1,0
BRDA:205,8,0,0
BRDA:205,8,1,0
BRDA:205,9,0,0
BRDA:205,9,1,0
BRDA:208,10,0,0
BRDA:208,10,1,0
BRDA:215,11,0,0
BRDA:215,11,1,0
BRDA:231,12,0,0
BRDA:231,12,1,0
BRDA:232,13,0,0
BRDA:232,13,1,0
BRDA:238,14,0,0
BRDA:238,14,1,0
BRDA:240,15,0,0
BRDA:240,15,1,0
BRDA:254,16,0,0
BRDA:254,16,1,0
BRDA:254,17,0,0
BRDA:254,17,1,0
BRDA:255,18,0,0
BRDA:255,18,1,0
BRDA:259,19,0,0
BRDA:259,19,1,0
BRDA:265,20,0,0
BRDA:265,20,1,0
BRDA:265,21,0,0
BRDA:265,21,1,0
BRDA:276,22,0,0
BRDA:276,22,1,0
BRDA:276,23,0,0
BRDA:276,23,1,0
BRDA:287,24,0,0
BRDA:287,24,1,0
BRDA:287,25,0,0
BRDA:287,25,1,0
BRDA:293,26,0,0
BRDA:293,26,1,0
BRDA:293,27,0,0
BRDA:293,27,1,0
BRDA:295,28,0,0
BRDA:295,28,1,0
BRDA:295,29,0,0
BRDA:295,29,1,0
BRDA:317,30,0,0
BRDA:317,30,1,0
BRDA:362,31,0,0
BRDA:362,31,1,0
BRDA:366,32,0,0
BRDA:366,32,1,0
BRDA:367,33,0,0
BRDA:367,33,1,0
BRF:68
BRH:0
end_of_record
TN:
SF:src\accessibility\AccessibilitySystem.ts
FN:15,(anonymous_0)
FN:22,(anonymous_1)
FN:45,(anonymous_2)
FN:67,(anonymous_3)
FN:74,(anonymous_4)
FN:81,(anonymous_5)
FN:88,(anonymous_6)
FN:95,(anonymous_7)
FN:102,(anonymous_8)
FN:110,(anonymous_9)
FN:117,(anonymous_10)
FN:124,(anonymous_11)
FN:132,getAccessibilitySystem
FNF:13
FNH:0
FNDA:0,(anonymous_0)
FNDA:0,(anonymous_1)
FNDA:0,(anonymous_2)
FNDA:0,(anonymous_3)
FNDA:0,(anonymous_4)
FNDA:0,(anonymous_5)
FNDA:0,(anonymous_6)
FNDA:0,(anonymous_7)
FNDA:0,(anonymous_8)
FNDA:0,(anonymous_9)
FNDA:0,(anonymous_10)
FNDA:0,(anonymous_11)
FNDA:0,getAccessibilitySystem
DA:13,0
DA:16,0
DA:23,0
DA:26,0
DA:29,0
DA:32,0
DA:34,0
DA:36,0
DA:46,0
DA:47,0
DA:50,0
DA:53,0
DA:56,0
DA:68,0
DA:75,0
DA:82,0
DA:89,0
DA:96,0
DA:130,0
DA:133,0
DA:134,0
DA:136,0
LF:22
LH:0
BRDA:23,0,0,0
BRDA:23,0,1,0
BRDA:133,1,0,0
BRDA:133,1,1,0
BRF:4
BRH:0
end_of_record
TN:
SF:src\accessibility\MotionAccessibility.ts
FN:74,(anonymous_0)
FN:79,(anonymous_1)
FN:90,(anonymous_2)
FN:94,(anonymous_3)
FN:101,(anonymous_4)
FN:105,(anonymous_5)
FN:109,(anonymous_6)
FN:113,(anonymous_7)
FN:121,(anonymous_8)
FN:131,(anonymous_9)
FN:235,(anonymous_10)
FN:255,(anonymous_11)
FN:291,(anonymous_12)
FN:316,(anonymous_13)
FN:323,(anonymous_14)
FN:333,(anonymous_15)
FN:342,(anonymous_16)
FN:343,(anonymous_17)
FN:350,(anonymous_18)
FN:352,(anonymous_19)
FN:355,(anonymous_20)
FN:363,(anonymous_21)
FN:376,(anonymous_22)
FN:395,(anonymous_23)
FN:421,(anonymous_24)
FN:449,createAccessibleAnimation
FN:453,createAccessibleAnimatedValue
FN:457,setReducedMotion
FN:461,triggerHapticFeedback
FN:469,useMotionAccessibility
FN:478,(anonymous_30)
FN:479,(anonymous_31)
FN:486,(anonymous_32)
FN:490,(anonymous_33)
FN:494,(anonymous_34)
FN:510,withMotionAccessibility
FN:513,(anonymous_36)
FNF:37
FNH:0
FNDA:0,(anonymous_0)
FNDA:0,(anonymous_1)
FNDA:0,(anonymous_2)
FNDA:0,(anonymous_3)
FNDA:0,(anonymous_4)
FNDA:0,(anonymous_5)
FNDA:0,(anonymous_6)
FNDA:0,(anonymous_7)
FNDA:0,(anonymous_8)
FNDA:0,(anonymous_9)
FNDA:0,(anonymous_10)
FNDA:0,(anonymous_11)
FNDA:0,(anonymous_12)
FNDA:0,(anonymous_13)
FNDA:0,(anonymous_14)
FNDA:0,(anonymous_15)
FNDA:0,(anonymous_16)
FNDA:0,(anonymous_17)
FNDA:0,(anonymous_18)
FNDA:0,(anonymous_19)
FNDA:0,(anonymous_20)
FNDA:0,(anonymous_21)
FNDA:0,(anonymous_22)
FNDA:0,(anonymous_23)
FNDA:0,(anonymous_24)
FNDA:0,createAccessibleAnimation
FNDA:0,createAccessibleAnimatedValue
FNDA:0,setReducedMotion
FNDA:0,triggerHapticFeedback
FNDA:0,useMotionAccessibility
FNDA:0,(anonymous_30)
FNDA:0,(anonymous_31)
FNDA:0,(anonymous_32)
FNDA:0,(anonymous_33)
FNDA:0,(anonymous_34)
FNDA:0,withMotionAccessibility
FNDA:0,(anonymous_36)
DA:12,0
DA:33,0
DA:71,0
DA:72,0
DA:75,0
DA:76,0
DA:80,0
DA:81,0
DA:83,0
DA:91,0
DA:95,0
DA:96,0
DA:97,0
DA:98,0
DA:102,0
DA:106,0
DA:110,0
DA:114,0
DA:122,0
DA:124,0
DA:125,0
DA:128,0
DA:132,0
DA:134,0
DA:139,0
DA:141,0
DA:153,0
DA:165,0
DA:177,0
DA:178,0
DA:189,0
DA:200,0
DA:201,0
DA:211,0
DA:222,0
DA:240,0
DA:242,0
DA:256,0
DA:259,0
DA:260,0
DA:262,0
DA:263,0
DA:265,0
DA:266,0
DA:268,0
DA:269,0
DA:270,0
DA:272,0
DA:277,0
DA:282,0
DA:284,0
DA:285,0
DA:288,0
DA:292,0
DA:294,0
DA:296,0
DA:298,0
DA:300,0
DA:302,0
DA:304,0
DA:306,0
DA:308,0
DA:317,0
DA:318,0
DA:320,0
DA:324,0
DA:327,0
DA:329,0
DA:334,0
DA:336,0
DA:338,0
DA:343,0
DA:351,0
DA:352,0
DA:356,0
DA:364,0
DA:365,0
DA:369,0
DA:377,0
DA:382,0
DA:386,0
DA:387,0
DA:399,0
DA:400,0
DA:402,0
DA:404,0
DA:405,0
DA:409,0
DA:427,0
DA:428,0
DA:430,0
DA:443,0
DA:450,0
DA:454,0
DA:458,0
DA:462,0
DA:474,0
DA:478,0
DA:479,0
DA:480,0
DA:483,0
DA:486,0
DA:487,0
DA:490,0
DA:491,0
DA:494,0
DA:495,0
DA:498,0
DA:513,0
DA:514,0
DA:516,0
DA:523,0
DA:524,0
DA:531,0
LF:114
LH:0
BRDA:80,0,0,0
BRDA:80,0,1,0
BRDA:121,1,0,0
BRDA:124,2,0,0
BRDA:124,2,1,0
BRDA:139,3,0,0
BRDA:139,3,1,0
BRDA:139,3,2,0
BRDA:139,3,3,0
BRDA:139,3,4,0
BRDA:139,3,5,0
BRDA:145,4,0,0
BRDA:145,4,1,0
BRDA:146,5,0,0
BRDA:146,5,1,0
BRDA:147,6,0,0
BRDA:147,6,1,0
BRDA:148,7,0,0
BRDA:148,7,1,0
BRDA:157,8,0,0
BRDA:157,8,1,0
BRDA:158,9,0,0
BRDA:158,9,1,0
BRDA:159,10,0,0
BRDA:159,10,1,0
BRDA:160,11,0,0
BRDA:160,11,1,0
BRDA:169,12,0,0
BRDA:169,12,1,0
BRDA:170,13,0,0
BRDA:170,13,1,0
BRDA:171,14,0,0
BRDA:171,14,1,0
BRDA:172,15,0,0
BRDA:172,15,1,0
BRDA:177,16,0,0
BRDA:177,16,1,0
BRDA:184,17,0,0
BRDA:184,17,1,0
BRDA:193,18,0,0
BRDA:193,18,1,0
BRDA:194,19,0,0
BRDA:194,19,1,0
BRDA:200,20,0,0
BRDA:200,20,1,0
BRDA:205,21,0,0
BRDA:205,21,1,0
BRDA:206,22,0,0
BRDA:206,22,1,0
BRDA:216,23,0,0
BRDA:216,23,1,0
BRDA:226,24,0,0
BRDA:226,24,1,0
BRDA:227,25,0,0
BRDA:227,25,1,0
BRDA:228,26,0,0
BRDA:228,26,1,0
BRDA:229,27,0,0
BRDA:229,27,1,0
BRDA:244,28,0,0
BRDA:244,28,1,0
BRDA:245,29,0,0
BRDA:245,29,1,0
BRDA:246,30,0,0
BRDA:246,30,1,0
BRDA:247,31,0,0
BRDA:247,31,1,0
BRDA:259,32,0,0
BRDA:259,32,1,0
BRDA:260,33,0,0
BRDA:260,33,1,0
BRDA:260,33,2,0
BRDA:260,33,3,0
BRDA:282,34,0,0
BRDA:282,34,1,0
BRDA:282,35,0,0
BRDA:282,35,1,0
BRDA:292,36,0,0
BRDA:292,36,1,0
BRDA:292,36,2,0
BRDA:292,36,3,0
BRDA:292,36,4,0
BRDA:292,36,5,0
BRDA:292,36,6,0
BRDA:292,36,7,0
BRDA:317,37,0,0
BRDA:317,37,1,0
BRDA:364,38,0,0
BRDA:364,38,1,0
BRDA:404,39,0,0
BRDA:404,39,1,0
BRDA:428,40,0,0
BRDA:428,40,1,0
BRDA:523,41,0,0
BRDA:523,41,1,0
BRF:95
BRH:0
end_of_record
TN:
SF:src\accessibility\audit.ts
FN:14,auditScreen
FN:19,(anonymous_1)
FN:35,(anonymous_2)
FN:59,findUnlabeledElements
FN:62,(anonymous_4)
FN:71,calculateAccessibilityScore
FN:74,(anonymous_6)
FN:75,(anonymous_7)
FN:76,(anonymous_8)
FN:77,(anonymous_9)
FN:90,auditColorContrast
FN:107,generateIssueId
FNF:12
FNH:0
FNDA:0,auditScreen
FNDA:0,(anonymous_1)
FNDA:0,(anonymous_2)
FNDA:0,findUnlabeledElements
FNDA:0,(anonymous_4)
FNDA:0,calculateAccessibilityScore
FNDA:0,(anonymous_6)
FNDA:0,(anonymous_7)
FNDA:0,(anonymous_8)
FNDA:0,(anonymous_9)
FNDA:0,auditColorContrast
FNDA:0,generateIssueId
DA:15,0
DA:16,0
DA:19,0
DA:20,0
DA:21,0
DA:34,0
DA:35,0
DA:36,0
DA:47,0
DA:49,0
DA:62,0
DA:64,0
DA:72,0
DA:74,0
DA:75,0
DA:76,0
DA:77,0
DA:80,0
DA:81,0
DA:83,0
DA:84,0
DA:91,0
DA:93,0
DA:94,0
DA:104,0
DA:108,0
LF:26
LH:0
BRDA:20,0,0,0
BRDA:20,0,1,0
BRDA:20,1,0,0
BRDA:20,1,1,0
BRDA:64,2,0,0
BRDA:64,2,1,0
BRDA:72,3,0,0
BRDA:72,3,1,0
BRDA:93,4,0,0
BRDA:93,4,1,0
BRF:10
BRH:0
end_of_record
TN:
SF:src\accessibility\color-blind.ts
FN:13,getAccessibleColor
FN:23,getStatusPattern
FN:33,getColorBlindPalettes
FN:40,isColorAccessibleForColorBlind
FNF:4
FNH:0
FNDA:0,getAccessibleColor
FNDA:0,getStatusPattern
FNDA:0,getColorBlindPalettes
FNDA:0,isColorAccessibleForColorBlind
DA:17,0
DA:27,0
DA:34,0
DA:45,0
DA:48,0
DA:50,0
DA:51,0
DA:55,0
DA:56,0
LF:9
LH:0
BRDA:43,0,0,0
BRDA:50,1,0,0
BRDA:50,1,1,0
BRF:3
BRH:0
end_of_record
TN:
SF:src\accessibility\constants.ts
FNF:0
FNH:0
DA:9,0
DA:24,0
LF:2
LH:0
BRF:0
BRH:0
end_of_record
TN:
SF:src\accessibility\contrast.ts
FN:12,calculateContrastRatio
FN:22,calculateLuminance
FN:30,(anonymous_2)
FN:38,checkContrast
FN:53,getAccessibleAlternatives
FN:72,adjustBrightness
FN:78,(anonymous_6)
FNF:7
FNH:0
FNDA:0,calculateContrastRatio
FNDA:0,calculateLuminance
FNDA:0,(anonymous_2)
FNDA:0,checkContrast
FNDA:0,getAccessibleAlternatives
FNDA:0,adjustBrightness
FNDA:0,(anonymous_6)
DA:13,0
DA:14,0
DA:16,0
DA:17,0
DA:19,0
DA:24,0
DA:25,0
DA:26,0
DA:27,0
DA:30,0
DA:32,0
DA:39,0
DA:41,0
DA:54,0
DA:57,0
DA:58,0
DA:59,0
DA:61,0
DA:62,0
DA:64,0
DA:65,0
DA:69,0
DA:73,0
DA:74,0
DA:75,0
DA:76,0
DA:78,0
DA:79,0
DA:80,0
DA:83,0
DA:84,0
DA:85,0
DA:87,0
LF:33
LH:0
BRDA:30,0,0,0
BRDA:30,0,1,0
BRDA:53,1,0,0
BRDA:61,2,0,0
BRDA:61,2,1,0
BRDA:64,3,0,0
BRDA:64,3,1,0
BRF:7
BRH:0
end_of_record
TN:
SF:src\accessibility\focus.ts
FN:14,registerFocusableElement
FN:16,(anonymous_1)
FN:27,getNextFocusableElement
FN:36,(anonymous_3)
FN:48,getPreviousFocusableElement
FN:57,(anonymous_5)
FN:69,unregisterFocusableElement
FN:70,(anonymous_7)
FN:79,getFocusableElements
FNF:9
FNH:0
FNDA:0,registerFocusableElement
FNDA:0,(anonymous_1)
FNDA:0,getNextFocusableElement
FNDA:0,(anonymous_3)
FNDA:0,getPreviousFocusableElement
FNDA:0,(anonymous_5)
FNDA:0,unregisterFocusableElement
FNDA:0,(anonymous_7)
FNDA:0,getFocusableElements
DA:9,0
DA:16,0
DA:17,0
DA:18,0
DA:21,0
DA:28,0
DA:29,0
DA:32,0
DA:33,0
DA:36,0
DA:37,0
DA:38,0
DA:41,0
DA:42,0
DA:49,0
DA:50,0
DA:53,0
DA:54,0
DA:57,0
DA:58,0
DA:59,0
DA:62,0
DA:63,0
DA:70,0
DA:71,0
DA:72,0
DA:80,0
LF:27
LH:0
BRDA:17,0,0,0
BRDA:17,0,1,0
BRDA:28,1,0,0
BRDA:28,1,1,0
BRDA:32,2,0,0
BRDA:32,2,1,0
BRDA:37,3,0,0
BRDA:37,3,1,0
BRDA:49,4,0,0
BRDA:49,4,1,0
BRDA:53,5,0,0
BRDA:53,5,1,0
BRDA:58,6,0,0
BRDA:58,6,1,0
BRDA:62,7,0,0
BRDA:62,7,1,0
BRDA:71,8,0,0
BRDA:71,8,1,0
BRF:18
BRH:0
end_of_record
TN:
SF:src\accessibility\index.ts
FNF:0
FNH:0
LF:0
LH:0
BRF:0
BRH:0
end_of_record
TN:
SF:src\accessibility\motion.ts
FN:12,getAnimationConfig
FN:24,getAnimationStyles
FN:43,calculateScaledFontSize
FN:53,getScaledTypography
FN:54,(anonymous_4)
FNF:5
FNH:0
FNDA:0,getAnimationConfig
FNDA:0,getAnimationStyles
FNDA:0,calculateScaledFontSize
FNDA:0,getScaledTypography
FNDA:0,(anonymous_4)
DA:13,0
DA:25,0
DA:26,0
DA:33,0
DA:44,0
DA:47,0
DA:54,0
DA:55,0
DA:57,0
DA:58,0
DA:63,0
DA:66,0
LF:12
LH:0
BRDA:14,0,0,0
BRDA:14,0,1,0
BRDA:25,1,0,0
BRDA:25,1,1,0
BRDA:57,2,0,0
BRDA:57,2,1,0
BRDA:57,3,0,0
BRDA:57,3,1,0
BRDA:57,3,2,0
BRDA:57,3,3,0
BRF:10
BRH:0
end_of_record
TN:
SF:src\accessibility\preferences.ts
FN:15,getAccessibilityPreferences
FN:22,updateAccessibilityPreferences
FN:41,resetAccessibilityPreferences
FN:49,detectSystemAccessibility
FNF:4
FNH:0
FNDA:0,getAccessibilityPreferences
FNDA:0,updateAccessibilityPreferences
FNDA:0,resetAccessibilityPreferences
FNDA:0,detectSystemAccessibility
DA:10,0
DA:16,0
DA:23,0
DA:29,0
DA:30,0
DA:35,0
DA:42,0
DA:43,0
DA:50,0
DA:52,0
DA:54,0
DA:55,0
DA:56,0
DA:57,0
DA:58,0
DA:63,0
DA:64,0
DA:65,0
DA:66,0
DA:75,0
LF:20
LH:0
BRDA:29,0,0,0
BRDA:29,0,1,0
BRDA:29,1,0,0
BRDA:29,1,1,0
BRDA:54,2,0,0
BRDA:54,2,1,0
BRDA:54,3,0,0
BRDA:54,3,1,0
BRDA:56,4,0,0
BRDA:56,4,1,0
BRDA:63,5,0,0
BRDA:63,5,1,0
BRDA:63,6,0,0
BRDA:63,6,1,0
BRDA:65,7,0,0
BRDA:65,7,1,0
BRF:16
BRH:0
end_of_record
TN:
SF:src\accessibility\screen-reader.ts
FN:14,announce
FN:42,getRecentAnnouncements
FN:44,(anonymous_2)
FN:51,generateAccessibleLabel
FN:77,clearOldAnnouncements
FN:88,generateId
FNF:6
FNH:0
FNDA:0,announce
FNDA:0,getRecentAnnouncements
FNDA:0,(anonymous_2)
FNDA:0,generateAccessibleLabel
FNDA:0,clearOldAnnouncements
FNDA:0,generateId
DA:9,0
DA:15,0
DA:22,0
DA:25,0
DA:26,0
DA:30,0
DA:43,0
DA:44,0
DA:57,0
DA:59,0
DA:60,0
DA:63,0
DA:64,0
DA:67,0
DA:68,0
DA:71,0
DA:78,0
DA:79,0
DA:81,0
DA:82,0
DA:83,0
DA:89,0
LF:22
LH:0
BRDA:14,0,0,0
BRDA:25,1,0,0
BRDA:25,1,1,0
BRDA:30,2,0,0
BRDA:30,2,1,0
BRDA:42,3,0,0
BRDA:59,4,0,0
BRDA:59,4,1,0
BRDA:63,5,0,0
BRDA:63,5,1,0
BRDA:67,6,0,0
BRDA:67,6,1,0
BRDA:77,7,0,0
BRDA:82,8,0,0
BRDA:82,8,1,0
BRF:15
BRH:0
end_of_record
TN:
SF:src\accessibility\types.ts
FNF:0
FNH:0
LF:0
LH:0
BRF:0
BRH:0
end_of_record
TN:
SF:src\accessibility\hooks\useAccessibility.ts
FN:28,useAccessibility
FN:32,(anonymous_1)
FN:39,(anonymous_2)
FN:46,(anonymous_3)
FN:60,getButtonAccessibilityProps
FN:83,getLinkAccessibilityProps
FN:103,getHeaderAccessibilityProps
FNF:7
FNH:0
FNDA:0,useAccessibility
FNDA:0,(anonymous_1)
FNDA:0,(anonymous_2)
FNDA:0,(anonymous_3)
FNDA:0,getButtonAccessibilityProps
FNDA:0,getLinkAccessibilityProps
FNDA:0,getHeaderAccessibilityProps
DA:32,0
DA:33,0
DA:39,0
DA:40,0
DA:46,0
DA:47,0
DA:50,0
DA:71,0
DA:92,0
DA:108,0
LF:10
LH:0
BRDA:75,0,0,0
BRDA:75,0,1,0
BRDA:76,1,0,0
BRDA:76,1,1,0
BRDA:96,2,0,0
BRDA:96,2,1,0
BRF:6
BRH:0
end_of_record
TN:
SF:src\analytics\ABTestingFramework.ts
FN:249,createExperiment
FN:266,getExperiment
FN:273,getAllExperiments
FN:280,getActiveExperiments
FN:282,(anonymous_4)
FN:289,assignUserToExperiment
FN:301,(anonymous_6)
FN:334,getUserVariant
FN:336,(anonymous_8)
FN:349,(anonymous_9)
FN:356,getVariantConfig
FN:367,recordExperimentEvent
FN:376,(anonymous_12)
FN:420,calculateResults
FN:437,(anonymous_14)
FN:460,completeExperiment
FN:476,isUserEligibleForExperiment
FN:482,selectVariant
FN:498,hashString
FN:515,getUserExperiments
FN:522,removeUserFromExperiment
FN:524,(anonymous_21)
FN:538,clearUserAssignments
FN:550,getExperimentStats
FN:562,(anonymous_24)
FN:565,(anonymous_25)
FN:570,(anonymous_26)
FN:572,(anonymous_27)
FN:584,(anonymous_28)
FN:591,getExperimentOverview
FN:601,(anonymous_30)
FN:608,(anonymous_31)
FN:609,(anonymous_32)
FNF:33
FNH:0
FNDA:0,createExperiment
FNDA:0,getExperiment
FNDA:0,getAllExperiments
FNDA:0,getActiveExperiments
FNDA:0,(anonymous_4)
FNDA:0,assignUserToExperiment
FNDA:0,(anonymous_6)
FNDA:0,getUserVariant
FNDA:0,(anonymous_8)
FNDA:0,(anonymous_9)
FNDA:0,getVariantConfig
FNDA:0,recordExperimentEvent
FNDA:0,(anonymous_12)
FNDA:0,calculateResults
FNDA:0,(anonymous_14)
FNDA:0,completeExperiment
FNDA:0,isUserEligibleForExperiment
FNDA:0,selectVariant
FNDA:0,hashString
FNDA:0,getUserExperiments
FNDA:0,removeUserFromExperiment
FNDA:0,(anonymous_21)
FNDA:0,clearUserAssignments
FNDA:0,getExperimentStats
FNDA:0,(anonymous_24)
FNDA:0,(anonymous_25)
FNDA:0,(anonymous_26)
FNDA:0,(anonymous_27)
FNDA:0,(anonymous_28)
FNDA:0,getExperimentOverview
FNDA:0,(anonymous_30)
FNDA:0,(anonymous_31)
FNDA:0,(anonymous_32)
DA:76,0
DA:243,0
DA:244,0
DA:250,0
DA:251,0
DA:257,0
DA:259,0
DA:260,0
DA:267,0
DA:274,0
DA:281,0
DA:282,0
DA:294,0
DA:295,0
DA:296,0
DA:300,0
DA:301,0
DA:302,0
DA:303,0
DA:307,0
DA:308,0
DA:312,0
DA:313,0
DA:314,0
DA:317,0
DA:325,0
DA:327,0
DA:328,0
DA:335,0
DA:336,0
DA:337,0
DA:338,0
DA:341,0
DA:342,0
DA:343,0
DA:346,0
DA:349,0
DA:360,0
DA:361,0
DA:374,0
DA:376,0
DA:378,0
DA:379,0
DA:382,0
DA:383,0
DA:384,0
DA:387,0
DA:421,0
DA:422,0
DA:423,0
DA:428,0
DA:437,0
DA:438,0
DA:447,0
DA:461,0
DA:462,0
DA:463,0
DA:466,0
DA:467,0
DA:469,0
DA:479,0
DA:484,0
DA:485,0
DA:487,0
DA:488,0
DA:489,0
DA:490,0
DA:491,0
DA:495,0
DA:499,0
DA:500,0
DA:501,0
DA:502,0
DA:503,0
DA:505,0
DA:516,0
DA:523,0
DA:524,0
DA:526,0
DA:527,0
DA:530,0
DA:531,0
DA:532,0
DA:539,0
DA:540,0
DA:555,0
DA:556,0
DA:557,0
DA:560,0
DA:562,0
DA:564,0
DA:565,0
DA:566,0
DA:570,0
DA:571,0
DA:572,0
DA:573,0
DA:574,0
DA:576,0
DA:578,0
DA:581,0
DA:584,0
DA:598,0
DA:599,0
DA:601,0
DA:602,0
DA:603,0
DA:606,0
DA:608,0
DA:609,0
LF:110
LH:0
BRDA:295,0,0,0
BRDA:295,0,1,0
BRDA:295,1,0,0
BRDA:295,1,1,0
BRDA:300,2,0,0
BRDA:300,2,1,0
BRDA:302,3,0,0
BRDA:302,3,1,0
BRDA:307,4,0,0
BRDA:307,4,1,0
BRDA:312,5,0,0
BRDA:312,5,1,0
BRDA:313,6,0,0
BRDA:313,6,1,0
BRDA:335,7,0,0
BRDA:335,7,1,0
BRDA:337,8,0,0
BRDA:337,8,1,0
BRDA:342,9,0,0
BRDA:342,9,1,0
BRDA:346,10,0,0
BRDA:346,10,1,0
BRDA:347,11,0,0
BRDA:347,11,1,0
BRDA:361,12,0,0
BRDA:361,12,1,0
BRDA:378,13,0,0
BRDA:378,13,1,0
BRDA:383,14,0,0
BRDA:383,14,1,0
BRDA:422,15,0,0
BRDA:422,15,1,0
BRDA:462,16,0,0
BRDA:462,16,1,0
BRDA:490,17,0,0
BRDA:490,17,1,0
BRDA:516,18,0,0
BRDA:516,18,1,0
BRDA:523,19,0,0
BRDA:523,19,1,0
BRDA:526,20,0,0
BRDA:526,20,1,0
BRDA:556,21,0,0
BRDA:556,21,1,0
BRDA:566,22,0,0
BRDA:566,22,1,0
BRDA:573,23,0,0
BRDA:573,23,1,0
BRDA:602,24,0,0
BRDA:602,24,1,0
BRF:50
BRH:0
end_of_record
TN:
SF:src\analytics\AnalyticsService.ts
FN:37,(anonymous_0)
FN:41,(anonymous_1)
FN:45,(anonymous_2)
FN:49,(anonymous_3)
FN:53,(anonymous_4)
FN:57,(anonymous_5)
FN:61,(anonymous_6)
FN:65,(anonymous_7)
FN:69,(anonymous_8)
FN:73,(anonymous_9)
FN:77,(anonymous_10)
FN:81,(anonymous_11)
FN:88,getAnalyticsService
FNF:13
FNH:0
FNDA:0,(anonymous_0)
FNDA:0,(anonymous_1)
FNDA:0,(anonymous_2)
FNDA:0,(anonymous_3)
FNDA:0,(anonymous_4)
FNDA:0,(anonymous_5)
FNDA:0,(anonymous_6)
FNDA:0,(anonymous_7)
FNDA:0,(anonymous_8)
FNDA:0,(anonymous_9)
FNDA:0,(anonymous_10)
FNDA:0,(anonymous_11)
FNDA:0,getAnalyticsService
DA:38,0
DA:42,0
DA:46,0
DA:50,0
DA:54,0
DA:58,0
DA:62,0
DA:66,0
DA:70,0
DA:74,0
DA:78,0
DA:82,0
DA:86,0
DA:89,0
DA:90,0
DA:93,0
DA:94,0
DA:97,0
LF:18
LH:0
BRDA:53,0,0,0
BRDA:57,1,0,0
BRDA:89,2,0,0
BRDA:89,2,1,0
BRDA:93,3,0,0
BRDA:93,3,1,0
BRF:6
BRH:0
end_of_record
TN:
SF:src\analytics\VEXAnalyticsInfrastructure.ts
FN:99,trackRetentionEvent
FN:141,getUserFirstOpen
FN:146,storeUserFirstOpen
FN:150,daysBetween
FN:159,calculateRetentionRates
FN:170,(anonymous_5)
FN:180,(anonymous_6)
FN:186,(anonymous_7)
FN:187,(anonymous_8)
FN:188,(anonymous_9)
FN:215,recordEngagementEvent
FN:280,getAverageSessionsPerWeek
FN:285,(anonymous_12)
FN:291,getStudyPlanCompletionRate
FN:297,(anonymous_14)
FN:302,(anonymous_15)
FN:303,(anonymous_16)
FN:333,trackMonetizationEvent
FN:411,getMonetizationMetrics
FN:427,(anonymous_19)
FN:430,(anonymous_20)
FN:433,(anonymous_21)
FN:434,(anonymous_22)
FN:463,trackPaywallEvent
FN:513,getPaywallAnalytics
FN:514,(anonymous_25)
FN:520,getBestPaywallContext
FN:542,trackStreakEvent
FN:576,(anonymous_28)
FN:594,getStreakSurvivalMetrics
FN:595,(anonymous_30)
FN:629,generateDashboardReport
FN:721,(anonymous_32)
FN:722,(anonymous_33)
FNF:34
FNH:0
FNDA:0,trackRetentionEvent
FNDA:0,getUserFirstOpen
FNDA:0,storeUserFirstOpen
FNDA:0,daysBetween
FNDA:0,calculateRetentionRates
FNDA:0,(anonymous_5)
FNDA:0,(anonymous_6)
FNDA:0,(anonymous_7)
FNDA:0,(anonymous_8)
FNDA:0,(anonymous_9)
FNDA:0,recordEngagementEvent
FNDA:0,getAverageSessionsPerWeek
FNDA:0,(anonymous_12)
FNDA:0,getStudyPlanCompletionRate
FNDA:0,(anonymous_14)
FNDA:0,(anonymous_15)
FNDA:0,(anonymous_16)
FNDA:0,trackMonetizationEvent
FNDA:0,getMonetizationMetrics
FNDA:0,(anonymous_19)
FNDA:0,(anonymous_20)
FNDA:0,(anonymous_21)
FNDA:0,(anonymous_22)
FNDA:0,trackPaywallEvent
FNDA:0,getPaywallAnalytics
FNDA:0,(anonymous_25)
FNDA:0,getBestPaywallContext
FNDA:0,trackStreakEvent
FNDA:0,(anonymous_28)
FNDA:0,getStreakSurvivalMetrics
FNDA:0,(anonymous_30)
FNDA:0,generateDashboardReport
FNDA:0,(anonymous_32)
FNDA:0,(anonymous_33)
DA:63,0
DA:94,0
DA:100,0
DA:101,0
DA:103,0
DA:105,0
DA:112,0
DA:113,0
DA:114,0
DA:115,0
DA:118,0
DA:119,0
DA:123,0
DA:124,0
DA:125,0
DA:126,0
DA:130,0
DA:131,0
DA:133,0
DA:134,0
DA:136,0
DA:137,0
DA:143,0
DA:151,0
DA:152,0
DA:153,0
DA:164,0
DA:165,0
DA:166,0
DA:170,0
DA:171,0
DA:172,0
DA:173,0
DA:176,0
DA:177,0
DA:180,0
DA:181,0
DA:182,0
DA:185,0
DA:186,0
DA:187,0
DA:188,0
DA:210,0
DA:222,0
DA:223,0
DA:224,0
DA:239,0
DA:241,0
DA:242,0
DA:243,0
DA:244,0
DA:245,0
DA:247,0
DA:249,0
DA:250,0
DA:252,0
DA:253,0
DA:255,0
DA:256,0
DA:258,0
DA:259,0
DA:261,0
DA:265,0
DA:266,0
DA:268,0
DA:270,0
DA:281,0
DA:282,0
DA:283,0
DA:285,0
DA:292,0
DA:293,0
DA:294,0
DA:297,0
DA:298,0
DA:299,0
DA:302,0
DA:303,0
DA:305,0
DA:328,0
DA:341,0
DA:342,0
DA:343,0
DA:356,0
DA:358,0
DA:359,0
DA:360,0
DA:361,0
DA:362,0
DA:364,0
DA:367,0
DA:368,0
DA:369,0
DA:372,0
DA:373,0
DA:374,0
DA:375,0
DA:377,0
DA:378,0
DA:379,0
DA:381,0
DA:383,0
DA:385,0
DA:388,0
DA:389,0
DA:392,0
DA:393,0
DA:397,0
DA:399,0
DA:401,0
DA:417,0
DA:418,0
DA:419,0
DA:427,0
DA:428,0
DA:430,0
DA:431,0
DA:433,0
DA:434,0
DA:435,0
DA:437,0
DA:458,0
DA:469,0
DA:470,0
DA:471,0
DA:481,0
DA:483,0
DA:484,0
DA:486,0
DA:487,0
DA:488,0
DA:490,0
DA:493,0
DA:497,0
DA:498,0
DA:500,0
DA:502,0
DA:514,0
DA:521,0
DA:522,0
DA:537,0
DA:551,0
DA:552,0
DA:553,0
DA:562,0
DA:565,0
DA:566,0
DA:568,0
DA:569,0
DA:572,0
DA:576,0
DA:577,0
DA:578,0
DA:581,0
DA:583,0
DA:595,0
DA:630,0
DA:631,0
DA:632,0
DA:633,0
DA:636,0
DA:714,0
DA:721,0
DA:722,0
LF:164
LH:0
BRDA:103,0,0,0
BRDA:103,0,1,0
BRDA:105,1,0,0
BRDA:105,1,1,0
BRDA:118,2,0,0
BRDA:118,2,1,0
BRDA:125,3,0,0
BRDA:125,3,1,0
BRDA:130,4,0,0
BRDA:130,4,1,0
BRDA:133,5,0,0
BRDA:133,5,1,0
BRDA:136,6,0,0
BRDA:136,6,1,0
BRDA:165,7,0,0
BRDA:165,7,1,0
BRDA:176,8,0,0
BRDA:176,8,1,0
BRDA:181,9,0,0
BRDA:181,9,1,0
BRDA:223,10,0,0
BRDA:223,10,1,0
BRDA:239,11,0,0
BRDA:239,11,1,0
BRDA:239,11,2,0
BRDA:239,11,3,0
BRDA:239,11,4,0
BRDA:243,12,0,0
BRDA:243,12,1,0
BRDA:258,13,0,0
BRDA:258,13,1,0
BRDA:282,14,0,0
BRDA:282,14,1,0
BRDA:293,15,0,0
BRDA:293,15,1,0
BRDA:298,16,0,0
BRDA:298,16,1,0
BRDA:342,17,0,0
BRDA:342,17,1,0
BRDA:356,18,0,0
BRDA:356,18,1,0
BRDA:356,18,2,0
BRDA:356,18,3,0
BRDA:356,18,4,0
BRDA:358,19,0,0
BRDA:358,19,1,0
BRDA:360,20,0,0
BRDA:360,20,1,0
BRDA:374,21,0,0
BRDA:374,21,1,0
BRDA:377,22,0,0
BRDA:377,22,1,0
BRDA:378,23,0,0
BRDA:378,23,1,0
BRDA:418,24,0,0
BRDA:418,24,1,0
BRDA:435,25,0,0
BRDA:435,25,1,0
BRDA:470,26,0,0
BRDA:470,26,1,0
BRDA:481,27,0,0
BRDA:481,27,1,0
BRDA:481,27,2,0
BRDA:487,28,0,0
BRDA:487,28,1,0
BRDA:497,29,0,0
BRDA:497,29,1,0
BRDA:498,30,0,0
BRDA:498,30,1,0
BRDA:522,31,0,0
BRDA:522,31,1,0
BRDA:552,32,0,0
BRDA:552,32,1,0
BRDA:562,33,0,0
BRDA:562,33,1,0
BRDA:562,33,2,0
BRDA:562,33,3,0
BRDA:577,34,0,0
BRDA:577,34,1,0
BRF:79
BRH:0
end_of_record
TN:
SF:src\analytics\constants.ts
FNF:0
FNH:0
DA:10,0
LF:1
LH:0
BRF:0
BRH:0
end_of_record
TN:
SF:src\analytics\dashboard.ts
FN:18,generateDashboardReport
FN:97,calculateAverageSessionDuration
FN:103,(anonymous_2)
FN:110,getMetricsSummary
FN:135,calculateScore
FNF:5
FNH:0
FNDA:0,generateDashboardReport
FNDA:0,calculateAverageSessionDuration
FNDA:0,(anonymous_2)
FNDA:0,getMetricsSummary
FNDA:0,calculateScore
DA:19,0
DA:20,0
DA:27,0
DA:81,0
DA:98,0
DA:99,0
DA:100,0
DA:103,0
DA:104,0
DA:116,0
DA:118,0
DA:119,0
DA:120,0
DA:122,0
DA:124,0
DA:136,0
DA:137,0
LF:17
LH:0
BRDA:99,0,0,0
BRDA:99,0,1,0
BRDA:136,1,0,0
BRDA:136,1,1,0
BRF:4
BRH:0
end_of_record
TN:
SF:src\analytics\engagement.ts
FN:15,recordEngagementEvent
FN:80,getAverageSessionsPerWeek
FN:85,(anonymous_2)
FN:91,getStudyPlanCompletionRate
FN:97,(anonymous_4)
FN:98,(anonymous_5)
FN:109,getUserEngagementMetrics
FN:116,getAllEngagementMetrics
FNF:8
FNH:0
FNDA:0,recordEngagementEvent
FNDA:0,getAverageSessionsPerWeek
FNDA:0,(anonymous_2)
FNDA:0,getStudyPlanCompletionRate
FNDA:0,(anonymous_4)
FNDA:0,(anonymous_5)
FNDA:0,getUserEngagementMetrics
FNDA:0,getAllEngagementMetrics
DA:10,0
DA:22,0
DA:23,0
DA:24,0
DA:39,0
DA:41,0
DA:42,0
DA:43,0
DA:44,0
DA:45,0
DA:47,0
DA:49,0
DA:50,0
DA:52,0
DA:53,0
DA:55,0
DA:56,0
DA:58,0
DA:59,0
DA:61,0
DA:65,0
DA:66,0
DA:68,0
DA:70,0
DA:81,0
DA:82,0
DA:83,0
DA:85,0
DA:92,0
DA:93,0
DA:94,0
DA:97,0
DA:98,0
DA:100,0
DA:101,0
DA:103,0
DA:110,0
DA:117,0
LF:38
LH:0
BRDA:23,0,0,0
BRDA:23,0,1,0
BRDA:39,1,0,0
BRDA:39,1,1,0
BRDA:39,1,2,0
BRDA:39,1,3,0
BRDA:39,1,4,0
BRDA:43,2,0,0
BRDA:43,2,1,0
BRDA:58,3,0,0
BRDA:58,3,1,0
BRDA:82,4,0,0
BRDA:82,4,1,0
BRDA:93,5,0,0
BRDA:93,5,1,0
BRDA:100,6,0,0
BRDA:100,6,1,0
BRF:17
BRH:0
end_of_record
TN:
SF:src\analytics\index.ts
FNF:0
FNH:0
LF:0
LH:0
BRF:0
BRH:0
end_of_record
TN:
SF:src\analytics\monetization.ts
FN:26,trackMonetizationEvent
FN:73,getMonetizationMetrics
FN:80,resetMonetizationMetrics
FNF:3
FNH:0
FNDA:0,trackMonetizationEvent
FNDA:0,getMonetizationMetrics
FNDA:0,resetMonetizationMetrics
DA:10,0
DA:32,0
DA:34,0
DA:35,0
DA:37,0
DA:38,0
DA:39,0
DA:40,0
DA:42,0
DA:43,0
DA:44,0
DA:45,0
DA:47,0
DA:49,0
DA:50,0
DA:51,0
DA:52,0
DA:54,0
DA:58,0
DA:59,0
DA:60,0
DA:61,0
DA:63,0
DA:74,0
DA:81,0
LF:25
LH:0
BRDA:32,0,0,0
BRDA:32,0,1,0
BRDA:32,0,2,0
BRDA:32,0,3,0
BRDA:43,1,0,0
BRDA:43,1,1,0
BRDA:51,2,0,0
BRDA:51,2,1,0
BRDA:59,3,0,0
BRDA:59,3,1,0
BRDA:60,4,0,0
BRDA:60,4,1,0
BRDA:61,5,0,0
BRDA:61,5,1,0
BRF:14
BRH:0
end_of_record
TN:
SF:src\analytics\paywall.ts
FN:25,trackPaywallEvent
FN:71,getPaywallAnalytics
FN:78,getBestPaywallContext
FN:98,resetPaywallAnalytics
FNF:4
FNH:0
FNDA:0,trackPaywallEvent
FNDA:0,getPaywallAnalytics
FNDA:0,getBestPaywallContext
FNDA:0,resetPaywallAnalytics
DA:9,0
DA:26,0
DA:27,0
DA:34,0
DA:36,0
DA:37,0
DA:38,0
DA:41,0
DA:43,0
DA:45,0
DA:46,0
DA:47,0
DA:48,0
DA:49,0
DA:51,0
DA:55,0
DA:57,0
DA:58,0
DA:59,0
DA:62,0
DA:63,0
DA:72,0
DA:79,0
DA:80,0
DA:82,0
DA:83,0
DA:84,0
DA:85,0
DA:86,0
DA:87,0
DA:92,0
DA:99,0
DA:100,0
DA:101,0
DA:102,0
DA:103,0
DA:104,0
DA:105,0
LF:38
LH:0
BRDA:26,0,0,0
BRDA:26,0,1,0
BRDA:34,1,0,0
BRDA:34,1,1,0
BRDA:34,1,2,0
BRDA:41,2,0,0
BRDA:41,2,1,0
BRDA:47,3,0,0
BRDA:47,3,1,0
BRDA:55,4,0,0
BRDA:55,4,1,0
BRDA:59,5,0,0
BRDA:59,5,1,0
BRDA:62,6,0,0
BRDA:62,6,1,0
BRDA:62,7,0,0
BRDA:62,7,1,0
BRDA:83,8,0,0
BRDA:83,8,1,0
BRDA:85,9,0,0
BRDA:85,9,1,0
BRDA:92,10,0,0
BRDA:92,10,1,0
BRF:23
BRH:0
end_of_record
TN:
SF:src\analytics\retention.ts
FN:14,trackRetentionEvent
FN:59,calculateRetentionRates
FN:70,(anonymous_2)
FN:80,(anonymous_3)
FN:86,(anonymous_4)
FN:87,(anonymous_5)
FN:88,(anonymous_6)
FN:95,getRetentionCohorts
FN:99,getUserFirstOpen
FN:104,storeUserFirstOpen
FN:108,daysBetween
FNF:11
FNH:0
FNDA:0,trackRetentionEvent
FNDA:0,calculateRetentionRates
FNDA:0,(anonymous_2)
FNDA:0,(anonymous_3)
FNDA:0,(anonymous_4)
FNDA:0,(anonymous_5)
FNDA:0,(anonymous_6)
FNDA:0,getRetentionCohorts
FNDA:0,getUserFirstOpen
FNDA:0,storeUserFirstOpen
FNDA:0,daysBetween
DA:9,0
DA:15,0
DA:16,0
DA:18,0
DA:20,0
DA:27,0
DA:28,0
DA:29,0
DA:30,0
DA:33,0
DA:34,0
DA:38,0
DA:39,0
DA:40,0
DA:41,0
DA:45,0
DA:46,0
DA:48,0
DA:49,0
DA:51,0
DA:52,0
DA:64,0
DA:65,0
DA:66,0
DA:70,0
DA:71,0
DA:72,0
DA:73,0
DA:76,0
DA:77,0
DA:80,0
DA:81,0
DA:82,0
DA:85,0
DA:86,0
DA:87,0
DA:88,0
DA:96,0
DA:101,0
DA:109,0
DA:110,0
DA:111,0
LF:42
LH:0
BRDA:18,0,0,0
BRDA:18,0,1,0
BRDA:20,1,0,0
BRDA:20,1,1,0
BRDA:33,2,0,0
BRDA:33,2,1,0
BRDA:40,3,0,0
BRDA:40,3,1,0
BRDA:45,4,0,0
BRDA:45,4,1,0
BRDA:48,5,0,0
BRDA:48,5,1,0
BRDA:51,6,0,0
BRDA:51,6,1,0
BRDA:65,7,0,0
BRDA:65,7,1,0
BRDA:76,8,0,0
BRDA:76,8,1,0
BRDA:81,9,0,0
BRDA:81,9,1,0
BRF:20
BRH:0
end_of_record
TN:
SF:src\analytics\streak.ts
FN:22,trackStreakEvent
FN:69,getStreakSurvivalMetrics
FN:76,resetStreakMetrics
FN:91,calculateSurvivalRate
FN:103,calculateAverageStreakLength
FN:115,calculateRecoveryRate
FNF:6
FNH:0
FNDA:0,trackStreakEvent
FNDA:0,getStreakSurvivalMetrics
FNDA:0,resetStreakMetrics
FNDA:0,calculateSurvivalRate
FNDA:0,calculateAverageStreakLength
FNDA:0,calculateRecoveryRate
DA:9,0
DA:28,0
DA:29,0
DA:32,0
DA:34,0
DA:35,0
DA:36,0
DA:38,0
DA:40,0
DA:41,0
DA:42,0
DA:43,0
DA:45,0
DA:48,0
DA:49,0
DA:51,0
DA:52,0
DA:53,0
DA:54,0
DA:57,0
DA:59,0
DA:63,0
DA:70,0
DA:77,0
DA:92,0
DA:93,0
DA:96,0
DA:97,0
DA:104,0
DA:105,0
DA:109,0
DA:116,0
DA:117,0
DA:121,0
LF:34
LH:0
BRDA:28,0,0,0
BRDA:28,0,1,0
BRDA:32,1,0,0
BRDA:32,1,1,0
BRDA:32,1,2,0
BRDA:32,1,3,0
BRDA:35,2,0,0
BRDA:35,2,1,0
BRDA:40,3,0,0
BRDA:40,3,1,0
BRDA:51,4,0,0
BRDA:51,4,1,0
BRDA:53,5,0,0
BRDA:53,5,1,0
BRDA:92,6,0,0
BRDA:92,6,1,0
BRDA:93,7,0,0
BRDA:93,7,1,0
BRDA:96,8,0,0
BRDA:96,8,1,0
BRDA:97,9,0,0
BRDA:97,9,1,0
BRDA:104,10,0,0
BRDA:104,10,1,0
BRDA:116,11,0,0
BRDA:116,11,1,0
BRDA:121,12,0,0
BRDA:121,12,1,0
BRF:28
BRH:0
end_of_record
TN:
SF:src\analytics\types.ts
FNF:0
FNH:0
LF:0
LH:0
BRF:0
BRH:0
end_of_record
TN:
SF:src\analytics\ab-testing\experiments.ts
FNF:0
FNH:0
DA:9,0
LF:1
LH:0
BRF:0
BRH:0
end_of_record
TN:
SF:src\analytics\ab-testing\types.ts
FNF:0
FNH:0
LF:0
LH:0
BRF:0
BRH:0
end_of_record
TN:
SF:src\analytics\hooks\useAnalytics.ts
FNF:0
FNH:0
LF:0
LH:0
BRF:0
BRH:0
end_of_record
TN:
SF:src\animation\ConfettiCelebration.tsx
FN:24,ConfettiCelebration
FN:36,(anonymous_1)
FN:60,(anonymous_2)
FN:66,(anonymous_3)
FN:71,(anonymous_4)
FN:78,(anonymous_5)
FN:79,(anonymous_6)
FN:80,(anonymous_7)
FN:96,(anonymous_8)
FNF:9
FNH:0
FNDA:0,ConfettiCelebration
FNDA:0,(anonymous_1)
FNDA:0,(anonymous_2)
FNDA:0,(anonymous_3)
FNDA:0,(anonymous_4)
FNDA:0,(anonymous_5)
FNDA:0,(anonymous_6)
FNDA:0,(anonymous_7)
FNDA:0,(anonymous_8)
DA:22,0
DA:32,0
DA:33,0
DA:34,0
DA:36,0
DA:37,0
DA:39,0
DA:40,0
DA:41,0
DA:43,0
DA:57,0
DA:60,0
DA:61,0
DA:62,0
DA:63,0
DA:66,0
DA:67,0
DA:68,0
DA:71,0
DA:73,0
DA:77,0
DA:79,0
DA:80,0
DA:81,0
DA:82,0
DA:84,0
DA:90,0
DA:91,0
DA:94,0
DA:97,0
LF:30
LH:0
BRDA:26,0,0,0
BRDA:27,1,0,0
BRDA:29,2,0,0
BRDA:30,3,0,0
BRDA:61,4,0,0
BRDA:61,4,1,0
BRDA:61,5,0,0
BRDA:61,5,1,0
BRDA:81,6,0,0
BRDA:81,6,1,0
BRDA:81,7,0,0
BRDA:81,7,1,0
BRDA:90,8,0,0
BRDA:90,8,1,0
BRDA:90,9,0,0
BRDA:90,9,1,0
BRF:16
BRH:0
end_of_record
TN:
SF:src\animation\index.ts
FNF:0
FNH:0
LF:0
LH:0
BRF:0
BRH:0
end_of_record
TN:
SF:src\animation\springs.ts
FNF:0
FNH:0
DA:12,0
DA:22,0
DA:32,0
DA:42,0
DA:52,0
DA:62,0
DA:72,0
DA:82,0
DA:92,0
DA:102,0
LF:10
LH:0
BRF:0
BRH:0
end_of_record
TN:
SF:src\animation\timings.ts
FN:14,(anonymous_0)
FN:73,createTiming
FNF:2
FNH:0
FNDA:0,(anonymous_0)
FNDA:0,createTiming
DA:13,0
DA:14,0
DA:53,0
DA:77,0
DA:86,0
LF:5
LH:0
BRDA:75,0,0,0
BRF:1
BRH:0
end_of_record
TN:
SF:src\animation\transitions.ts
FN:31,(anonymous_0)
FN:54,(anonymous_1)
FN:70,(anonymous_2)
FN:86,(anonymous_3)
FN:108,(anonymous_4)
FNF:5
FNH:0
FNDA:0,(anonymous_0)
FNDA:0,(anonymous_1)
FNDA:0,(anonymous_2)
FNDA:0,(anonymous_3)
FNDA:0,(anonymous_4)
DA:31,0
DA:32,0
DA:37,0
DA:38,0
DA:43,0
DA:54,0
DA:55,0
DA:60,0
DA:70,0
DA:71,0
DA:76,0
DA:86,0
DA:87,0
DA:92,0
DA:97,0
DA:108,0
DA:111,0
DA:121,0
LF:18
LH:0
BRDA:37,0,0,0
BRDA:37,0,1,0
BRF:2
BRH:0
end_of_record
TN:
SF:src\animation\confetti\Particle.tsx
FN:20,Particle
FN:27,(anonymous_1)
FN:28,(anonymous_2)
FN:84,(anonymous_3)
FN:87,(anonymous_4)
FN:97,(anonymous_5)
FNF:6
FNH:0
FNDA:0,Particle
FNDA:0,(anonymous_1)
FNDA:0,(anonymous_2)
FNDA:0,(anonymous_3)
FNDA:0,(anonymous_4)
FNDA:0,(anonymous_5)
DA:13,0
DA:21,0
DA:22,0
DA:23,0
DA:24,0
DA:25,0
DA:27,0
DA:28,0
DA:29,0
DA:33,0
DA:42,0
DA:56,0
DA:65,0
DA:74,0
DA:83,0
DA:84,0
DA:87,0
DA:97,0
DA:98,0
DA:99,0
DA:106,0
DA:108,0
DA:110,0
DA:112,0
DA:127,0
DA:131,0
LF:26
LH:0
BRDA:106,0,0,0
BRDA:106,0,1,0
BRDA:106,0,2,0
BRDA:106,0,3,0
BRF:4
BRH:0
end_of_record
TN:
SF:src\animation\confetti\constants.ts
FNF:0
FNH:0
DA:7,0
DA:18,0
DA:20,0
DA:21,0
DA:22,0
DA:23,0
DA:25,0
DA:27,0
DA:35,0
LF:9
LH:0
BRF:0
BRH:0
end_of_record
TN:
SF:src\animation\confetti\types.ts
FNF:0
FNH:0
LF:0
LH:0
BRF:0
BRH:0
end_of_record
TN:
SF:src\animation\hooks\index.ts
FNF:0
FNH:0
LF:0
LH:0
BRF:0
BRH:0
end_of_record
TN:
SF:src\animation\hooks\useFade.ts
FN:44,useFade
FN:53,(anonymous_1)
FN:60,(anonymous_2)
FN:83,(anonymous_3)
FN:90,(anonymous_4)
FN:108,useAutoFade
FNF:6
FNH:0
FNDA:0,useFade
FNDA:0,(anonymous_1)
FNDA:0,(anonymous_2)
FNDA:0,(anonymous_3)
FNDA:0,(anonymous_4)
FNDA:0,useAutoFade
DA:49,0
DA:51,0
DA:53,0
DA:54,0
DA:59,0
DA:62,0
DA:68,0
DA:69,0
DA:70,0
DA:73,0
DA:74,0
DA:76,0
DA:82,0
DA:84,0
DA:89,0
DA:91,0
DA:96,0
DA:112,0
DA:117,0
LF:19
LH:0
BRDA:44,0,0,0
BRDA:46,1,0,0
BRDA:47,2,0,0
BRDA:48,3,0,0
BRDA:63,4,0,0
BRDA:63,4,1,0
BRDA:64,5,0,0
BRDA:64,5,1,0
BRDA:68,6,0,0
BRDA:68,6,1,0
BRDA:73,7,0,0
BRDA:73,7,1,0
BRDA:73,8,0,0
BRDA:73,8,1,0
BRDA:110,9,0,0
BRDA:113,10,0,0
BRDA:113,10,1,0
BRF:17
BRH:0
end_of_record
TN:
SF:src\animation\hooks\useScale.ts
FN:45,useScale
FN:54,(anonymous_1)
FN:61,(anonymous_2)
FN:71,(anonymous_3)
FN:75,(anonymous_4)
FN:79,(anonymous_5)
FN:80,(anonymous_6)
FN:98,usePressableScale
FN:104,(anonymous_8)
FN:108,(anonymous_9)
FNF:10
FNH:0
FNDA:0,useScale
FNDA:0,(anonymous_1)
FNDA:0,(anonymous_2)
FNDA:0,(anonymous_3)
FNDA:0,(anonymous_4)
FNDA:0,(anonymous_5)
FNDA:0,(anonymous_6)
FNDA:0,usePressableScale
FNDA:0,(anonymous_8)
FNDA:0,(anonymous_9)
DA:50,0
DA:52,0
DA:54,0
DA:55,0
DA:60,0
DA:62,0
DA:63,0
DA:65,0
DA:71,0
DA:72,0
DA:75,0
DA:76,0
DA:79,0
DA:80,0
DA:81,0
DA:85,0
DA:99,0
DA:104,0
DA:105,0
DA:108,0
DA:109,0
DA:112,0
LF:22
LH:0
BRDA:45,0,0,0
BRDA:47,1,0,0
BRDA:48,2,0,0
BRDA:49,3,0,0
BRDA:62,4,0,0
BRDA:62,4,1,0
BRDA:63,5,0,0
BRDA:63,5,1,0
BRDA:65,6,0,0
BRDA:65,6,1,0
BRDA:98,7,0,0
BRF:11
BRH:0
end_of_record
TN:
SF:src\animation\hooks\useSlide.ts
FN:51,getInitialOffset
FN:72,useSlide
FN:84,(anonymous_2)
FN:93,(anonymous_3)
FN:101,(anonymous_4)
FN:110,(anonymous_5)
FNF:6
FNH:0
FNDA:0,getInitialOffset
FNDA:0,useSlide
FNDA:0,(anonymous_2)
FNDA:0,(anonymous_3)
FNDA:0,(anonymous_4)
FNDA:0,(anonymous_5)
DA:55,0
DA:57,0
DA:59,0
DA:61,0
DA:63,0
DA:65,0
DA:79,0
DA:81,0
DA:82,0
DA:84,0
DA:85,0
DA:93,0
DA:94,0
DA:95,0
DA:97,0
DA:101,0
DA:102,0
DA:103,0
DA:105,0
DA:109,0
DA:111,0
DA:112,0
DA:114,0
DA:120,0
LF:24
LH:0
BRDA:55,0,0,0
BRDA:55,0,1,0
BRDA:55,0,2,0
BRDA:55,0,3,0
BRDA:55,0,4,0
BRDA:72,1,0,0
BRDA:74,2,0,0
BRDA:75,3,0,0
BRDA:76,4,0,0
BRDA:77,5,0,0
BRDA:78,6,0,0
BRDA:94,7,0,0
BRDA:94,7,1,0
BRDA:102,8,0,0
BRDA:102,8,1,0
BRDA:111,9,0,0
BRDA:111,9,1,0
BRF:17
BRH:0
end_of_record
TN:
SF:src\animation\hooks\useSpring.ts
FN:42,useSpring
FN:48,(anonymous_1)
FN:55,(anonymous_2)
FN:62,(anonymous_3)
FN:77,useSpringStyle
FN:85,(anonymous_5)
FN:88,(anonymous_6)
FN:95,(anonymous_7)
FNF:8
FNH:0
FNDA:0,useSpring
FNDA:0,(anonymous_1)
FNDA:0,(anonymous_2)
FNDA:0,(anonymous_3)
FNDA:0,useSpringStyle
FNDA:0,(anonymous_5)
FNDA:0,(anonymous_6)
FNDA:0,(anonymous_7)
DA:43,0
DA:44,0
DA:46,0
DA:48,0
DA:49,0
DA:54,0
DA:56,0
DA:57,0
DA:62,0
DA:63,0
DA:66,0
DA:81,0
DA:82,0
DA:84,0
DA:85,0
DA:87,0
DA:89,0
DA:90,0
DA:95,0
DA:96,0
DA:99,0
LF:21
LH:0
BRDA:42,0,0,0
BRDA:43,1,0,0
BRDA:56,2,0,0
BRDA:56,2,1,0
BRDA:79,3,0,0
BRDA:81,4,0,0
BRDA:89,5,0,0
BRDA:89,5,1,0
BRF:8
BRH:0
end_of_record
TN:
SF:src\api\QueryProvider.tsx
FN:23,(anonymous_0)
FN:52,(anonymous_1)
FN:53,(anonymous_2)
FN:59,(anonymous_3)
FN:64,(anonymous_4)
FN:75,(anonymous_5)
FN:99,(anonymous_6)
FN:103,(anonymous_7)
FN:104,(anonymous_8)
FN:107,(anonymous_9)
FN:108,(anonymous_10)
FN:111,(anonymous_11)
FNF:12
FNH:0
FNDA:0,(anonymous_0)
FNDA:0,(anonymous_1)
FNDA:0,(anonymous_2)
FNDA:0,(anonymous_3)
FNDA:0,(anonymous_4)
FNDA:0,(anonymous_5)
FNDA:0,(anonymous_6)
FNDA:0,(anonymous_7)
FNDA:0,(anonymous_8)
FNDA:0,(anonymous_9)
FNDA:0,(anonymous_10)
FNDA:0,(anonymous_11)
DA:16,0
DA:23,0
DA:52,0
DA:53,0
DA:55,0
DA:56,0
DA:59,0
DA:60,0
DA:64,0
DA:66,0
DA:67,0
DA:70,0
DA:71,0
DA:75,0
DA:76,0
DA:77,0
DA:81,0
DA:96,0
DA:99,0
DA:103,0
DA:104,0
DA:107,0
DA:108,0
DA:111,0
LF:24
LH:0
BRDA:60,0,0,0
BRDA:60,0,1,0
BRDA:60,0,2,0
BRDA:70,1,0,0
BRDA:70,1,1,0
BRF:5
BRH:0
end_of_record
TN:
SF:src\api\client.ts
FN:82,(anonymous_0)
FN:87,(anonymous_1)
FN:101,(anonymous_2)
FN:107,(anonymous_3)
FN:118,(anonymous_4)
FN:130,(anonymous_5)
FN:136,(anonymous_6)
FN:149,calculateBackoff
FN:156,isRetryableError
FN:172,(anonymous_9)
FN:190,(anonymous_10)
FN:194,(anonymous_11)
FN:212,(anonymous_12)
FN:216,(anonymous_13)
FN:220,(anonymous_14)
FN:228,(anonymous_15)
FN:236,(anonymous_16)
FN:240,(anonymous_17)
FN:250,(anonymous_18)
FN:257,(anonymous_19)
FN:332,(anonymous_20)
FN:354,(anonymous_21)
FN:361,(anonymous_22)
FN:367,(anonymous_23)
FN:370,(anonymous_24)
FN:377,(anonymous_25)
FN:386,(anonymous_26)
FN:388,(anonymous_27)
FN:394,(anonymous_28)
FN:404,(anonymous_29)
FN:408,(anonymous_30)
FN:416,(anonymous_31)
FN:421,(anonymous_32)
FN:426,(anonymous_33)
FN:431,(anonymous_34)
FN:436,(anonymous_35)
FN:445,(anonymous_36)
FN:449,(anonymous_37)
FN:460,getApiClient
FN:467,resetApiClient
FNF:40
FNH:0
FNDA:0,(anonymous_0)
FNDA:0,(anonymous_1)
FNDA:0,(anonymous_2)
FNDA:0,(anonymous_3)
FNDA:0,(anonymous_4)
FNDA:0,(anonymous_5)
FNDA:0,(anonymous_6)
FNDA:0,calculateBackoff
FNDA:0,isRetryableError
FNDA:0,(anonymous_9)
FNDA:0,(anonymous_10)
FNDA:0,(anonymous_11)
FNDA:0,(anonymous_12)
FNDA:0,(anonymous_13)
FNDA:0,(anonymous_14)
FNDA:0,(anonymous_15)
FNDA:0,(anonymous_16)
FNDA:0,(anonymous_17)
FNDA:0,(anonymous_18)
FNDA:0,(anonymous_19)
FNDA:0,(anonymous_20)
FNDA:0,(anonymous_21)
FNDA:0,(anonymous_22)
FNDA:0,(anonymous_23)
FNDA:0,(anonymous_24)
FNDA:0,(anonymous_25)
FNDA:0,(anonymous_26)
FNDA:0,(anonymous_27)
FNDA:0,(anonymous_28)
FNDA:0,(anonymous_29)
FNDA:0,(anonymous_30)
FNDA:0,(anonymous_31)
FNDA:0,(anonymous_32)
FNDA:0,(anonymous_33)
FNDA:0,(anonymous_34)
FNDA:0,(anonymous_35)
FNDA:0,(anonymous_36)
FNDA:0,(anonymous_37)
FNDA:0,getApiClient
FNDA:0,resetApiClient
DA:19,0
DA:77,0
DA:78,0
DA:79,0
DA:80,0
DA:88,0
DA:89,0
DA:91,0
DA:92,0
DA:93,0
DA:94,0
DA:96,0
DA:98,0
DA:102,0
DA:103,0
DA:104,0
DA:108,0
DA:109,0
DA:111,0
DA:112,0
DA:113,0
DA:114,0
DA:119,0
DA:128,0
DA:131,0
DA:132,0
DA:133,0
DA:136,0
DA:137,0
DA:140,0
DA:141,0
DA:151,0
DA:152,0
DA:153,0
DA:157,0
DA:167,0
DA:168,0
DA:169,0
DA:170,0
DA:173,0
DA:183,0
DA:191,0
DA:194,0
DA:195,0
DA:196,0
DA:199,0
DA:201,0
DA:202,0
DA:208,0
DA:213,0
DA:217,0
DA:221,0
DA:222,0
DA:223,0
DA:225,0
DA:229,0
DA:230,0
DA:231,0
DA:233,0
DA:237,0
DA:239,0
DA:240,0
DA:241,0
DA:242,0
DA:247,0
DA:251,0
DA:252,0
DA:255,0
DA:256,0
DA:257,0
DA:259,0
DA:260,0
DA:267,0
DA:273,0
DA:274,0
DA:277,0
DA:279,0
DA:280,0
DA:282,0
DA:283,0
DA:284,0
DA:292,0
DA:295,0
DA:296,0
DA:297,0
DA:299,0
DA:308,0
DA:310,0
DA:316,0
DA:317,0
DA:320,0
DA:322,0
DA:323,0
DA:326,0
DA:328,0
DA:333,0
DA:334,0
DA:336,0
DA:337,0
DA:338,0
DA:340,0
DA:342,0
DA:343,0
DA:346,0
DA:348,0
DA:349,0
DA:352,0
DA:353,0
DA:354,0
DA:358,0
DA:362,0
DA:363,0
DA:366,0
DA:367,0
DA:371,0
DA:372,0
DA:373,0
DA:374,0
DA:378,0
DA:379,0
DA:380,0
DA:382,0
DA:387,0
DA:388,0
DA:389,0
DA:391,0
DA:395,0
DA:405,0
DA:409,0
DA:417,0
DA:418,0
DA:422,0
DA:423,0
DA:427,0
DA:428,0
DA:432,0
DA:433,0
DA:437,0
DA:438,0
DA:446,0
DA:450,0
DA:458,0
DA:461,0
DA:462,0
DA:464,0
DA:468,0
LF:146
LH:0
BRDA:83,0,0,0
BRDA:84,1,0,0
BRDA:88,2,0,0
BRDA:88,2,1,0
BRDA:91,3,0,0
BRDA:91,3,1,0
BRDA:92,4,0,0
BRDA:92,4,1,0
BRDA:111,5,0,0
BRDA:111,5,1,0
BRDA:131,6,0,0
BRDA:131,6,1,0
BRDA:157,7,0,0
BRDA:157,7,1,0
BRDA:172,8,0,0
BRDA:195,9,0,0
BRDA:195,9,1,0
BRDA:195,10,0,0
BRDA:195,10,1,0
BRDA:201,11,0,0
BRDA:201,11,1,0
BRDA:239,12,0,0
BRDA:239,12,1,0
BRDA:241,13,0,0
BRDA:241,13,1,0
BRDA:241,14,0,0
BRDA:241,14,1,0
BRDA:251,15,0,0
BRDA:251,15,1,0
BRDA:257,16,0,0
BRDA:257,16,1,0
BRDA:268,17,0,0
BRDA:268,17,1,0
BRDA:273,18,0,0
BRDA:273,18,1,0
BRDA:273,19,0,0
BRDA:273,19,1,0
BRDA:282,20,0,0
BRDA:282,20,1,0
BRDA:285,21,0,0
BRDA:285,21,1,0
BRDA:286,22,0,0
BRDA:286,22,1,0
BRDA:295,23,0,0
BRDA:295,23,1,0
BRDA:322,24,0,0
BRDA:322,24,1,0
BRDA:322,25,0,0
BRDA:322,25,1,0
BRDA:333,26,0,0
BRDA:333,26,1,0
BRDA:342,27,0,0
BRDA:342,27,1,0
BRDA:346,28,0,0
BRDA:346,28,1,0
BRDA:348,29,0,0
BRDA:348,29,1,0
BRDA:362,30,0,0
BRDA:362,30,1,0
BRDA:371,31,0,0
BRDA:371,31,1,0
BRDA:372,32,0,0
BRDA:372,32,1,0
BRDA:373,33,0,0
BRDA:373,33,1,0
BRDA:409,34,0,0
BRDA:409,34,1,0
BRDA:409,34,2,0
BRDA:416,35,0,0
BRDA:421,36,0,0
BRDA:426,37,0,0
BRDA:431,38,0,0
BRDA:436,39,0,0
BRDA:461,40,0,0
BRDA:461,40,1,0
BRF:75
BRH:0
end_of_record
TN:
SF:src\api\index.ts
FNF:0
FNH:0
LF:0
LH:0
BRF:0
BRH:0
end_of_record
TN:
SF:src\api\validation.ts
FN:40,validateSchema
FN:51,(anonymous_1)
FN:69,validateAsync
FN:80,safeParseOptional
FN:92,createPaginatedResponseSchema
FN:117,createApiResponseSchema
FN:132,createValidationInterceptor
FN:133,(anonymous_7)
FN:168,createVersionedSchema
FN:173,(anonymous_9)
FN:174,(anonymous_10)
FN:176,(anonymous_11)
FN:205,logValidationMetrics
FNF:13
FNH:0
FNDA:0,validateSchema
FNDA:0,(anonymous_1)
FNDA:0,validateAsync
FNDA:0,safeParseOptional
FNDA:0,createPaginatedResponseSchema
FNDA:0,createApiResponseSchema
FNDA:0,createValidationInterceptor
FNDA:0,(anonymous_7)
FNDA:0,createVersionedSchema
FNDA:0,(anonymous_9)
FNDA:0,(anonymous_10)
FNDA:0,(anonymous_11)
FNDA:0,logValidationMetrics
DA:13,0
DA:41,0
DA:42,0
DA:43,0
DA:45,0
DA:46,0
DA:49,0
DA:50,0
DA:51,0
DA:55,0
DA:62,0
DA:73,0
DA:74,0
DA:81,0
DA:82,0
DA:93,0
DA:107,0
DA:118,0
DA:133,0
DA:135,0
DA:137,0
DA:138,0
DA:139,0
DA:141,0
DA:142,0
DA:145,0
DA:147,0
DA:151,0
DA:172,0
DA:173,0
DA:175,0
DA:176,0
DA:178,0
DA:179,0
DA:188,0
DA:189,0
DA:190,0
DA:193,0
DA:210,0
DA:212,0
LF:40
LH:0
BRDA:45,0,0,0
BRDA:45,0,1,0
BRDA:52,1,0,0
BRDA:52,1,1,0
BRDA:82,2,0,0
BRDA:82,2,1,0
BRDA:141,3,0,0
BRDA:141,3,1,0
BRDA:175,4,0,0
BRDA:175,4,1,0
BRDA:178,5,0,0
BRDA:178,5,1,0
BRDA:189,6,0,0
BRDA:189,6,1,0
BRDA:189,7,0,0
BRDA:189,7,1,0
BRDA:216,8,0,0
BRDA:216,8,1,0
BRF:18
BRH:0
end_of_record
TN:
SF:src\app\App.tsx
FN:50,(anonymous_0)
FN:55,(anonymous_1)
FN:58,(anonymous_2)
FN:65,(anonymous_3)
FNF:4
FNH:0
FNDA:0,(anonymous_0)
FNDA:0,(anonymous_1)
FNDA:0,(anonymous_2)
FNDA:0,(anonymous_3)
DA:24,0
DA:25,0
DA:32,0
DA:34,0
DA:35,0
DA:40,0
DA:42,0
DA:43,0
DA:50,0
DA:52,0
DA:53,0
DA:54,0
DA:55,0
DA:58,0
DA:65,0
DA:66,0
LF:16
LH:0
BRDA:52,0,0,0
BRDA:52,0,1,0
BRDA:55,1,0,0
BRDA:55,1,1,0
BRF:4
BRH:0
end_of_record
TN:
SF:src\app\bootstrap.ts
FN:19,(anonymous_0)
FN:26,(anonymous_1)
FN:46,(anonymous_2)
FNF:3
FNH:0
FNDA:0,(anonymous_0)
FNDA:0,(anonymous_1)
FNDA:0,(anonymous_2)
DA:16,0
DA:17,0
DA:19,0
DA:20,0
DA:21,0
DA:24,0
DA:25,0
DA:26,0
DA:27,0
DA:28,0
DA:31,0
DA:36,0
DA:37,0
DA:38,0
DA:39,0
DA:40,0
DA:41,0
DA:42,0
DA:43,0
DA:46,0
DA:47,0
LF:21
LH:0
BRDA:20,0,0,0
BRDA:20,0,1,0
BRDA:27,1,0,0
BRDA:27,1,1,0
BRF:4
BRH:0
end_of_record
TN:
SF:src\app\providers\AppProviders.tsx
FN:29,(anonymous_0)
FN:43,(anonymous_1)
FN:52,(anonymous_2)
FN:66,(anonymous_3)
FN:67,(anonymous_4)
FNF:5
FNH:0
FNDA:0,(anonymous_0)
FNDA:0,(anonymous_1)
FNDA:0,(anonymous_2)
FNDA:0,(anonymous_3)
FNDA:0,(anonymous_4)
DA:29,0
DA:30,0
DA:31,0
DA:32,0
DA:33,0
DA:36,0
DA:39,0
DA:41,0
DA:43,0
DA:44,0
DA:45,0
DA:48,0
DA:52,0
DA:66,0
DA:67,0
DA:68,0
DA:72,0
DA:73,0
DA:75,0
LF:19
LH:0
BRDA:49,0,0,0
BRDA:49,0,1,0
BRDA:72,1,0,0
BRDA:72,1,1,0
BRDA:73,2,0,0
BRDA:73,2,1,0
BRF:6
BRH:0
end_of_record
TN:
SF:src\app\providers\index.ts
FNF:0
FNH:0
LF:0
LH:0
BRF:0
BRH:0
end_of_record
TN:
SF:src\app\session\index.tsx
FN:20,SessionHomeScreen
FN:38,(anonymous_1)
FN:43,(anonymous_2)
FNF:3
FNH:0
FNDA:0,SessionHomeScreen
FNDA:0,(anonymous_1)
FNDA:0,(anonymous_2)
DA:21,0
DA:22,0
DA:34,0
DA:36,0
DA:38,0
DA:40,0
DA:43,0
DA:44,0
DA:47,0
DA:48,0
DA:51,0
DA:52,0
DA:60,0
DA:61,0
DA:73,0
DA:107,0
LF:16
LH:0
BRDA:47,0,0,0
BRDA:47,0,1,0
BRDA:51,1,0,0
BRDA:51,1,1,0
BRDA:60,2,0,0
BRDA:60,2,1,0
BRDA:60,3,0,0
BRDA:60,3,1,0
BRDA:76,4,0,0
BRDA:76,4,1,0
BRDA:76,4,2,0
BRDA:88,5,0,0
BRDA:88,5,1,0
BRF:13
BRH:0
end_of_record
TN:
SF:src\app_root\App.tsx
FNF:0
FNH:0
LF:0
LH:0
BRF:0
BRH:0
end_of_record
TN:
SF:src\app_root\bootstrap.ts
FNF:0
FNH:0
LF:0
LH:0
BRF:0
BRH:0
end_of_record
TN:
SF:src\app_root\providers\AppProviders.tsx
FNF:0
FNH:0
LF:0
LH:0
BRF:0
BRH:0
end_of_record
TN:
SF:src\app_root\providers\index.ts
FNF:0
FNH:0
LF:0
LH:0
BRF:0
BRH:0
end_of_record
TN:
SF:src\app_root\session\index.tsx
FNF:0
FNH:0
LF:0
LH:0
BRF:0
BRH:0
end_of_record
TN:
SF:src\auth\hooks\useAuth.ts
FNF:0
FNH:0
LF:0
LH:0
BRF:0
BRH:0
end_of_record
TN:
SF:src\cache\CacheManager.ts
FNF:0
FNH:0
LF:0
LH:0
BRF:0
BRH:0
end_of_record
TN:
SF:src\components\Avatar.tsx
FNF:0
FNH:0
LF:0
LH:0
BRF:0
BRH:0
end_of_record
TN:
SF:src\components\Badge.tsx
FNF:0
FNH:0
LF:0
LH:0
BRF:0
BRH:0
end_of_record
TN:
SF:src\components\Banner.tsx
FNF:0
FNH:0
LF:0
LH:0
BRF:0
BRH:0
end_of_record
TN:
SF:src\components\Divider.tsx
FNF:0
FNH:0
LF:0
LH:0
BRF:0
BRH:0
end_of_record
TN:
SF:src\components\EmptyState.tsx
FNF:0
FNH:0
LF:0
LH:0
BRF:0
BRH:0
end_of_record
TN:
SF:src\components\FeatureTeaserCard.tsx
FNF:0
FNH:0
LF:0
LH:0
BRF:0
BRH:0
end_of_record
TN:
SF:src\components\FocusRing.tsx
FNF:0
FNH:0
LF:0
LH:0
BRF:0
BRH:0
end_of_record
TN:
SF:src\components\IconButton.tsx
FNF:0
FNH:0
LF:0
LH:0
BRF:0
BRH:0
end_of_record
TN:
SF:src\components\Input.tsx
FNF:0
FNH:0
LF:0
LH:0
BRF:0
BRH:0
end_of_record
TN:
SF:src\components\LevelUpCelebration.tsx
FNF:0
FNH:0
LF:0
LH:0
BRF:0
BRH:0
end_of_record
TN:
SF:src\components\LockedFeatureScreen.tsx
FNF:0
FNH:0
LF:0
LH:0
BRF:0
BRH:0
end_of_record
TN:
SF:src\components\MobileOptimizedContainer.tsx
FNF:0
FNH:0
LF:0
LH:0
BRF:0
BRH:0
end_of_record
TN:
SF:src\components\OfflineBanner.tsx
FNF:0
FNH:0
LF:0
LH:0
BRF:0
BRH:0
end_of_record
TN:
SF:src\components\ProgressBar.tsx
FNF:0
FNH:0
LF:0
LH:0
BRF:0
BRH:0
end_of_record
TN:
SF:src\components\StreakBadge.tsx
FNF:0
FNH:0
LF:0
LH:0
BRF:0
BRH:0
end_of_record
TN:
SF:src\components\UnlockRequirementRow.tsx
FNF:0
FNH:0
LF:0
LH:0
BRF:0
BRH:0
end_of_record
TN:
SF:src\components\index.ts
FNF:0
FNH:0
LF:0
LH:0
BRF:0
BRH:0
end_of_record
TN:
SF:src\components\premiumStyles.ts
FNF:0
FNH:0
LF:0
LH:0
BRF:0
BRH:0
end_of_record
TN:
SF:src\components\boss\BossPhaseIndicator.tsx
FNF:0
FNH:0
LF:0
LH:0
BRF:0
BRH:0
end_of_record
TN:
SF:src\components\journey-map\JourneyMap.tsx
FNF:0
FNH:0
LF:0
LH:0
BRF:0
BRH:0
end_of_record
TN:
SF:src\components\overlays\Modal.tsx
FNF:0
FNH:0
LF:0
LH:0
BRF:0
BRH:0
end_of_record
TN:
SF:src\components\overlays\Toast.tsx
FNF:0
FNH:0
LF:0
LH:0
BRF:0
BRH:0
end_of_record
TN:
SF:src\components\overlays\index.ts
FNF:0
FNH:0
LF:0
LH:0
BRF:0
BRH:0
end_of_record
TN:
SF:src\components\premium\PremiumBadge.tsx
FNF:0
FNH:0
LF:0
LH:0
BRF:0
BRH:0
end_of_record
TN:
SF:src\components\premium\PremiumSurface.tsx
FNF:0
FNH:0
LF:0
LH:0
BRF:0
BRH:0
end_of_record
TN:
SF:src\components\premium\index.ts
FNF:0
FNH:0
LF:0
LH:0
BRF:0
BRH:0
end_of_record
TN:
SF:src\components\primitives\Box.tsx
FNF:0
FNH:0
LF:0
LH:0
BRF:0
BRH:0
end_of_record
TN:
SF:src\components\primitives\Button.tsx
FNF:0
FNH:0
LF:0
LH:0
BRF:0
BRH:0
end_of_record
TN:
SF:src\components\primitives\Card.tsx
FNF:0
FNH:0
LF:0
LH:0
BRF:0
BRH:0
end_of_record
TN:
SF:src\components\primitives\FeatureScreen.tsx
FNF:0
FNH:0
LF:0
LH:0
BRF:0
BRH:0
end_of_record
TN:
SF:src\components\primitives\Stack.tsx
FNF:0
FNH:0
LF:0
LH:0
BRF:0
BRH:0
end_of_record
TN:
SF:src\components\primitives\Text.tsx
FNF:0
FNH:0
LF:0
LH:0
BRF:0
BRH:0
end_of_record
TN:
SF:src\components\primitives\index.ts
FNF:0
FNH:0
LF:0
LH:0
BRF:0
BRH:0
end_of_record
TN:
SF:src\components\primitives\types.ts
FNF:0
FNH:0
LF:0
LH:0
BRF:0
BRH:0
end_of_record
TN:
SF:src\components\states\ErrorState.tsx
FNF:0
FNH:0
LF:0
LH:0
BRF:0
BRH:0
end_of_record
TN:
SF:src\components\states\Loading.tsx
FNF:0
FNH:0
LF:0
LH:0
BRF:0
BRH:0
end_of_record
TN:
SF:src\components\states\LoadingState.tsx
FNF:0
FNH:0
LF:0
LH:0
BRF:0
BRH:0
end_of_record
TN:
SF:src\components\states\index.ts
FNF:0
FNH:0
LF:0
LH:0
BRF:0
BRH:0
end_of_record
TN:
SF:src\components\streak\StreakInsuranceModal.tsx
FNF:0
FNH:0
LF:0
LH:0
BRF:0
BRH:0
end_of_record
TN:
SF:src\components\ui\ProgressIndicator.tsx
FNF:0
FNH:0
LF:0
LH:0
BRF:0
BRH:0
end_of_record
TN:
SF:src\components\ui\Skeleton.tsx
FNF:0
FNH:0
LF:0
LH:0
BRF:0
BRH:0
end_of_record
TN:
SF:src\config\index.ts
FNF:0
FNH:0
LF:0
LH:0
BRF:0
BRH:0
end_of_record
TN:
SF:src\config\sentry.ts
FNF:0
FNH:0
LF:0
LH:0
BRF:0
BRH:0
end_of_record
TN:
SF:src\config\supabase.ts
FNF:0
FNH:0
LF:0
LH:0
BRF:0
BRH:0
end_of_record
TN:
SF:src\constants\api.ts
FNF:0
FNH:0
LF:0
LH:0
BRF:0
BRH:0
end_of_record
TN:
SF:src\constants\app.ts
FNF:0
FNH:0
LF:0
LH:0
BRF:0
BRH:0
end_of_record
TN:
SF:src\constants\features.ts
FNF:0
FNH:0
LF:0
LH:0
BRF:0
BRH:0
end_of_record
TN:
SF:src\constants\haptics.ts
FNF:0
FNH:0
LF:0
LH:0
BRF:0
BRH:0
end_of_record
TN:
SF:src\constants\index.ts
FNF:0
FNH:0
LF:0
LH:0
BRF:0
BRH:0
end_of_record
TN:
SF:src\constants\routes.ts
FNF:0
FNH:0
LF:0
LH:0
BRF:0
BRH:0
end_of_record
TN:
SF:src\constants\storage.ts
FNF:0
FNH:0
LF:0
LH:0
BRF:0
BRH:0
end_of_record
TN:
SF:src\error-handling\ErrorBoundary.tsx
FNF:0
FNH:0
LF:0
LH:0
BRF:0
BRH:0
end_of_record
TN:
SF:src\errors\ErrorBoundary.tsx
FNF:0
FNH:0
LF:0
LH:0
BRF:0
BRH:0
end_of_record
TN:
SF:src\errors\index.ts
FNF:0
FNH:0
LF:0
LH:0
BRF:0
BRH:0
end_of_record
TN:
SF:src\events\EventBus.ts
FNF:0
FNH:0
LF:0
LH:0
BRF:0
BRH:0
end_of_record
TN:
SF:src\events\EventEmitter.ts
FNF:0
FNH:0
LF:0
LH:0
BRF:0
BRH:0
end_of_record
TN:
SF:src\events\EventService.ts
FNF:0
FNH:0
LF:0
LH:0
BRF:0
BRH:0
end_of_record
TN:
SF:src\events\EventTypes.ts
FNF:0
FNH:0
LF:0
LH:0
BRF:0
BRH:0
end_of_record
TN:
SF:src\events\event-definitions.ts
FNF:0
FNH:0
LF:0
LH:0
BRF:0
BRH:0
end_of_record
TN:
SF:src\events\index.ts
FNF:0
FNH:0
LF:0
LH:0
BRF:0
BRH:0
end_of_record
TN:
SF:src\events\hooks\useEventBus.ts
FNF:0
FNH:0
LF:0
LH:0
BRF:0
BRH:0
end_of_record
TN:
SF:src\events\types\accessibility.ts
FNF:0
FNH:0
LF:0
LH:0
BRF:0
BRH:0
end_of_record
TN:
SF:src\events\types\achievement.ts
FNF:0
FNH:0
LF:0
LH:0
BRF:0
BRH:0
end_of_record
TN:
SF:src\events\types\analytics.ts
FNF:0
FNH:0
LF:0
LH:0
BRF:0
BRH:0
end_of_record
TN:
SF:src\events\types\app.ts
FNF:0
FNH:0
LF:0
LH:0
BRF:0
BRH:0
end_of_record
TN:
SF:src\events\types\auth.ts
FNF:0
FNH:0
LF:0
LH:0
BRF:0
BRH:0
end_of_record
TN:
SF:src\events\types\base.ts
FNF:0
FNH:0
LF:0
LH:0
BRF:0
BRH:0
end_of_record
TN:
SF:src\events\types\battle-pass.ts
FNF:0
FNH:0
LF:0
LH:0
BRF:0
BRH:0
end_of_record
TN:
SF:src\events\types\boost.ts
FNF:0
FNH:0
LF:0
LH:0
BRF:0
BRH:0
end_of_record
TN:
SF:src\events\types\boss.ts
FNF:0
FNH:0
LF:0
LH:0
BRF:0
BRH:0
end_of_record
TN:
SF:src\events\types\cache.ts
FNF:0
FNH:0
LF:0
LH:0
BRF:0
BRH:0
end_of_record
TN:
SF:src\events\types\challenge.ts
FNF:0
FNH:0
LF:0
LH:0
BRF:0
BRH:0
end_of_record
TN:
SF:src\events\types\coach.ts
FNF:0
FNH:0
LF:0
LH:0
BRF:0
BRH:0
end_of_record
TN:
SF:src\events\types\cosmetics.ts
FNF:0
FNH:0
LF:0
LH:0
BRF:0
BRH:0
end_of_record
TN:
SF:src\events\types\duel.ts
FNF:0
FNH:0
LF:0
LH:0
BRF:0
BRH:0
end_of_record
TN:
SF:src\events\types\economy.ts
FNF:0
FNH:0
LF:0
LH:0
BRF:0
BRH:0
end_of_record
TN:
SF:src\events\types\emotion-retention.ts
FNF:0
FNH:0
LF:0
LH:0
BRF:0
BRH:0
end_of_record
TN:
SF:src\events\types\error.ts
FNF:0
FNH:0
LF:0
LH:0
BRF:0
BRH:0
end_of_record
TN:
SF:src\events\types\events.ts
FNF:0
FNH:0
LF:0
LH:0
BRF:0
BRH:0
end_of_record
TN:
SF:src\events\types\feature.ts
FNF:0
FNH:0
LF:0
LH:0
BRF:0
BRH:0
end_of_record
TN:
SF:src\events\types\feed.ts
FNF:0
FNH:0
LF:0
LH:0
BRF:0
BRH:0
end_of_record
TN:
SF:src\events\types\feedback.ts
FNF:0
FNH:0
LF:0
LH:0
BRF:0
BRH:0
end_of_record
TN:
SF:src\events\types\focus-identity.ts
FNF:0
FNH:0
LF:0
LH:0
BRF:0
BRH:0
end_of_record
TN:
SF:src\events\types\guild.ts
FNF:0
FNH:0
LF:0
LH:0
BRF:0
BRH:0
end_of_record
TN:
SF:src\events\types\index.ts
FNF:0
FNH:0
LF:0
LH:0
BRF:0
BRH:0
end_of_record
TN:
SF:src\events\types\integration.ts
FNF:0
FNH:0
LF:0
LH:0
BRF:0
BRH:0
end_of_record
TN:
SF:src\events\types\inventory.ts
FNF:0
FNH:0
LF:0
LH:0
BRF:0
BRH:0
end_of_record
TN:
SF:src\events\types\leaderboard.ts
FNF:0
FNH:0
LF:0
LH:0
BRF:0
BRH:0
end_of_record
TN:
SF:src\events\types\milestone.ts
FNF:0
FNH:0
LF:0
LH:0
BRF:0
BRH:0
end_of_record
TN:
SF:src\events\types\navigation.ts
FNF:0
FNH:0
LF:0
LH:0
BRF:0
BRH:0
end_of_record
TN:
SF:src\events\types\network.ts
FNF:0
FNH:0
LF:0
LH:0
BRF:0
BRH:0
end_of_record
TN:
SF:src\events\types\neuroplasticity.ts
FNF:0
FNH:0
LF:0
LH:0
BRF:0
BRH:0
end_of_record
TN:
SF:src\events\types\notification.ts
FNF:0
FNH:0
LF:0
LH:0
BRF:0
BRH:0
end_of_record
TN:
SF:src\events\types\onboarding.ts
FNF:0
FNH:0
LF:0
LH:0
BRF:0
BRH:0
end_of_record
TN:
SF:src\events\types\productivity.ts
FNF:0
FNH:0
LF:0
LH:0
BRF:0
BRH:0
end_of_record
TN:
SF:src\events\types\progression.ts
FNF:0
FNH:0
LF:0
LH:0
BRF:0
BRH:0
end_of_record
TN:
SF:src\events\types\ranking.ts
FNF:0
FNH:0
LF:0
LH:0
BRF:0
BRH:0
end_of_record
TN:
SF:src\events\types\retention.ts
FNF:0
FNH:0
LF:0
LH:0
BRF:0
BRH:0
end_of_record
TN:
SF:src\events\types\reward.ts
FNF:0
FNH:0
LF:0
LH:0
BRF:0
BRH:0
end_of_record
TN:
SF:src\events\types\season.ts
FNF:0
FNH:0
LF:0
LH:0
BRF:0
BRH:0
end_of_record
TN:
SF:src\events\types\session-story.ts
FNF:0
FNH:0
LF:0
LH:0
BRF:0
BRH:0
end_of_record
TN:
SF:src\events\types\session.ts
FNF:0
FNH:0
LF:0
LH:0
BRF:0
BRH:0
end_of_record
TN:
SF:src\events\types\settings.ts
FNF:0
FNH:0
LF:0
LH:0
BRF:0
BRH:0
end_of_record
TN:
SF:src\events\types\shop.ts
FNF:0
FNH:0
LF:0
LH:0
BRF:0
BRH:0
end_of_record
TN:
SF:src\events\types\social.ts
FNF:0
FNH:0
LF:0
LH:0
BRF:0
BRH:0
end_of_record
TN:
SF:src\events\types\squad-war.ts
FNF:0
FNH:0
LF:0
LH:0
BRF:0
BRH:0
end_of_record
TN:
SF:src\events\types\squad.ts
FNF:0
FNH:0
LF:0
LH:0
BRF:0
BRH:0
end_of_record
TN:
SF:src\events\types\storage.ts
FNF:0
FNH:0
LF:0
LH:0
BRF:0
BRH:0
end_of_record
TN:
SF:src\events\types\streak.ts
FNF:0
FNH:0
LF:0
LH:0
BRF:0
BRH:0
end_of_record
TN:
SF:src\events\types\subscription.ts
FNF:0
FNH:0
LF:0
LH:0
BRF:0
BRH:0
end_of_record
TN:
SF:src\events\types\theme.ts
FNF:0
FNH:0
LF:0
LH:0
BRF:0
BRH:0
end_of_record
TN:
SF:src\events\types\user.ts
FNF:0
FNH:0
LF:0
LH:0
BRF:0
BRH:0
end_of_record
TN:
SF:src\events\types\weekly-quest.ts
FNF:0
FNH:0
LF:0
LH:0
BRF:0
BRH:0
end_of_record
TN:
SF:src\feature-flags\FeatureFlagEngine.ts
FNF:0
FNH:0
LF:0
LH:0
BRF:0
BRH:0
end_of_record
TN:
SF:src\features\FeatureFlagService.ts
FNF:0
FNH:0
LF:0
LH:0
BRF:0
BRH:0
end_of_record
TN:
SF:src\features\index.ts
FNF:0
FNH:0
LF:0
LH:0
BRF:0
BRH:0
end_of_record
TN:
SF:src\features\achievements\AchievementEnhancement.ts
FNF:0
FNH:0
LF:0
LH:0
BRF:0
BRH:0
end_of_record
TN:
SF:src\features\achievements\EventHandler.ts
FNF:0
FNH:0
LF:0
LH:0
BRF:0
BRH:0
end_of_record
TN:
SF:src\features\achievements\definitions.ts
FNF:0
FNH:0
LF:0
LH:0
BRF:0
BRH:0
end_of_record
TN:
SF:src\features\achievements\hooks.ts
FNF:0
FNH:0
LF:0
LH:0
BRF:0
BRH:0
end_of_record
TN:
SF:src\features\achievements\repository.ts
FNF:0
FNH:0
LF:0
LH:0
BRF:0
BRH:0
end_of_record
TN:
SF:src\features\achievements\service.ts
FNF:0
FNH:0
LF:0
LH:0
BRF:0
BRH:0
end_of_record
TN:
SF:src\features\achievements\types.ts
FNF:0
FNH:0
LF:0
LH:0
BRF:0
BRH:0
end_of_record
TN:
SF:src\features\achievements\components\AchievementDetailSheet.tsx
FNF:0
FNH:0
LF:0
LH:0
BRF:0
BRH:0
end_of_record
TN:
SF:src\features\achievements\components\AchievementUnlockToast.tsx
FNF:0
FNH:0
LF:0
LH:0
BRF:0
BRH:0
end_of_record
TN:
SF:src\features\achievements\definitions\boss-achievements.ts
FNF:0
FNH:0
LF:0
LH:0
BRF:0
BRH:0
end_of_record
TN:
SF:src\features\achievements\definitions\economy-achievements.ts
FNF:0
FNH:0
LF:0
LH:0
BRF:0
BRH:0
end_of_record
TN:
SF:src\features\achievements\definitions\helpers.ts
FNF:0
FNH:0
LF:0
LH:0
BRF:0
BRH:0
end_of_record
TN:
SF:src\features\achievements\definitions\index.ts
FNF:0
FNH:0
LF:0
LH:0
BRF:0
BRH:0
end_of_record
TN:
SF:src\features\achievements\definitions\progression-achievements.ts
FNF:0
FNH:0
LF:0
LH:0
BRF:0
BRH:0
end_of_record
TN:
SF:src\features\achievements\definitions\rarity-config.ts
FNF:0
FNH:0
LF:0
LH:0
BRF:0
BRH:0
end_of_record
TN:
SF:src\features\achievements\definitions\session-achievements.ts
FNF:0
FNH:0
LF:0
LH:0
BRF:0
BRH:0
end_of_record
TN:
SF:src\features\achievements\definitions\social-achievements.ts
FNF:0
FNH:0
LF:0
LH:0
BRF:0
BRH:0
end_of_record
TN:
SF:src\features\achievements\definitions\streak-achievements.ts
FNF:0
FNH:0
LF:0
LH:0
BRF:0
BRH:0
end_of_record
TN:
SF:src\features\ai-coach\CoachMemory.ts
FNF:0
FNH:0
LF:0
LH:0
BRF:0
BRH:0
end_of_record
TN:
SF:src\features\ai-coach\PersonalQuestGenerator.ts
FNF:0
FNH:0
LF:0
LH:0
BRF:0
BRH:0
end_of_record
TN:
SF:src\features\ai-coach\PredictiveInterventionEngine.ts
FNF:0
FNH:0
LF:0
LH:0
BRF:0
BRH:0
end_of_record
TN:
SF:src\features\ai-coach\active-intervention.ts
FNF:0
FNH:0
LF:0
LH:0
BRF:0
BRH:0
end_of_record
TN:
SF:src\features\ai-coach\analytics.ts
FNF:0
FNH:0
LF:0
LH:0
BRF:0
BRH:0
end_of_record
TN:
SF:src\features\ai-coach\constants.ts
FNF:0
FNH:0
LF:0
LH:0
BRF:0
BRH:0
end_of_record
TN:
SF:src\features\ai-coach\context-snapshot.ts
FNF:0
FNH:0
LF:0
LH:0
BRF:0
BRH:0
end_of_record
TN:
SF:src\features\ai-coach\events.ts
FNF:0
FNH:0
LF:0
LH:0
BRF:0
BRH:0
end_of_record
TN:
SF:src\features\ai-coach\free-tier-system.ts
FNF:0
FNH:0
LF:0
LH:0
BRF:0
BRH:0
end_of_record
TN:
SF:src\features\ai-coach\hooks-enhanced.ts
FNF:0
FNH:0
LF:0
LH:0
BRF:0
BRH:0
end_of_record
TN:
SF:src\features\ai-coach\hooks-offline.ts
FNF:0
FNH:0
LF:0
LH:0
BRF:0
BRH:0
end_of_record
TN:
SF:src\features\ai-coach\hooks-realtime.ts
FNF:0
FNH:0
LF:0
LH:0
BRF:0
BRH:0
end_of_record
TN:
SF:src\features\ai-coach\hooks.ts
FNF:0
FNH:0
LF:0
LH:0
BRF:0
BRH:0
end_of_record
TN:
SF:src\features\ai-coach\index.ts
FNF:0
FNH:0
LF:0
LH:0
BRF:0
BRH:0
end_of_record
TN:
SF:src\features\ai-coach\integration-enhanced.ts
FNF:0
FNH:0
LF:0
LH:0
BRF:0
BRH:0
end_of_record
TN:
SF:src\features\ai-coach\integration.ts
FNF:0
FNH:0
LF:0
LH:0
BRF:0
BRH:0
end_of_record
TN:
SF:src\features\ai-coach\intervention-service.ts
FNF:0
FNH:0
LF:0
LH:0
BRF:0
BRH:0
end_of_record
TN:
SF:src\features\ai-coach\memory-schemas.ts
FNF:0
FNH:0
LF:0
LH:0
BRF:0
BRH:0
end_of_record
TN:
SF:src\features\ai-coach\message-generator.ts
FNF:0
FNH:0
LF:0
LH:0
BRF:0
BRH:0
end_of_record
TN:
SF:src\features\ai-coach\persona-manager.ts
FNF:0
FNH:0
LF:0
LH:0
BRF:0
BRH:0
end_of_record
TN:
SF:src\features\ai-coach\pipeline.ts
FNF:0
FNH:0
LF:0
LH:0
BRF:0
BRH:0
end_of_record
TN:
SF:src\features\ai-coach\recommendation-pipeline.ts
FNF:0
FNH:0
LF:0
LH:0
BRF:0
BRH:0
end_of_record
TN:
SF:src\features\ai-coach\reminder-scheduler.ts
FNF:0
FNH:0
LF:0
LH:0
BRF:0
BRH:0
end_of_record
TN:
SF:src\features\ai-coach\repository-enhanced.ts
FNF:0
FNH:0
LF:0
LH:0
BRF:0
BRH:0
end_of_record
TN:
SF:src\features\ai-coach\repository.ts
FNF:0
FNH:0
LF:0
LH:0
BRF:0
BRH:0
end_of_record
TN:
SF:src\features\ai-coach\schemas.ts
FNF:0
FNH:0
LF:0
LH:0
BRF:0
BRH:0
end_of_record
TN:
SF:src\features\ai-coach\service.ts
FNF:0
FNH:0
LF:0
LH:0
BRF:0
BRH:0
end_of_record
TN:
SF:src\features\ai-coach\session-analyzer.ts
FNF:0
FNH:0
LF:0
LH:0
BRF:0
BRH:0
end_of_record
TN:
SF:src\features\ai-coach\store.ts
FNF:0
FNH:0
LF:0
LH:0
BRF:0
BRH:0
end_of_record
TN:
SF:src\features\ai-coach\study-loop.ts
FNF:0
FNH:0
LF:0
LH:0
BRF:0
BRH:0
end_of_record
TN:
SF:src\features\ai-coach\types.ts
FNF:0
FNH:0
LF:0
LH:0
BRF:0
BRH:0
end_of_record
TN:
SF:src\features\ai-coach\components\CoachInterventionBanner.tsx
FNF:0
FNH:0
LF:0
LH:0
BRF:0
BRH:0
end_of_record
TN:
SF:src\features\ai-coach\components\CoachLoadingState.tsx
FNF:0
FNH:0
LF:0
LH:0
BRF:0
BRH:0
end_of_record
TN:
SF:src\features\ai-coach\components\CoachMessageBubble.tsx
FNF:0
FNH:0
LF:0
LH:0
BRF:0
BRH:0
end_of_record
TN:
SF:src\features\ai-coach\components\CoachScreen.styles.ts
FNF:0
FNH:0
LF:0
LH:0
BRF:0
BRH:0
end_of_record
TN:
SF:src\features\ai-coach\components\CoachScreen.tsx
FNF:0
FNH:0
LF:0
LH:0
BRF:0
BRH:0
end_of_record
TN:
SF:src\features\ai-coach\components\CoachSessionBanner.tsx
FNF:0
FNH:0
LF:0
LH:0
BRF:0
BRH:0
end_of_record
TN:
SF:src\features\ai-coach\components\DailyQuestCard.tsx
FNF:0
FNH:0
LF:0
LH:0
BRF:0
BRH:0
end_of_record
TN:
SF:src\features\ai-coach\components\MemoryList.tsx
FNF:0
FNH:0
LF:0
LH:0
BRF:0
BRH:0
end_of_record
TN:
SF:src\features\ai-coach\components\session-suggestion-card.tsx
FNF:0
FNH:0
LF:0
LH:0
BRF:0
BRH:0
end_of_record
TN:
SF:src\features\ai-coach\components\primitives\button.tsx
FNF:0
FNH:0
LF:0
LH:0
BRF:0
BRH:0
end_of_record
TN:
SF:src\features\ai-coach\components\primitives\empty-state.tsx
FNF:0
FNH:0
LF:0
LH:0
BRF:0
BRH:0
end_of_record
TN:
SF:src\features\ai-coach\components\primitives\error-state.tsx
FNF:0
FNH:0
LF:0
LH:0
BRF:0
BRH:0
end_of_record
TN:
SF:src\features\ai-coach\components\primitives\index.ts
FNF:0
FNH:0
LF:0
LH:0
BRF:0
BRH:0
end_of_record
TN:
SF:src\features\ai-coach\components\primitives\progress-state.tsx
FNF:0
FNH:0
LF:0
LH:0
BRF:0
BRH:0
end_of_record
TN:
SF:src\features\ai-coach\components\primitives\skeleton.tsx
FNF:0
FNH:0
LF:0
LH:0
BRF:0
BRH:0
end_of_record
TN:
SF:src\features\ai-coach\hooks\index.ts
FNF:0
FNH:0
LF:0
LH:0
BRF:0
BRH:0
end_of_record
TN:
SF:src\features\ai-coach\hooks\useCoachMessages.ts
FNF:0
FNH:0
LF:0
LH:0
BRF:0
BRH:0
end_of_record
TN:
SF:src\features\ai-coach\hooks\useCoachPersona.ts
FNF:0
FNH:0
LF:0
LH:0
BRF:0
BRH:0
end_of_record
TN:
SF:src\features\ai-coach\hooks\useCoachRecommendation.ts
FNF:0
FNH:0
LF:0
LH:0
BRF:0
BRH:0
end_of_record
TN:
SF:src\features\ai-coach\hooks\useCoachState.ts
FNF:0
FNH:0
LF:0
LH:0
BRF:0
BRH:0
end_of_record
TN:
SF:src\features\ai-coach\hooks\useMemories.ts
FNF:0
FNH:0
LF:0
LH:0
BRF:0
BRH:0
end_of_record
TN:
SF:src\features\ai-coach\hooks\useNetworkStatus.ts
FNF:0
FNH:0
LF:0
LH:0
BRF:0
BRH:0
end_of_record
TN:
SF:src\features\ai-coach\hooks\useRecommendationMutations.ts
FNF:0
FNH:0
LF:0
LH:0
BRF:0
BRH:0
end_of_record
TN:
SF:src\features\ai-coach\repository\behavior.ts
FNF:0
FNH:0
LF:0
LH:0
BRF:0
BRH:0
end_of_record
TN:
SF:src\features\ai-coach\repository\difficulty.ts
FNF:0
FNH:0
LF:0
LH:0
BRF:0
BRH:0
end_of_record
TN:
SF:src\features\ai-coach\repository\error.ts
FNF:0
FNH:0
LF:0
LH:0
BRF:0
BRH:0
end_of_record
TN:
SF:src\features\ai-coach\repository\index.ts
FNF:0
FNH:0
LF:0
LH:0
BRF:0
BRH:0
end_of_record
TN:
SF:src\features\ai-coach\repository\intervention.ts
FNF:0
FNH:0
LF:0
LH:0
BRF:0
BRH:0
end_of_record
TN:
SF:src\features\ai-coach\repository\memories.ts
FNF:0
FNH:0
LF:0
LH:0
BRF:0
BRH:0
end_of_record
TN:
SF:src\features\ai-coach\repository\messages.ts
FNF:0
FNH:0
LF:0
LH:0
BRF:0
BRH:0
end_of_record
TN:
SF:src\features\ai-coach\repository\personas.ts
FNF:0
FNH:0
LF:0
LH:0
BRF:0
BRH:0
end_of_record
TN:
SF:src\features\ai-coach\repository\recommendations.ts
FNF:0
FNH:0
LF:0
LH:0
BRF:0
BRH:0
end_of_record
TN:
SF:src\features\ai-coach\repository\reminders.ts
FNF:0
FNH:0
LF:0
LH:0
BRF:0
BRH:0
end_of_record
TN:
SF:src\features\ai-coach\repository\state.ts
FNF:0
FNH:0
LF:0
LH:0
BRF:0
BRH:0
end_of_record
TN:
SF:src\features\ai-coach\service\behavior-analytics.ts
FNF:0
FNH:0
LF:0
LH:0
BRF:0
BRH:0
end_of_record
TN:
SF:src\features\ai-coach\service\coach-state-machine.ts
FNF:0
FNH:0
LF:0
LH:0
BRF:0
BRH:0
end_of_record
TN:
SF:src\features\ai-coach\service\index.ts
FNF:0
FNH:0
LF:0
LH:0
BRF:0
BRH:0
end_of_record
TN:
SF:src\features\ai-coach\service\intervention-engine.ts
FNF:0
FNH:0
LF:0
LH:0
BRF:0
BRH:0
end_of_record
TN:
SF:src\features\ai-coach\service\message-generator.ts
FNF:0
FNH:0
LF:0
LH:0
BRF:0
BRH:0
end_of_record
TN:
SF:src\features\ai-coach\service\personality-templates.ts
FNF:0
FNH:0
LF:0
LH:0
BRF:0
BRH:0
end_of_record
TN:
SF:src\features\ai-coach\services\CoachRecommendationService.ts
FNF:0
FNH:0
LF:0
LH:0
BRF:0
BRH:0
end_of_record
TN:
SF:src\features\ai-coach\services\coach-memory.ts
FNF:0
FNH:0
LF:0
LH:0
BRF:0
BRH:0
end_of_record
TN:
SF:src\features\ai-coach\services\coach-screen-service.ts
FNF:0
FNH:0
LF:0
LH:0
BRF:0
BRH:0
end_of_record
TN:
SF:src\features\ai-coach\services\coach-session-trigger.ts
FNF:0
FNH:0
LF:0
LH:0
BRF:0
BRH:0
end_of_record
TN:
SF:src\features\ai-coach\services\index.ts
FNF:0
FNH:0
LF:0
LH:0
BRF:0
BRH:0
end_of_record
TN:
SF:src\features\ai-coach\services\memory-service.ts
FNF:0
FNH:0
LF:0
LH:0
BRF:0
BRH:0
end_of_record
TN:
SF:src\features\ai-coach\services\notification-config.ts
FNF:0
FNH:0
LF:0
LH:0
BRF:0
BRH:0
end_of_record
TN:
SF:src\features\ai-coach\services\notification-permissions.ts
FNF:0
FNH:0
LF:0
LH:0
BRF:0
BRH:0
end_of_record
TN:
SF:src\features\ai-coach\services\notification-service.ts
FNF:0
FNH:0
LF:0
LH:0
BRF:0
BRH:0
end_of_record
TN:
SF:src\features\ai-coach\services\notification-support.ts
FNF:0
FNH:0
LF:0
LH:0
BRF:0
BRH:0
end_of_record
TN:
SF:src\features\ai-coach\services\post-failure-support.ts
FNF:0
FNH:0
LF:0
LH:0
BRF:0
BRH:0
end_of_record
TN:
SF:src\features\ai-coach\store\helpers.ts
FNF:0
FNH:0
LF:0
LH:0
BRF:0
BRH:0
end_of_record
TN:
SF:src\features\ai-coach\store\index.ts
FNF:0
FNH:0
LF:0
LH:0
BRF:0
BRH:0
end_of_record
TN:
SF:src\features\ai-coach\store\selectors.ts
FNF:0
FNH:0
LF:0
LH:0
BRF:0
BRH:0
end_of_record
TN:
SF:src\features\ai-coach\store\storage.ts
FNF:0
FNH:0
LF:0
LH:0
BRF:0
BRH:0
end_of_record
TN:
SF:src\features\ai-coach\store\types.ts
FNF:0
FNH:0
LF:0
LH:0
BRF:0
BRH:0
end_of_record
TN:
SF:src\features\ai-coach\store\useCoachStore.ts
FNF:0
FNH:0
LF:0
LH:0
BRF:0
BRH:0
end_of_record
TN:
SF:src\features\ai-coach\utils\index.ts
FNF:0
FNH:0
LF:0
LH:0
BRF:0
BRH:0
end_of_record
TN:
SF:src\features\ai-coach\utils\retry.ts
FNF:0
FNH:0
LF:0
LH:0
BRF:0
BRH:0
end_of_record
TN:
SF:src\features\ai-coach\utils\timezone.ts
FNF:0
FNH:0
LF:0
LH:0
BRF:0
BRH:0
end_of_record
TN:
SF:src\features\ai-coach\utils\validation.ts
FNF:0
FNH:0
LF:0
LH:0
BRF:0
BRH:0
end_of_record
TN:
SF:src\features\analytics\analytics-tracking.ts
FNF:0
FNH:0
LF:0
LH:0
BRF:0
BRH:0
end_of_record
TN:
SF:src\features\analytics\events.ts
FNF:0
FNH:0
LF:0
LH:0
BRF:0
BRH:0
end_of_record
TN:
SF:src\features\analytics\hooks.ts
FNF:0
FNH:0
LF:0
LH:0
BRF:0
BRH:0
end_of_record
TN:
SF:src\features\analytics\index.ts
FNF:0
FNH:0
LF:0
LH:0
BRF:0
BRH:0
end_of_record
TN:
SF:src\features\analytics\integration.ts
FNF:0
FNH:0
LF:0
LH:0
BRF:0
BRH:0
end_of_record
TN:
SF:src\features\analytics\repository.ts
FNF:0
FNH:0
LF:0
LH:0
BRF:0
BRH:0
end_of_record
TN:
SF:src\features\analytics\schemas.ts
FNF:0
FNH:0
LF:0
LH:0
BRF:0
BRH:0
end_of_record
TN:
SF:src\features\analytics\service.ts
FNF:0
FNH:0
LF:0
LH:0
BRF:0
BRH:0
end_of_record
TN:
SF:src\features\analytics\storage.ts
FNF:0
FNH:0
LF:0
LH:0
BRF:0
BRH:0
end_of_record
TN:
SF:src\features\analytics\types.ts
FNF:0
FNH:0
LF:0
LH:0
BRF:0
BRH:0
end_of_record
TN:
SF:src\features\analytics\validation.ts
FNF:0
FNH:0
LF:0
LH:0
BRF:0
BRH:0
end_of_record
TN:
SF:src\features\analytics\components\AnalyticsDashboard.tsx
FNF:0
FNH:0
LF:0
LH:0
BRF:0
BRH:0
end_of_record
TN:
SF:src\features\analytics\components\DataExportScreen.tsx
FNF:0
FNH:0
LF:0
LH:0
BRF:0
BRH:0
end_of_record
TN:
SF:src\features\analytics\components\ExportProgress.tsx
FNF:0
FNH:0
LF:0
LH:0
BRF:0
BRH:0
end_of_record
TN:
SF:src\features\analytics\components\Heatmap.tsx
FNF:0
FNH:0
LF:0
LH:0
BRF:0
BRH:0
end_of_record
TN:
SF:src\features\analytics\components\InsightCard.tsx
FNF:0
FNH:0
LF:0
LH:0
BRF:0
BRH:0
end_of_record
TN:
SF:src\features\analytics\components\MetricSelector.tsx
FNF:0
FNH:0
LF:0
LH:0
BRF:0
BRH:0
end_of_record
TN:
SF:src\features\analytics\components\TimeRangeFilter.tsx
FNF:0
FNH:0
LF:0
LH:0
BRF:0
BRH:0
end_of_record
TN:
SF:src\features\analytics\components\TimeSeriesChart.tsx
FNF:0
FNH:0
LF:0
LH:0
BRF:0
BRH:0
end_of_record
TN:
SF:src\features\analytics\components\index.ts
FNF:0
FNH:0
LF:0
LH:0
BRF:0
BRH:0
end_of_record
TN:
SF:src\features\battle-pass\analytics.ts
FNF:0
FNH:0
LF:0
LH:0
BRF:0
BRH:0
end_of_record
TN:
SF:src\features\battle-pass\battle-pass-system.ts
FNF:0
FNH:0
LF:0
LH:0
BRF:0
BRH:0
end_of_record
TN:
SF:src\features\battle-pass\hooks.ts
FNF:0
FNH:0
LF:0
LH:0
BRF:0
BRH:0
end_of_record
TN:
SF:src\features\battle-pass\index.ts
FNF:0
FNH:0
LF:0
LH:0
BRF:0
BRH:0
end_of_record
TN:
SF:src\features\battle-pass\journey-map.ts
FNF:0
FNH:0
LF:0
LH:0
BRF:0
BRH:0
end_of_record
TN:
SF:src\features\battle-pass\repository-journey.ts
FNF:0
FNH:0
LF:0
LH:0
BRF:0
BRH:0
end_of_record
TN:
SF:src\features\battle-pass\repository.ts
FNF:0
FNH:0
LF:0
LH:0
BRF:0
BRH:0
end_of_record
TN:
SF:src\features\battle-pass\schemas.ts
FNF:0
FNH:0
LF:0
LH:0
BRF:0
BRH:0
end_of_record
TN:
SF:src\features\battle-pass\service.ts
FNF:0
FNH:0
LF:0
LH:0
BRF:0
BRH:0
end_of_record
TN:
SF:src\features\battle-pass\types.ts
FNF:0
FNH:0
LF:0
LH:0
BRF:0
BRH:0
end_of_record
TN:
SF:src\features\battle-pass\components\BattlePassTierToastListener.tsx
FNF:0
FNH:0
LF:0
LH:0
BRF:0
BRH:0
end_of_record
TN:
SF:src\features\battle-pass\components\BattlePassTrack.tsx
FNF:0
FNH:0
LF:0
LH:0
BRF:0
BRH:0
end_of_record
TN:
SF:src\features\battle-pass\components\BattlePassUrgencyBanner.tsx
FNF:0
FNH:0
LF:0
LH:0
BRF:0
BRH:0
end_of_record
TN:
SF:src\features\battle-pass\components\PremiumPreview.tsx
FNF:0
FNH:0
LF:0
LH:0
BRF:0
BRH:0
end_of_record
TN:
SF:src\features\battle-pass\components\TierRewardDetail.tsx
FNF:0
FNH:0
LF:0
LH:0
BRF:0
BRH:0
end_of_record
TN:
SF:src\features\battle-pass\components\index.ts
FNF:0
FNH:0
LF:0
LH:0
BRF:0
BRH:0
end_of_record
TN:
SF:src\features\boss\AdaptiveDifficulty.ts
FNF:0
FNH:0
LF:0
LH:0
BRF:0
BRH:0
end_of_record
TN:
SF:src\features\boss\AdaptiveDifficultyEngine.ts
FNF:0
FNH:0
LF:0
LH:0
BRF:0
BRH:0
end_of_record
TN:
SF:src\features\boss\BossBountySystem.ts
FNF:0
FNH:0
LF:0
LH:0
BRF:0
BRH:0
end_of_record
TN:
SF:src\features\boss\BossNarrativeSystem.ts
FNF:0
FNH:0
LF:0
LH:0
BRF:0
BRH:0
end_of_record
TN:
SF:src\features\boss\BossPrimeTimeSystem.ts
FNF:0
FNH:0
LF:0
LH:0
BRF:0
BRH:0
end_of_record
TN:
SF:src\features\boss\BossSpawnScheduler.ts
FNF:0
FNH:0
LF:0
LH:0
BRF:0
BRH:0
end_of_record
TN:
SF:src\features\boss\SquadBossSystem.ts
FNF:0
FNH:0
LF:0
LH:0
BRF:0
BRH:0
end_of_record
TN:
SF:src\features\boss\active-combat-system.ts
FNF:0
FNH:0
LF:0
LH:0
BRF:0
BRH:0
end_of_record
TN:
SF:src\features\boss\analytics.ts
FNF:0
FNH:0
LF:0
LH:0
BRF:0
BRH:0
end_of_record
TN:
SF:src\features\boss\boss-loot.ts
FNF:0
FNH:0
LF:0
LH:0
BRF:0
BRH:0
end_of_record
TN:
SF:src\features\boss\boss-phases.ts
FNF:0
FNH:0
LF:0
LH:0
BRF:0
BRH:0
end_of_record
TN:
SF:src\features\boss\boss-roster-expansion.ts
FNF:0
FNH:0
LF:0
LH:0
BRF:0
BRH:0
end_of_record
TN:
SF:src\features\boss\bounty-loot-boost.ts
FNF:0
FNH:0
LF:0
LH:0
BRF:0
BRH:0
end_of_record
TN:
SF:src\features\boss\critical-hit-system.ts
FNF:0
FNH:0
LF:0
LH:0
BRF:0
BRH:0
end_of_record
TN:
SF:src\features\boss\damage-rules.ts
FNF:0
FNH:0
LF:0
LH:0
BRF:0
BRH:0
end_of_record
TN:
SF:src\features\boss\hooks.ts
FNF:0
FNH:0
LF:0
LH:0
BRF:0
BRH:0
end_of_record
TN:
SF:src\features\boss\index.ts
FNF:0
FNH:0
LF:0
LH:0
BRF:0
BRH:0
end_of_record
TN:
SF:src\features\boss\repository-enhanced.ts
FNF:0
FNH:0
LF:0
LH:0
BRF:0
BRH:0
end_of_record
TN:
SF:src\features\boss\repository.ts
FNF:0
FNH:0
LF:0
LH:0
BRF:0
BRH:0
end_of_record
TN:
SF:src\features\boss\schemas.ts
FNF:0
FNH:0
LF:0
LH:0
BRF:0
BRH:0
end_of_record
TN:
SF:src\features\boss\service.ts
FNF:0
FNH:0
LF:0
LH:0
BRF:0
BRH:0
end_of_record
TN:
SF:src\features\boss\types.ts
FNF:0
FNH:0
LF:0
LH:0
BRF:0
BRH:0
end_of_record
TN:
SF:src\features\boss-realtime\index.ts
FNF:0
FNH:0
LF:0
LH:0
BRF:0
BRH:0
end_of_record
TN:
SF:src\features\boss-realtime\service.ts
FNF:0
FNH:0
LF:0
LH:0
BRF:0
BRH:0
end_of_record
TN:
SF:src\features\boss-realtime\types.ts
FNF:0
FNH:0
LF:0
LH:0
BRF:0
BRH:0
end_of_record
TN:
SF:src\features\boss-realtime\components\RealTimeBossCombat.tsx
FNF:0
FNH:0
LF:0
LH:0
BRF:0
BRH:0
end_of_record
TN:
SF:src\features\boss\components\BossAvatar.tsx
FNF:0
FNH:0
LF:0
LH:0
BRF:0
BRH:0
end_of_record
TN:
SF:src\features\boss\components\BossDefeatedScreen.tsx
FNF:0
FNH:0
LF:0
LH:0
BRF:0
BRH:0
end_of_record
TN:
SF:src\features\boss\components\BossHealthBar.tsx
FNF:0
FNH:0
LF:0
LH:0
BRF:0
BRH:0
end_of_record
TN:
SF:src\features\boss\components\BossNearDeath.tsx
FNF:0
FNH:0
LF:0
LH:0
BRF:0
BRH:0
end_of_record
TN:
SF:src\features\boss\components\BossSpectatorMode.tsx
FNF:0
FNH:0
LF:0
LH:0
BRF:0
BRH:0
end_of_record
TN:
SF:src\features\boss\components\BossTierGate.tsx
FNF:0
FNH:0
LF:0
LH:0
BRF:0
BRH:0
end_of_record
TN:
SF:src\features\boss\components\BossTimeoutScreen.tsx
FNF:0
FNH:0
LF:0
LH:0
BRF:0
BRH:0
end_of_record
TN:
SF:src\features\boss\components\CriticalHitOverlay.tsx
FNF:0
FNH:0
LF:0
LH:0
BRF:0
BRH:0
end_of_record
TN:
SF:src\features\boss\components\DamageFlash.tsx
FNF:0
FNH:0
LF:0
LH:0
BRF:0
BRH:0
end_of_record
TN:
SF:src\features\boss\components\PrimeTimeBanner.tsx
FNF:0
FNH:0
LF:0
LH:0
BRF:0
BRH:0
end_of_record
TN:
SF:src\features\boss\components\boss-battle-card.tsx
FNF:0
FNH:0
LF:0
LH:0
BRF:0
BRH:0
end_of_record
TN:
SF:src\features\boss\components\boss-battle-hud.tsx
FNF:0
FNH:0
LF:0
LH:0
BRF:0
BRH:0
end_of_record
TN:
SF:src\features\boss\components\index.ts
FNF:0
FNH:0
LF:0
LH:0
BRF:0
BRH:0
end_of_record
TN:
SF:src\features\boss\hooks\useActiveBoss.ts
FNF:0
FNH:0
LF:0
LH:0
BRF:0
BRH:0
end_of_record
TN:
SF:src\features\boss\utils\validation.ts
FNF:0
FNH:0
LF:0
LH:0
BRF:0
BRH:0
end_of_record
TN:
SF:src\features\challenges\analytics.ts
FNF:0
FNH:0
LF:0
LH:0
BRF:0
BRH:0
end_of_record
TN:
SF:src\features\challenges\challenge-bank-expansion.ts
FNF:0
FNH:0
LF:0
LH:0
BRF:0
BRH:0
end_of_record
TN:
SF:src\features\challenges\hooks.ts
FNF:0
FNH:0
LF:0
LH:0
BRF:0
BRH:0
end_of_record
TN:
SF:src\features\challenges\index.ts
FNF:0
FNH:0
LF:0
LH:0
BRF:0
BRH:0
end_of_record
TN:
SF:src\features\challenges\repository.ts
FNF:0
FNH:0
LF:0
LH:0
BRF:0
BRH:0
end_of_record
TN:
SF:src\features\challenges\schemas.ts
FNF:0
FNH:0
LF:0
LH:0
BRF:0
BRH:0
end_of_record
TN:
SF:src\features\challenges\service.ts
FNF:0
FNH:0
LF:0
LH:0
BRF:0
BRH:0
end_of_record
TN:
SF:src\features\challenges\types.ts
FNF:0
FNH:0
LF:0
LH:0
BRF:0
BRH:0
end_of_record
TN:
SF:src\features\challenges\analytics\events.ts
FNF:0
FNH:0
LF:0
LH:0
BRF:0
BRH:0
end_of_record
TN:
SF:src\features\challenges\analytics\health.ts
FNF:0
FNH:0
LF:0
LH:0
BRF:0
BRH:0
end_of_record
TN:
SF:src\features\challenges\analytics\index.ts
FNF:0
FNH:0
LF:0
LH:0
BRF:0
BRH:0
end_of_record
TN:
SF:src\features\challenges\analytics\metrics.ts
FNF:0
FNH:0
LF:0
LH:0
BRF:0
BRH:0
end_of_record
TN:
SF:src\features\challenges\components\ChallengeCard.tsx
FNF:0
FNH:0
LF:0
LH:0
BRF:0
BRH:0
end_of_record
TN:
SF:src\features\challenges\components\ChallengeHub.tsx
FNF:0
FNH:0
LF:0
LH:0
BRF:0
BRH:0
end_of_record
TN:
SF:src\features\challenges\components\ChallengeList.tsx
FNF:0
FNH:0
LF:0
LH:0
BRF:0
BRH:0
end_of_record
TN:
SF:src\features\challenges\components\NearMissIndicator.tsx
FNF:0
FNH:0
LF:0
LH:0
BRF:0
BRH:0
end_of_record
TN:
SF:src\features\challenges\components\index.ts
FNF:0
FNH:0
LF:0
LH:0
BRF:0
BRH:0
end_of_record
TN:
SF:src\features\challenges\utils\validation.ts
FNF:0
FNH:0
LF:0
LH:0
BRF:0
BRH:0
end_of_record
TN:
SF:src\features\companion\CompanionPersonalityEngine.ts
FNF:0
FNH:0
LF:0
LH:0
BRF:0
BRH:0
end_of_record
TN:
SF:src\features\companion\analytics.ts
FNF:0
FNH:0
LF:0
LH:0
BRF:0
BRH:0
end_of_record
TN:
SF:src\features\companion\index.ts
FNF:0
FNH:0
LF:0
LH:0
BRF:0
BRH:0
end_of_record
TN:
SF:src\features\companion\service.ts
FNF:0
FNH:0
LF:0
LH:0
BRF:0
BRH:0
end_of_record
TN:
SF:src\features\companion\session-storage.ts
FNF:0
FNH:0
LF:0
LH:0
BRF:0
BRH:0
end_of_record
TN:
SF:src\features\companion\types.ts
FNF:0
FNH:0
LF:0
LH:0
BRF:0
BRH:0
end_of_record
TN:
SF:src\features\companion\components\CompanionEvolutionCeremony.tsx
FNF:0
FNH:0
LF:0
LH:0
BRF:0
BRH:0
end_of_record
TN:
SF:src\features\companion\components\LivingCompanion.tsx
FNF:0
FNH:0
LF:0
LH:0
BRF:0
BRH:0
end_of_record
TN:
SF:src\features\companion\hooks\useCompanionPersonality.ts
FNF:0
FNH:0
LF:0
LH:0
BRF:0
BRH:0
end_of_record
TN:
SF:src\features\content-study\ContentStudyService.ts
FNF:0
FNH:0
LF:0
LH:0
BRF:0
BRH:0
end_of_record
TN:
SF:src\features\content-study\analytics.ts
FNF:0
FNH:0
LF:0
LH:0
BRF:0
BRH:0
end_of_record
TN:
SF:src\features\content-study\constants.ts
FNF:0
FNH:0
LF:0
LH:0
BRF:0
BRH:0
end_of_record
TN:
SF:src\features\content-study\errors.ts
FNF:0
FNH:0
LF:0
LH:0
BRF:0
BRH:0
end_of_record
TN:
SF:src\features\content-study\events.ts
FNF:0
FNH:0
LF:0
LH:0
BRF:0
BRH:0
end_of_record
TN:
SF:src\features\content-study\hooks.ts
FNF:0
FNH:0
LF:0
LH:0
BRF:0
BRH:0
end_of_record
TN:
[...]
FNF:0
FNH:0
LF:0
LH:0
BRF:0
BRH:0
end_of_record
TN:
SF:src\screens\session\utils\session-complete-utils.ts
FNF:0
FNH:0
LF:0
LH:0
BRF:0
BRH:0
end_of_record
TN:
SF:src\screens\session\utils\session-setup.ts
FNF:0
FNH:0
LF:0
LH:0
BRF:0
BRH:0
end_of_record
TN:
SF:src\screens\settings\AccountSettingsScreen.tsx
FNF:0
FNH:0
LF:0
LH:0
BRF:0
BRH:0
end_of_record
TN:
SF:src\screens\settings\AppearanceSettingsScreen.tsx
FNF:0
FNH:0
LF:0
LH:0
BRF:0
BRH:0
end_of_record
TN:
SF:src\screens\settings\CoachSettingsScreen.tsx
FNF:0
FNH:0
LF:0
LH:0
BRF:0
BRH:0
end_of_record
TN:
SF:src\screens\settings\NotificationSettingsScreen.tsx
FNF:0
FNH:0
LF:0
LH:0
BRF:0
BRH:0
end_of_record
TN:
SF:src\screens\settings\PrivacySettingsScreen.tsx
FNF:0
FNH:0
LF:0
LH:0
BRF:0
BRH:0
end_of_record
TN:
SF:src\screens\settings\SettingsScreen.tsx
FNF:0
FNH:0
LF:0
LH:0
BRF:0
BRH:0
end_of_record
TN:
SF:src\screens\settings\index.ts
FNF:0
FNH:0
LF:0
LH:0
BRF:0
BRH:0
end_of_record
TN:
SF:src\screens\social\SocialScreen.tsx
FN:9,(anonymous_0)
FNF:1
FNH:0
FNDA:0,(anonymous_0)
DA:9,0
DA:10,0
LF:2
LH:0
BRF:0
BRH:0
end_of_record
TN:
SF:src\screens\streaks\StreakFuneralScreen.tsx
FNF:0
FNH:0
LF:0
LH:0
BRF:0
BRH:0
end_of_record
TN:
SF:src\services\auth.ts
FNF:0
FNH:0
LF:0
LH:0
BRF:0
BRH:0
end_of_record
TN:
SF:src\services\index.ts
FNF:0
FNH:0
LF:0
LH:0
BRF:0
BRH:0
end_of_record
TN:
SF:src\services\realtime.ts
FNF:0
FNH:0
LF:0
LH:0
BRF:0
BRH:0
end_of_record
TN:
SF:src\services\supabaseAuth.ts
FNF:0
FNH:0
LF:0
LH:0
BRF:0
BRH:0
end_of_record
TN:
SF:src\session\FocusTechniques.ts
FNF:0
FNH:0
LF:0
LH:0
BRF:0
BRH:0
end_of_record
TN:
SF:src\session\SessionEventEmitter.ts
FNF:0
FNH:0
LF:0
LH:0
BRF:0
BRH:0
end_of_record
TN:
SF:src\session\SessionOrchestrator.ts
FNF:0
FNH:0
LF:0
LH:0
BRF:0
BRH:0
end_of_record
TN:
SF:src\session\SessionOrchestratorCombatAdapter.ts
FNF:0
FNH:0
LF:0
LH:0
BRF:0
BRH:0
end_of_record
TN:
SF:src\session\SessionPersistence.ts
FNF:0
FNH:0
LF:0
LH:0
BRF:0
BRH:0
end_of_record
TN:
SF:src\session\SessionService.ts
FNF:0
FNH:0
LF:0
LH:0
BRF:0
BRH:0
end_of_record
TN:
SF:src\session\index.ts
FNF:0
FNH:0
LF:0
LH:0
BRF:0
BRH:0
end_of_record
TN:
SF:src\session\modes-enhanced.ts
FNF:0
FNH:0
LF:0
LH:0
BRF:0
BRH:0
end_of_record
TN:
SF:src\session\modes-v2.ts
FNF:0
FNH:0
LF:0
LH:0
BRF:0
BRH:0
end_of_record
TN:
SF:src\session\modes.ts
FNF:0
FNH:0
LF:0
LH:0
BRF:0
BRH:0
end_of_record
TN:
SF:src\session\orchestrator-factory.ts
FNF:0
FNH:0
LF:0
LH:0
BRF:0
BRH:0
end_of_record
TN:
SF:src\session\orchestrator-types.ts
FNF:0
FNH:0
LF:0
LH:0
BRF:0
BRH:0
end_of_record
TN:
SF:src\session\analytics\SessionAnalytics.ts
FNF:0
FNH:0
LF:0
LH:0
BRF:0
BRH:0
end_of_record
TN:
SF:src\session\antiCheat\AntiCheatEngine.ts
FNF:0
FNH:0
LF:0
LH:0
BRF:0
BRH:0
end_of_record
TN:
SF:src\session\components\ActiveSessionHUD.tsx
FNF:0
FNH:0
LF:0
LH:0
BRF:0
BRH:0
end_of_record
TN:
SF:src\session\components\BossDamagePreview.tsx
FNF:0
FNH:0
LF:0
LH:0
BRF:0
BRH:0
end_of_record
TN:
SF:src\session\components\CheckpointCelebration.tsx
FNF:0
FNH:0
LF:0
LH:0
BRF:0
BRH:0
end_of_record
TN:
SF:src\session\components\ComboMeter.tsx
FNF:0
FNH:0
LF:0
LH:0
BRF:0
BRH:0
end_of_record
TN:
SF:src\session\components\CompanionSessionLayer.tsx
FNF:0
FNH:0
LF:0
LH:0
BRF:0
BRH:0
end_of_record
TN:
SF:src\session\components\CreativeMoodLogger.tsx
FNF:0
FNH:0
LF:0
LH:0
BRF:0
BRH:0
end_of_record
TN:
SF:src\session\components\DeepWorkVignette.tsx
FNF:0
FNH:0
LF:0
LH:0
BRF:0
BRH:0
end_of_record
TN:
SF:src\session\components\InterruptionWarning.tsx
FNF:0
FNH:0
LF:0
LH:0
BRF:0
BRH:0
end_of_record
TN:
SF:src\session\components\ModeIndicatorBadge.tsx
FNF:0
FNH:0
LF:0
LH:0
BRF:0
BRH:0
end_of_record
TN:
SF:src\session\components\PurityHUD.tsx
FNF:0
FNH:0
LF:0
LH:0
BRF:0
BRH:0
end_of_record
TN:
SF:src\session\components\QualityIndicator.tsx
FNF:0
FNH:0
LF:0
LH:0
BRF:0
BRH:0
end_of_record
TN:
SF:src\session\components\RecoveryPrompt.tsx
FNF:0
FNH:0
LF:0
LH:0
BRF:0
BRH:0
end_of_record
TN:
SF:src\session\components\SessionControls.tsx
FNF:0
FNH:0
LF:0
LH:0
BRF:0
BRH:0
end_of_record
TN:
SF:src\session\components\SessionHistory.tsx
FNF:0
FNH:0
LF:0
LH:0
BRF:0
BRH:0
end_of_record
TN:
SF:src\session\components\SessionPresets.tsx
FNF:0
FNH:0
LF:0
LH:0
BRF:0
BRH:0
end_of_record
TN:
SF:src\session\components\SessionSummary.tsx
FNF:0
FNH:0
LF:0
LH:0
BRF:0
BRH:0
end_of_record
TN:
SF:src\session\components\SessionTimer.tsx
FNF:0
FNH:0
LF:0
LH:0
BRF:0
BRH:0
end_of_record
TN:
SF:src\session\components\SessionValidationFeedback.tsx
FNF:0
FNH:0
LF:0
LH:0
BRF:0
BRH:0
end_of_record
TN:
SF:src\session\components\SquadSyncIndicator.tsx
FNF:0
FNH:0
LF:0
LH:0
BRF:0
BRH:0
end_of_record
TN:
SF:src\session\components\index.ts
FNF:0
FNH:0
LF:0
LH:0
BRF:0
BRH:0
end_of_record
TN:
SF:src\session\components\states\SessionBackgroundedState.tsx
FNF:0
FNH:0
LF:0
LH:0
BRF:0
BRH:0
end_of_record
TN:
SF:src\session\components\states\SessionConflictState.tsx
FNF:0
FNH:0
LF:0
LH:0
BRF:0
BRH:0
end_of_record
TN:
SF:src\session\components\states\SessionDegradedState.tsx
FNF:0
FNH:0
LF:0
LH:0
BRF:0
BRH:0
end_of_record
TN:
SF:src\session\components\states\SessionEmptyState.tsx
FNF:0
FNH:0
LF:0
LH:0
BRF:0
BRH:0
end_of_record
TN:
SF:src\session\components\states\SessionErrorState.tsx
FNF:0
FNH:0
LF:0
LH:0
BRF:0
BRH:0
end_of_record
TN:
SF:src\session\components\states\SessionLoadingState.tsx
FNF:0
FNH:0
LF:0
LH:0
BRF:0
BRH:0
end_of_record
TN:
SF:src\session\components\states\index.ts
FNF:0
FNH:0
LF:0
LH:0
BRF:0
BRH:0
end_of_record
TN:
SF:src\session\engines\CompletionEngine.ts
FNF:0
FNH:0
LF:0
LH:0
BRF:0
BRH:0
end_of_record
TN:
SF:src\session\engines\ScoringEngine.ts
FNF:0
FNH:0
LF:0
LH:0
BRF:0
BRH:0
end_of_record
TN:
SF:src\session\engines\TimeCalculator.ts
FNF:0
FNH:0
LF:0
LH:0
BRF:0
BRH:0
end_of_record
TN:
SF:src\session\engines\TimerEngine.ts
FNF:0
FNH:0
LF:0
LH:0
BRF:0
BRH:0
end_of_record
TN:
SF:src\session\engines\scoring\BaseScoreCalculator.ts
FNF:0
FNH:0
LF:0
LH:0
BRF:0
BRH:0
end_of_record
TN:
SF:src\session\engines\scoring\BonusCalculator.ts
FNF:0
FNH:0
LF:0
LH:0
BRF:0
BRH:0
end_of_record
TN:
SF:src\session\engines\scoring\PenaltyCalculator.ts
FNF:0
FNH:0
LF:0
LH:0
BRF:0
BRH:0
end_of_record
TN:
SF:src\session\hooks\useSession.ts
FNF:0
FNH:0
LF:0
LH:0
BRF:0
BRH:0
end_of_record
TN:
SF:src\session\hooks\useSessionTimer.ts
FNF:0
FNH:0
LF:0
LH:0
BRF:0
BRH:0
end_of_record
TN:
SF:src\session\integration\RewardAdapter.ts
FNF:0
FNH:0
LF:0
LH:0
BRF:0
BRH:0
end_of_record
TN:
SF:src\session\integration\SessionBossIntegration.ts
FNF:0
FNH:0
LF:0
LH:0
BRF:0
BRH:0
end_of_record
TN:
SF:src\session\integration\SessionCoachIntegration.ts
FNF:0
FNH:0
LF:0
LH:0
BRF:0
BRH:0
end_of_record
TN:
SF:src\session\integration\SessionCompletionOrchestrator.ts
FNF:0
FNH:0
LF:0
LH:0
BRF:0
BRH:0
end_of_record
TN:
SF:src\session\integration\SessionRewardIntegration.ts
FNF:0
FNH:0
LF:0
LH:0
BRF:0
BRH:0
end_of_record
TN:
SF:src\session\integration\session-progression-award.ts
FNF:0
FNH:0
LF:0
LH:0
BRF:0
BRH:0
end_of_record
TN:
SF:src\session\integration\session-reward-helpers.ts
FNF:0
FNH:0
LF:0
LH:0
BRF:0
BRH:0
end_of_record
TN:
SF:src\session\integration\session-reward-types.ts
FNF:0
FNH:0
LF:0
LH:0
BRF:0
BRH:0
end_of_record
TN:
SF:src\session\notifications\SessionNotifications.ts
FNF:0
FNH:0
LF:0
LH:0
BRF:0
BRH:0
end_of_record
TN:
SF:src\session\presets\index.ts
FNF:0
FNH:0
LF:0
LH:0
BRF:0
BRH:0
end_of_record
TN:
SF:src\session\recovery\RecoveryService.ts
FNF:0
FNH:0
LF:0
LH:0
BRF:0
BRH:0
end_of_record
TN:
SF:src\session\repository\SessionRepository.ts
FNF:0
FNH:0
LF:0
LH:0
BRF:0
BRH:0
end_of_record
TN:
SF:src\session\services\SessionLifecycleService.ts
FNF:0
FNH:0
LF:0
LH:0
BRF:0
BRH:0
end_of_record
TN:
SF:src\session\services\SessionTimerService.ts
FNF:0
FNH:0
LF:0
LH:0
BRF:0
BRH:0
end_of_record
TN:
SF:src\session\types\events.ts
FNF:0
FNH:0
LF:0
LH:0
BRF:0
BRH:0
end_of_record
TN:
SF:src\session\types\index.ts
FNF:0
FNH:0
LF:0
LH:0
BRF:0
BRH:0
end_of_record
TN:
SF:src\session\types\study-session.ts
FNF:0
FNH:0
LF:0
LH:0
BRF:0
BRH:0
end_of_record
TN:
SF:src\session\utils\RetryStrategy.ts
FNF:0
FNH:0
LF:0
LH:0
BRF:0
BRH:0
end_of_record
TN:
SF:src\session\utils\StateMachine.ts
FNF:0
FNH:0
LF:0
LH:0
BRF:0
BRH:0
end_of_record
TN:
SF:src\session\utils\idGenerator.ts
FNF:0
FNH:0
LF:0
LH:0
BRF:0
BRH:0
end_of_record
TN:
SF:src\session\utils\index.ts
FNF:0
FNH:0
LF:0
LH:0
BRF:0
BRH:0
end_of_record
TN:
SF:src\session\utils\persistence.ts
FNF:0
FNH:0
LF:0
LH:0
BRF:0
BRH:0
end_of_record
TN:
SF:src\session\utils\validation.ts
FNF:0
FNH:0
LF:0
LH:0
BRF:0
BRH:0
end_of_record
TN:
SF:src\session\validation\schemas.ts
FNF:0
FNH:0
LF:0
LH:0
BRF:0
BRH:0
end_of_record
TN:
SF:src\shared\index.ts
FNF:0
FNH:0
LF:0
LH:0
BRF:0
BRH:0
end_of_record
TN:
SF:src\shared\accessibility\contrast-checker.ts
FNF:0
FNH:0
LF:0
LH:0
BRF:0
BRH:0
end_of_record
TN:
SF:src\shared\accessibility\index.ts
FNF:0
FNH:0
LF:0
LH:0
BRF:0
BRH:0
end_of_record
TN:
SF:src\shared\ai\ai-client-contracts.ts
FNF:0
FNH:0
LF:0
LH:0
BRF:0
BRH:0
end_of_record
TN:
SF:src\shared\ai\ai-constants.ts
FNF:0
FNH:0
LF:0
LH:0
BRF:0
BRH:0
end_of_record
TN:
SF:src\shared\ai\ai-events.ts
FNF:0
FNH:0
LF:0
LH:0
BRF:0
BRH:0
end_of_record
TN:
SF:src\shared\ai\ai-types.ts
FNF:0
FNH:0
LF:0
LH:0
BRF:0
BRH:0
end_of_record
TN:
SF:src\shared\ai\edge-client.ts
FNF:0
FNH:0
LF:0
LH:0
BRF:0
BRH:0
end_of_record
TN:
SF:src\shared\ai\edge-function-service.ts
FNF:0
FNH:0
LF:0
LH:0
BRF:0
BRH:0
end_of_record
TN:
SF:src\shared\ai\index.ts
FNF:0
FNH:0
LF:0
LH:0
BRF:0
BRH:0
end_of_record
TN:
SF:src\shared\analytics\advanced-analytics.ts
FNF:0
FNH:0
LF:0
LH:0
BRF:0
BRH:0
end_of_record
TN:
SF:src\shared\analytics\analytics-events.ts
FNF:0
FNH:0
LF:0
LH:0
BRF:0
BRH:0
end_of_record
TN:
SF:src\shared\analytics\analytics-service.ts
FNF:0
FNH:0
LF:0
LH:0
BRF:0
BRH:0
end_of_record
TN:
SF:src\shared\analytics\event-bus-bridge.ts
FNF:0
FNH:0
LF:0
LH:0
BRF:0
BRH:0
end_of_record
TN:
SF:src\shared\analytics\index.ts
FNF:0
FNH:0
LF:0
LH:0
BRF:0
BRH:0
end_of_record
TN:
SF:src\shared\analytics\privacy.ts
FNF:0
FNH:0
LF:0
LH:0
BRF:0
BRH:0
end_of_record
TN:
SF:src\shared\analytics\product-events.ts
FNF:0
FNH:0
LF:0
LH:0
BRF:0
BRH:0
end_of_record
TN:
SF:src\shared\analytics\sentry-alerts.ts
FNF:0
FNH:0
LF:0
LH:0
BRF:0
BRH:0
end_of_record
TN:
SF:src\shared\analytics\use-analytics.ts
FNF:0
FNH:0
LF:0
LH:0
BRF:0
BRH:0
end_of_record
TN:
SF:src\shared\feedback\HapticEngine.ts
FNF:0
FNH:0
LF:0
LH:0
BRF:0
BRH:0
end_of_record
TN:
SF:src\shared\feedback\index.ts
FNF:0
FNH:0
LF:0
LH:0
BRF:0
BRH:0
end_of_record
TN:
SF:src\shared\hardening\index.ts
FNF:0
FNH:0
LF:0
LH:0
BRF:0
BRH:0
end_of_record
TN:
SF:src\shared\hooks\useOfflineAwareMutation.ts
FNF:0
FNH:0
LF:0
LH:0
BRF:0
BRH:0
end_of_record
TN:
SF:src\shared\monetization\entitlements.ts
FNF:0
FNH:0
LF:0
LH:0
BRF:0
BRH:0
end_of_record
TN:
SF:src\shared\monetization\index.ts
FNF:0
FNH:0
LF:0
LH:0
BRF:0
BRH:0
end_of_record
TN:
SF:src\shared\monetization\purchase-events.ts
FNF:0
FNH:0
LF:0
LH:0
BRF:0
BRH:0
end_of_record
TN:
SF:src\shared\monetization\revenuecat-service.ts
FNF:0
FNH:0
LF:0
LH:0
BRF:0
BRH:0
end_of_record
TN:
SF:src\shared\monetization\revenuecat-types.ts
FNF:0
FNH:0
LF:0
LH:0
BRF:0
BRH:0
end_of_record
TN:
SF:src\shared\monetization\use-revenuecat.ts
FNF:0
FNH:0
LF:0
LH:0
BRF:0
BRH:0
end_of_record
TN:
SF:src\shared\monetization\components\ContextualPaywallBanner.tsx
FNF:0
FNH:0
LF:0
LH:0
BRF:0
BRH:0
end_of_record
TN:
SF:src\shared\monetization\components\PurchaseErrorState.tsx
FNF:0
FNH:0
LF:0
LH:0
BRF:0
BRH:0
end_of_record
TN:
SF:src\shared\monetization\components\PurchaseLoadingState.tsx
FNF:0
FNH:0
LF:0
LH:0
BRF:0
BRH:0
end_of_record
TN:
SF:src\shared\monetization\components\VipPaywallScreen.styles.ts
FNF:0
FNH:0
LF:0
LH:0
BRF:0
BRH:0
end_of_record
TN:
SF:src\shared\monetization\components\VipPaywallScreen.tsx
FNF:0
FNH:0
LF:0
LH:0
BRF:0
BRH:0
end_of_record
TN:
SF:src\shared\monetization\repository\PurchaseRepository.ts
FNF:0
FNH:0
LF:0
LH:0
BRF:0
BRH:0
end_of_record
TN:
SF:src\shared\monetization\repository\index.ts
FNF:0
FNH:0
LF:0
LH:0
BRF:0
BRH:0
end_of_record
TN:
SF:src\shared\monetization\utils\index.ts
FNF:0
FNH:0
LF:0
LH:0
BRF:0
BRH:0
end_of_record
TN:
SF:src\shared\monetization\utils\validation.ts
FNF:0
FNH:0
LF:0
LH:0
BRF:0
BRH:0
end_of_record
TN:
SF:src\shared\performance\index.ts
FNF:0
FNH:0
LF:0
LH:0
BRF:0
BRH:0
end_of_record
TN:
SF:src\shared\retrieval\index.ts
FNF:0
FNH:0
LF:0
LH:0
BRF:0
BRH:0
end_of_record
TN:
SF:src\shared\retrieval\retrieval-client-contracts.ts
FNF:0
FNH:0
LF:0
LH:0
BRF:0
BRH:0
end_of_record
TN:
SF:src\shared\retrieval\retrieval-constants.ts
FNF:0
FNH:0
LF:0
LH:0
BRF:0
BRH:0
end_of_record
TN:
SF:src\shared\retrieval\retrieval-events.ts
FNF:0
FNH:0
LF:0
LH:0
BRF:0
BRH:0
end_of_record
TN:
SF:src\shared\retrieval\retrieval-types.ts
FNF:0
FNH:0
LF:0
LH:0
BRF:0
BRH:0
end_of_record
TN:
SF:src\shared\ui\PremiumErrorRecovery.tsx
FNF:0
FNH:0
LF:0
LH:0
BRF:0
BRH:0
end_of_record
TN:
SF:src\shared\ui\PremiumPullToRefresh.tsx
FNF:0
FNH:0
LF:0
LH:0
BRF:0
BRH:0
end_of_record
TN:
SF:src\shared\ui\SmartOfflineIndicator.tsx
FNF:0
FNH:0
LF:0
LH:0
BRF:0
BRH:0
end_of_record
TN:
SF:src\shared\ui\create-sheet.ts
FNF:0
FNH:0
LF:0
LH:0
BRF:0
BRH:0
end_of_record
TN:
SF:src\shared\ui\state-components.tsx
FNF:0
FNH:0
LF:0
LH:0
BRF:0
BRH:0
end_of_record
TN:
SF:src\shared\ui\components\AnimatedCounter.tsx
FNF:0
FNH:0
LF:0
LH:0
BRF:0
BRH:0
end_of_record
TN:
SF:src\shared\ui\components\DataList.tsx
FNF:0
FNH:0
LF:0
LH:0
BRF:0
BRH:0
end_of_record
TN:
SF:src\shared\ui\components\DataListFlashList.tsx
FNF:0
FNH:0
LF:0
LH:0
BRF:0
BRH:0
end_of_record
TN:
SF:src\shared\ui\components\EmptyState.tsx
FNF:0
FNH:0
LF:0
LH:0
BRF:0
BRH:0
end_of_record
TN:
SF:src\shared\ui\components\EnhancedSkeleton.tsx
FNF:0
FNH:0
LF:0
LH:0
BRF:0
BRH:0
end_of_record
TN:
SF:src\shared\ui\components\EnterAnimation.tsx
FNF:0
FNH:0
LF:0
LH:0
BRF:0
BRH:0
end_of_record
TN:
SF:src\shared\ui\components\FormField.tsx
FNF:0
FNH:0
LF:0
LH:0
BRF:0
BRH:0
end_of_record
TN:
SF:src\shared\ui\components\InteractiveCard.tsx
FNF:0
FNH:0
LF:0
LH:0
BRF:0
BRH:0
end_of_record
TN:
SF:src\shared\ui\components\MicroRewardBanner.tsx
FNF:0
FNH:0
LF:0
LH:0
BRF:0
BRH:0
end_of_record
TN:
SF:src\shared\ui\components\OfflineBanner.tsx
FNF:0
FNH:0
LF:0
LH:0
BRF:0
BRH:0
end_of_record
TN:
SF:src\shared\ui\components\ProgressSteps.tsx
FNF:0
FNH:0
LF:0
LH:0
BRF:0
BRH:0
end_of_record
TN:
SF:src\shared\ui\components\ScreenErrorBoundary.tsx
FNF:0
FNH:0
LF:0
LH:0
BRF:0
BRH:0
end_of_record
TN:
SF:src\shared\ui\components\StatusFeedback.tsx
FNF:0
FNH:0
LF:0
LH:0
BRF:0
BRH:0
end_of_record
TN:
SF:src\shared\ui\components\TabBar.tsx
FNF:0
FNH:0
LF:0
LH:0
BRF:0
BRH:0
end_of_record
TN:
SF:src\shared\ui\components\Toast.tsx
FNF:0
FNH:0
LF:0
LH:0
BRF:0
BRH:0
end_of_record
TN:
SF:src\shared\ui\components\TransitionWrapper.tsx
FNF:0
FNH:0
LF:0
LH:0
BRF:0
BRH:0
end_of_record
TN:
SF:src\shared\ui\components\WittyLoadingState.tsx
FNF:0
FNH:0
LF:0
LH:0
BRF:0
BRH:0
end_of_record
TN:
SF:src\shared\ui\components\index.ts
FNF:0
FNH:0
LF:0
LH:0
BRF:0
BRH:0
end_of_record
TN:
SF:src\shared\ui\hooks\useAnimation.ts
FNF:0
FNH:0
LF:0
LH:0
BRF:0
BRH:0
end_of_record
TN:
SF:src\shared\ui\hooks\useReanimated.ts
FNF:0
FNH:0
LF:0
LH:0
BRF:0
BRH:0
end_of_record
TN:
SF:src\shared\ui\primitives\EmptyState.tsx
FNF:0
FNH:0
LF:0
LH:0
BRF:0
BRH:0
end_of_record
TN:
SF:src\shared\ui\primitives\LoadingOverlay.tsx
FNF:0
FNH:0
LF:0
LH:0
BRF:0
BRH:0
end_of_record
TN:
SF:src\shared\ui\primitives\Skeleton.tsx
FNF:0
FNH:0
LF:0
LH:0
BRF:0
BRH:0
end_of_record
TN:
SF:src\shared\ui\primitives\index.ts
FNF:0
FNH:0
LF:0
LH:0
BRF:0
BRH:0
end_of_record
TN:
SF:src\shared\utils\rarity.ts
FNF:0
FNH:0
LF:0
LH:0
BRF:0
BRH:0
end_of_record
TN:
SF:src\shared\utils\validation.ts
FNF:0
FNH:0
LF:0
LH:0
BRF:0
BRH:0
end_of_record
TN:
SF:src\store\index.ts
FNF:0
FNH:0
LF:0
LH:0
BRF:0
BRH:0
end_of_record
TN:
SF:src\store\mmkv-storage.ts
FNF:0
FNH:0
LF:0
LH:0
BRF:0
BRH:0
end_of_record
TN:
SF:src\store\session-state.ts
FNF:0
FNH:0
LF:0
LH:0
BRF:0
BRH:0
end_of_record
TN:
SF:src\streaks\StreakService.ts
FNF:0
FNH:0
LF:0
LH:0
BRF:0
BRH:0
end_of_record
TN:
SF:src\streaks\index.ts
FNF:0
FNH:0
LF:0
LH:0
BRF:0
BRH:0
end_of_record
TN:
SF:src\supabase\client.ts
FNF:0
FNH:0
LF:0
LH:0
BRF:0
BRH:0
end_of_record
TN:
SF:src\theme\ThemeContext.tsx
FNF:0
FNH:0
LF:0
LH:0
BRF:0
BRH:0
end_of_record
TN:
SF:src\theme\ThemeService.ts
FNF:0
FNH:0
LF:0
LH:0
BRF:0
BRH:0
end_of_record
TN:
SF:src\theme\config.ts
FNF:0
FNH:0
LF:0
LH:0
BRF:0
BRH:0
end_of_record
TN:
SF:src\theme\createTheme.ts
FNF:0
FNH:0
LF:0
LH:0
BRF:0
BRH:0
end_of_record
TN:
SF:src\theme\index.ts
FNF:0
FNH:0
LF:0
LH:0
BRF:0
BRH:0
end_of_record
TN:
SF:src\theme\responsive.ts
FNF:0
FNH:0
LF:0
LH:0
BRF:0
BRH:0
end_of_record
TN:
SF:src\theme\types.ts
FNF:0
FNH:0
LF:0
LH:0
BRF:0
BRH:0
end_of_record
TN:
SF:src\theme\tokens\colors.ts
FNF:0
FNH:0
LF:0
LH:0
BRF:0
BRH:0
end_of_record
TN:
SF:src\theme\tokens\index.ts
FNF:0
FNH:0
LF:0
LH:0
BRF:0
BRH:0
end_of_record
TN:
SF:src\theme\tokens\opacity.ts
FNF:0
FNH:0
LF:0
LH:0
BRF:0
BRH:0
end_of_record
TN:
SF:src\theme\tokens\radius.ts
FNF:0
FNH:0
LF:0
LH:0
BRF:0
BRH:0
end_of_record
TN:
SF:src\theme\tokens\shadows.ts
FNF:0
FNH:0
LF:0
LH:0
BRF:0
BRH:0
end_of_record
TN:
SF:src\theme\tokens\sizing.ts
FNF:0
FNH:0
LF:0
LH:0
BRF:0
BRH:0
end_of_record
TN:
SF:src\theme\tokens\spacing.ts
FNF:0
FNH:0
LF:0
LH:0
BRF:0
BRH:0
end_of_record
TN:
SF:src\theme\tokens\timing.ts
FNF:0
FNH:0
LF:0
LH:0
BRF:0
BRH:0
end_of_record
TN:
SF:src\theme\tokens\typography.ts
FNF:0
FNH:0
LF:0
LH:0
BRF:0
BRH:0
end_of_record
TN:
SF:src\theme\tokens\zIndex.ts
FNF:0
FNH:0
LF:0
LH:0
BRF:0
BRH:0
end_of_record
TN:
SF:src\types\api.ts
FNF:0
FNH:0
LF:0
LH:0
BRF:0
BRH:0
end_of_record
TN:
SF:src\types\consolidated.ts
FNF:0
FNH:0
LF:0
LH:0
BRF:0
BRH:0
end_of_record
TN:
SF:src\types\global.ts
FNF:0
FNH:0
LF:0
LH:0
BRF:0
BRH:0
end_of_record
TN:
SF:src\types\index.ts
FNF:0
FNH:0
LF:0
LH:0
BRF:0
BRH:0
end_of_record
TN:
SF:src\types\models.ts
FNF:0
FNH:0
LF:0
LH:0
BRF:0
BRH:0
end_of_record
TN:
SF:src\types\navigation.ts
FNF:0
FNH:0
LF:0
LH:0
BRF:0
BRH:0
end_of_record
TN:
SF:src\types\supabase.ts
FNF:0
FNH:0
LF:0
LH:0
BRF:0
BRH:0
end_of_record
TN:
SF:src\utils\date.ts
FNF:0
FNH:0
LF:0
LH:0
BRF:0
BRH:0
end_of_record
TN:
SF:src\utils\dateFns.ts
FNF:0
FNH:0
LF:0
LH:0
BRF:0
BRH:0
end_of_record
TN:
SF:src\utils\debug.ts
FNF:0
FNH:0
LF:0
LH:0
BRF:0
BRH:0
end_of_record
TN:
SF:src\utils\haptics.ts
FNF:0
FNH:0
LF:0
LH:0
BRF:0
BRH:0
end_of_record
TN:
SF:src\utils\index.ts
FNF:0
FNH:0
LF:0
LH:0
BRF:0
BRH:0
end_of_record
TN:
SF:src\utils\performance-monitor.ts
FNF:0
FNH:0
LF:0
LH:0
BRF:0
BRH:0
end_of_record
TN:
SF:src\utils\rate-limiter.ts
FNF:0
FNH:0
LF:0
LH:0
BRF:0
BRH:0
end_of_record
TN:
SF:src\utils\silent-failure.ts
FNF:0
FNH:0
LF:0
LH:0
BRF:0
BRH:0
end_of_record
TN:
SF:src\utils\string.ts
FNF:0
FNH:0
LF:0
LH:0
BRF:0
BRH:0
end_of_record
TN:
SF:src\utils\touchTarget.ts
FNF:0
FNH:0
LF:0
LH:0
BRF:0
BRH:0
end_of_record
TN:
SF:src\utils\uuid.ts
FNF:0
FNH:0
LF:0
LH:0
BRF:0
BRH:0
end_of_record
TN:
SF:src\validation\apiValidation.ts
FNF:0
FNH:0
LF:0
LH:0
BRF:0
BRH:0
end_of_record
TN:
SF:src\validation\authValidation.ts
FNF:0
FNH:0
LF:0
LH:0
BRF:0
BRH:0
end_of_record
TN:
SF:src\validation\businessValidation.ts
FNF:0
FNH:0
LF:0
LH:0
BRF:0
BRH:0
end_of_record
TN:
SF:src\validation\dataValidation.ts
FNF:0
FNH:0
LF:0
LH:0
BRF:0
BRH:0
end_of_record
TN:
SF:src\validation\formValidation.ts
FNF:0
FNH:0
LF:0
LH:0
BRF:0
BRH:0
end_of_record
TN:
SF:src\validation\index.ts
FNF:0
FNH:0
LF:0
LH:0
BRF:0
BRH:0
end_of_record
TN:
SF:src\validation\performanceValidation.ts
FNF:0
FNH:0
LF:0
LH:0
BRF:0
BRH:0
end_of_record
TN:
SF:src\validation\schemas.ts
FNF:0
FNH:0
LF:0
LH:0
BRF:0
BRH:0
end_of_record
TN:
SF:src\validation\securityValidation.ts
FNF:0
FNH:0
LF:0
LH:0
BRF:0
BRH:0
end_of_record
TN:
SF:src\validation\userValidation.ts
FNF:0
FNH:0
LF:0
LH:0
BRF:0
BRH:0
end_of_record
TN:
SF:src\validation\validationIndex.ts
FNF:0
FNH:0
LF:0
LH:0
BRF:0
BRH:0
end_of_record
